==========================================
STAGE 5ALPHA LOG FILE INITIALIZED
Timestamp: Tue Dec 16 03:14:27 EST 2025
Log file: /gpfs/accounts/si670f25_class_root/si670f25_class/santoshd/fvc/logs/stage5/stage5alpha_38451622.log
==========================================
Executing command...
Python: /gpfs/accounts/si670f25_class_root/si670f25_class/santoshd/fvc/venv/bin/python3
Script: /gpfs/accounts/si670f25_class_root/si670f25_class/santoshd/fvc/src/scripts/train_sklearn_logreg.py
Arguments: --project-root /gpfs/accounts/si670f25_class_root/si670f25_class/santoshd/fvc --scaled-metadata /gpfs/accounts/si670f25_class_root/si670f25_class/santoshd/fvc/data/scaled_videos/scaled_metadata.arrow --features-stage2 /gpfs/accounts/si670f25_class_root/si670f25_class/santoshd/fvc/data/features_stage2/features_metadata.arrow --features-stage4 /gpfs/accounts/si670f25_class_root/si670f25_class/santoshd/fvc/data/features_stage4/features_scaled_metadata.arrow --output-dir data/stage5/sklearn_logreg --n-splits 5 --delete-existing
==========================================
2025-12-16 03:15:19,610 [INFO] [__main__:93] ================================================================================
2025-12-16 03:15:19,610 [INFO] [__main__:94] STAGE 5ALPHA: sklearn LogisticRegression Training Script Starting
2025-12-16 03:15:19,610 [INFO] [__main__:95] ================================================================================
2025-12-16 03:15:19,610 [INFO] [__main__:689] Parsing command line arguments...
2025-12-16 03:15:19,614 [INFO] [__main__:708] Arguments parsed successfully:
2025-12-16 03:15:19,614 [INFO] [__main__:709]   project-root: /gpfs/accounts/si670f25_class_root/si670f25_class/santoshd/fvc
2025-12-16 03:15:19,614 [INFO] [__main__:710]   scaled-metadata: /gpfs/accounts/si670f25_class_root/si670f25_class/santoshd/fvc/data/scaled_videos/scaled_metadata.arrow
2025-12-16 03:15:19,615 [INFO] [__main__:711]   features-stage2: /gpfs/accounts/si670f25_class_root/si670f25_class/santoshd/fvc/data/features_stage2/features_metadata.arrow
2025-12-16 03:15:19,615 [INFO] [__main__:712]   features-stage4: /gpfs/accounts/si670f25_class_root/si670f25_class/santoshd/fvc/data/features_stage4/features_scaled_metadata.arrow
2025-12-16 03:15:19,615 [INFO] [__main__:713]   output-dir: data/stage5/sklearn_logreg
2025-12-16 03:15:19,615 [INFO] [__main__:714]   n-splits: 5
2025-12-16 03:15:19,615 [INFO] [__main__:715]   delete-existing: True
2025-12-16 03:15:19,628 [INFO] [__main__:160] Deleted existing output directory (clean mode): /gpfs/accounts/si670f25_class_root/si670f25_class/santoshd/fvc/data/stage5/sklearn_logreg
2025-12-16 03:15:19,628 [INFO] [__main__:170] Loading scaled metadata...
2025-12-16 03:15:20,213 [INFO] [__main__:182] Data validation passed: 3278 rows (> 3000 required)
2025-12-16 03:15:20,214 [INFO] [__main__:184] ✓ Data validation check successful
2025-12-16 03:15:20,463 [INFO] [__main__:209] Labels: [0, 1] -> {0: 0, 1: 1}
2025-12-16 03:15:20,463 [INFO] [__main__:210] Loaded 3278 videos
2025-12-16 03:15:20,463 [INFO] [__main__:213] Loading features from Stage 2/4...
2025-12-16 03:15:20,467 [INFO] [lib.training.feature_preprocessing:320] Loading Stage 2 features...
2025-12-16 03:15:20,467 [INFO] [lib.training.feature_preprocessing:321] Stage 2 path: /gpfs/accounts/si670f25_class_root/si670f25_class/santoshd/fvc/data/features_stage2/features_metadata.arrow
2025-12-16 03:15:20,497 [INFO] [lib.training.feature_preprocessing:331] ✓ Loaded Stage 2 metadata: 3278 rows, 18 columns
2025-12-16 03:15:53,643 [INFO] [lib.training.feature_preprocessing:369] Converting Stage 2 features to numpy array...
2025-12-16 03:15:53,647 [INFO] [lib.training.feature_preprocessing:373] Stage 2 array shape: (3278, 15), dtype: float64
2025-12-16 03:15:53,647 [INFO] [lib.training.feature_preprocessing:376] Loaded 15 Stage 2 features (3278/3278 videos matched)
2025-12-16 03:15:53,651 [INFO] [lib.training.feature_preprocessing:403] Loading Stage 4 features...
2025-12-16 03:15:53,651 [INFO] [lib.training.feature_preprocessing:404] Stage 4 path: /gpfs/accounts/si670f25_class_root/si670f25_class/santoshd/fvc/data/features_stage4/features_scaled_metadata.arrow
2025-12-16 03:15:53,754 [INFO] [lib.training.feature_preprocessing:414] ✓ Loaded Stage 4 metadata: 3277 rows, 26 columns
2025-12-16 03:16:27,715 [INFO] [lib.training.feature_preprocessing:452] Converting Stage 4 features to numpy array...
2025-12-16 03:16:27,720 [INFO] [lib.training.feature_preprocessing:456] Stage 4 array shape: (3278, 23), dtype: float64
2025-12-16 03:16:27,720 [INFO] [lib.training.feature_preprocessing:459] Loaded 23 Stage 4 features (3277/3278 videos matched)
2025-12-16 03:16:27,720 [INFO] [lib.training.feature_preprocessing:488] Combining 2 feature arrays...
2025-12-16 03:16:27,720 [INFO] [lib.training.feature_preprocessing:489] Feature array shapes: [(3278, 15), (3278, 23)]
2025-12-16 03:16:27,720 [INFO] [lib.training.feature_preprocessing:494] Combined 38 features from 2 stages
2025-12-16 03:16:27,721 [INFO] [lib.training.feature_preprocessing:495] Combined feature matrix shape: (3278, 38), dtype: float64
2025-12-16 03:16:27,721 [INFO] [lib.training.feature_preprocessing:496] Combined feature matrix size: 0.95 MB
2025-12-16 03:16:27,721 [INFO] [lib.training.feature_preprocessing:517] Stage 2: 3278 videos, Stage 4: 3277 videos
2025-12-16 03:16:27,721 [INFO] [lib.training.feature_preprocessing:518] Intersection (videos with BOTH Stage 2 AND Stage 4): 3277 videos
2025-12-16 03:16:27,721 [INFO] [lib.training.feature_preprocessing:532] ✓ Found 3277 videos with valid features
2025-12-16 03:16:27,724 [INFO] [lib.training.feature_training_pipeline:186] Removing collinear features BEFORE data splits (to avoid data leakage)...
2025-12-16 03:16:27,725 [INFO] [lib.training.feature_training_pipeline:187]   Original feature count: 38
2025-12-16 03:16:27,751 [INFO] [lib.training.feature_preprocessing:77] Removed 2 features with zero variance
2025-12-16 03:16:27,754 [INFO] [lib.training.feature_preprocessing:141] Removed 10 collinear features (correlation >= 0.95)
2025-12-16 03:16:27,754 [INFO] [lib.training.feature_preprocessing:162] Final feature count: 26/38 (68.4% retained)
2025-12-16 03:16:27,754 [INFO] [lib.training.feature_training_pipeline:196]   Final feature count after collinearity removal: 26/38 (68.4% retained)
2025-12-16 03:16:27,755 [INFO] [__main__:232] Filtered to 3277 videos with valid features
2025-12-16 03:16:27,755 [INFO] [__main__:237] ✓ Loaded 26 features for 3277 videos
2025-12-16 03:16:27,755 [INFO] [__main__:238]   Input dimension: 26
2025-12-16 03:16:27,755 [INFO] [__main__:249] Creating 60-20-20 stratified train-val-test split...
2025-12-16 03:16:27,760 [INFO] [__main__:257] Train: 1966, Val: 655, Test: 656
2025-12-16 03:16:27,760 [INFO] [__main__:265] ================================================================================
2025-12-16 03:16:27,760 [INFO] [__main__:266] HYPERPARAMETER SEARCH: Using 20% stratified sample for efficiency
2025-12-16 03:16:27,760 [INFO] [__main__:267] ================================================================================
2025-12-16 03:16:27,763 [INFO] [__main__:285] Hyperparameter search sample: 524 rows (20.0% of 2621 total)
2025-12-16 03:16:27,763 [INFO] [__main__:286]   Sample train: 419, Sample val: 105
2025-12-16 03:16:27,763 [INFO] [__main__:315] Hyperparameter search: 60 combinations
2025-12-16 03:16:27,763 [INFO] [__main__:324] Scaling features for hyperparameter search (20% sample)...
2025-12-16 03:16:27,763 [INFO] [__main__:325] Sample train shape: (419, 26), dtype: float64
2025-12-16 03:16:27,764 [INFO] [__main__:342] Feature scaling completed for hyperparameter search. Scaled shape: (419, 26)
2025-12-16 03:16:27,764 [INFO] [__main__:360] Grid search 1/60: {'C': 0.01, 'max_iter': 1000, 'penalty': 'l1', 'solver': 'liblinear'}
2025-12-16 03:16:27,764 [INFO] [__main__:364] Training LogisticRegression with params: {'C': 0.01, 'max_iter': 1000, 'penalty': 'l1', 'solver': 'liblinear'} (20% sample)
2025-12-16 03:16:27,764 [INFO] [__main__:365] Training data: 419 samples, 26 features
2025-12-16 03:16:27,834 [INFO] [__main__:376] ✓ Model.fit() completed successfully
2025-12-16 03:16:27,834 [INFO] [__main__:388] Running model.predict_proba() on validation set (20% sample)...
2025-12-16 03:16:27,835 [INFO] [__main__:393] ✓ predict_proba() completed (shape: (105, 2))
2025-12-16 03:16:27,840 [INFO] [__main__:360] Grid search 2/60: {'C': 0.01, 'max_iter': 1000, 'penalty': 'l1', 'solver': 'saga'}
2025-12-16 03:16:27,841 [INFO] [__main__:364] Training LogisticRegression with params: {'C': 0.01, 'max_iter': 1000, 'penalty': 'l1', 'solver': 'saga'} (20% sample)
2025-12-16 03:16:27,841 [INFO] [__main__:365] Training data: 419 samples, 26 features
2025-12-16 03:16:27,953 [INFO] [__main__:376] ✓ Model.fit() completed successfully
2025-12-16 03:16:27,953 [INFO] [__main__:388] Running model.predict_proba() on validation set (20% sample)...
2025-12-16 03:16:27,954 [INFO] [__main__:393] ✓ predict_proba() completed (shape: (105, 2))
2025-12-16 03:16:27,958 [INFO] [__main__:360] Grid search 3/60: {'C': 0.01, 'max_iter': 1000, 'penalty': 'l2', 'solver': 'liblinear'}
2025-12-16 03:16:27,959 [INFO] [__main__:364] Training LogisticRegression with params: {'C': 0.01, 'max_iter': 1000, 'penalty': 'l2', 'solver': 'liblinear'} (20% sample)
2025-12-16 03:16:27,959 [INFO] [__main__:365] Training data: 419 samples, 26 features
2025-12-16 03:16:28,059 [INFO] [__main__:376] ✓ Model.fit() completed successfully
2025-12-16 03:16:28,059 [INFO] [__main__:388] Running model.predict_proba() on validation set (20% sample)...
2025-12-16 03:16:28,060 [INFO] [__main__:393] ✓ predict_proba() completed (shape: (105, 2))
2025-12-16 03:16:28,064 [INFO] [__main__:360] Grid search 4/60: {'C': 0.01, 'max_iter': 1000, 'penalty': 'l2', 'solver': 'saga'}
2025-12-16 03:16:28,065 [INFO] [__main__:364] Training LogisticRegression with params: {'C': 0.01, 'max_iter': 1000, 'penalty': 'l2', 'solver': 'saga'} (20% sample)
2025-12-16 03:16:28,065 [INFO] [__main__:365] Training data: 419 samples, 26 features
2025-12-16 03:16:28,073 [INFO] [__main__:376] ✓ Model.fit() completed successfully
2025-12-16 03:16:28,073 [INFO] [__main__:388] Running model.predict_proba() on validation set (20% sample)...
2025-12-16 03:16:28,074 [INFO] [__main__:393] ✓ predict_proba() completed (shape: (105, 2))
2025-12-16 03:16:28,076 [INFO] [__main__:360] Grid search 5/60: {'C': 0.01, 'l1_ratio': 0.1, 'max_iter': 1000, 'penalty': 'elasticnet', 'solver': 'saga'}
2025-12-16 03:16:28,076 [INFO] [__main__:364] Training LogisticRegression with params: {'C': 0.01, 'l1_ratio': 0.1, 'max_iter': 1000, 'penalty': 'elasticnet', 'solver': 'saga'} (20% sample)
2025-12-16 03:16:28,076 [INFO] [__main__:365] Training data: 419 samples, 26 features
2025-12-16 03:16:28,081 [INFO] [__main__:376] ✓ Model.fit() completed successfully
2025-12-16 03:16:28,081 [INFO] [__main__:388] Running model.predict_proba() on validation set (20% sample)...
2025-12-16 03:16:28,081 [INFO] [__main__:393] ✓ predict_proba() completed (shape: (105, 2))
2025-12-16 03:16:28,083 [INFO] [__main__:360] Grid search 6/60: {'C': 0.01, 'max_iter': 1000, 'penalty': 'l1', 'solver': 'liblinear'}
2025-12-16 03:16:28,083 [INFO] [__main__:364] Training LogisticRegression with params: {'C': 0.01, 'max_iter': 1000, 'penalty': 'l1', 'solver': 'liblinear'} (20% sample)
2025-12-16 03:16:28,083 [INFO] [__main__:365] Training data: 419 samples, 26 features
2025-12-16 03:16:28,084 [INFO] [__main__:376] ✓ Model.fit() completed successfully
2025-12-16 03:16:28,084 [INFO] [__main__:388] Running model.predict_proba() on validation set (20% sample)...
2025-12-16 03:16:28,084 [INFO] [__main__:393] ✓ predict_proba() completed (shape: (105, 2))
2025-12-16 03:16:28,086 [INFO] [__main__:360] Grid search 7/60: {'C': 0.01, 'max_iter': 1000, 'penalty': 'l1', 'solver': 'saga'}
2025-12-16 03:16:28,086 [INFO] [__main__:364] Training LogisticRegression with params: {'C': 0.01, 'max_iter': 1000, 'penalty': 'l1', 'solver': 'saga'} (20% sample)
2025-12-16 03:16:28,086 [INFO] [__main__:365] Training data: 419 samples, 26 features
2025-12-16 03:16:28,088 [INFO] [__main__:376] ✓ Model.fit() completed successfully
2025-12-16 03:16:28,088 [INFO] [__main__:388] Running model.predict_proba() on validation set (20% sample)...
2025-12-16 03:16:28,088 [INFO] [__main__:393] ✓ predict_proba() completed (shape: (105, 2))
2025-12-16 03:16:28,090 [INFO] [__main__:360] Grid search 8/60: {'C': 0.01, 'max_iter': 1000, 'penalty': 'l2', 'solver': 'liblinear'}
2025-12-16 03:16:28,090 [INFO] [__main__:364] Training LogisticRegression with params: {'C': 0.01, 'max_iter': 1000, 'penalty': 'l2', 'solver': 'liblinear'} (20% sample)
2025-12-16 03:16:28,090 [INFO] [__main__:365] Training data: 419 samples, 26 features
2025-12-16 03:16:28,092 [INFO] [__main__:376] ✓ Model.fit() completed successfully
2025-12-16 03:16:28,092 [INFO] [__main__:388] Running model.predict_proba() on validation set (20% sample)...
2025-12-16 03:16:28,092 [INFO] [__main__:393] ✓ predict_proba() completed (shape: (105, 2))
2025-12-16 03:16:28,094 [INFO] [__main__:360] Grid search 9/60: {'C': 0.01, 'max_iter': 1000, 'penalty': 'l2', 'solver': 'saga'}
2025-12-16 03:16:28,094 [INFO] [__main__:364] Training LogisticRegression with params: {'C': 0.01, 'max_iter': 1000, 'penalty': 'l2', 'solver': 'saga'} (20% sample)
2025-12-16 03:16:28,094 [INFO] [__main__:365] Training data: 419 samples, 26 features
2025-12-16 03:16:28,098 [INFO] [__main__:376] ✓ Model.fit() completed successfully
2025-12-16 03:16:28,098 [INFO] [__main__:388] Running model.predict_proba() on validation set (20% sample)...
2025-12-16 03:16:28,098 [INFO] [__main__:393] ✓ predict_proba() completed (shape: (105, 2))
2025-12-16 03:16:28,100 [INFO] [__main__:360] Grid search 10/60: {'C': 0.01, 'l1_ratio': 0.5, 'max_iter': 1000, 'penalty': 'elasticnet', 'solver': 'saga'}
2025-12-16 03:16:28,100 [INFO] [__main__:364] Training LogisticRegression with params: {'C': 0.01, 'l1_ratio': 0.5, 'max_iter': 1000, 'penalty': 'elasticnet', 'solver': 'saga'} (20% sample)
2025-12-16 03:16:28,100 [INFO] [__main__:365] Training data: 419 samples, 26 features
2025-12-16 03:16:28,102 [INFO] [__main__:376] ✓ Model.fit() completed successfully
2025-12-16 03:16:28,102 [INFO] [__main__:388] Running model.predict_proba() on validation set (20% sample)...
2025-12-16 03:16:28,102 [INFO] [__main__:393] ✓ predict_proba() completed (shape: (105, 2))
2025-12-16 03:16:28,104 [INFO] [__main__:360] Grid search 11/60: {'C': 0.01, 'max_iter': 1000, 'penalty': 'l1', 'solver': 'liblinear'}
2025-12-16 03:16:28,104 [INFO] [__main__:364] Training LogisticRegression with params: {'C': 0.01, 'max_iter': 1000, 'penalty': 'l1', 'solver': 'liblinear'} (20% sample)
2025-12-16 03:16:28,104 [INFO] [__main__:365] Training data: 419 samples, 26 features
2025-12-16 03:16:28,105 [INFO] [__main__:376] ✓ Model.fit() completed successfully
2025-12-16 03:16:28,105 [INFO] [__main__:388] Running model.predict_proba() on validation set (20% sample)...
2025-12-16 03:16:28,106 [INFO] [__main__:393] ✓ predict_proba() completed (shape: (105, 2))
2025-12-16 03:16:28,107 [INFO] [__main__:360] Grid search 12/60: {'C': 0.01, 'max_iter': 1000, 'penalty': 'l1', 'solver': 'saga'}
2025-12-16 03:16:28,107 [INFO] [__main__:364] Training LogisticRegression with params: {'C': 0.01, 'max_iter': 1000, 'penalty': 'l1', 'solver': 'saga'} (20% sample)
2025-12-16 03:16:28,107 [INFO] [__main__:365] Training data: 419 samples, 26 features
2025-12-16 03:16:28,109 [INFO] [__main__:376] ✓ Model.fit() completed successfully
2025-12-16 03:16:28,109 [INFO] [__main__:388] Running model.predict_proba() on validation set (20% sample)...
2025-12-16 03:16:28,110 [INFO] [__main__:393] ✓ predict_proba() completed (shape: (105, 2))
2025-12-16 03:16:28,111 [INFO] [__main__:360] Grid search 13/60: {'C': 0.01, 'max_iter': 1000, 'penalty': 'l2', 'solver': 'liblinear'}
2025-12-16 03:16:28,111 [INFO] [__main__:364] Training LogisticRegression with params: {'C': 0.01, 'max_iter': 1000, 'penalty': 'l2', 'solver': 'liblinear'} (20% sample)
2025-12-16 03:16:28,111 [INFO] [__main__:365] Training data: 419 samples, 26 features
2025-12-16 03:16:28,113 [INFO] [__main__:376] ✓ Model.fit() completed successfully
2025-12-16 03:16:28,113 [INFO] [__main__:388] Running model.predict_proba() on validation set (20% sample)...
2025-12-16 03:16:28,113 [INFO] [__main__:393] ✓ predict_proba() completed (shape: (105, 2))
2025-12-16 03:16:28,115 [INFO] [__main__:360] Grid search 14/60: {'C': 0.01, 'max_iter': 1000, 'penalty': 'l2', 'solver': 'saga'}
2025-12-16 03:16:28,115 [INFO] [__main__:364] Training LogisticRegression with params: {'C': 0.01, 'max_iter': 1000, 'penalty': 'l2', 'solver': 'saga'} (20% sample)
2025-12-16 03:16:28,115 [INFO] [__main__:365] Training data: 419 samples, 26 features
2025-12-16 03:16:28,119 [INFO] [__main__:376] ✓ Model.fit() completed successfully
2025-12-16 03:16:28,119 [INFO] [__main__:388] Running model.predict_proba() on validation set (20% sample)...
2025-12-16 03:16:28,119 [INFO] [__main__:393] ✓ predict_proba() completed (shape: (105, 2))
2025-12-16 03:16:28,120 [INFO] [__main__:360] Grid search 15/60: {'C': 0.01, 'l1_ratio': 0.9, 'max_iter': 1000, 'penalty': 'elasticnet', 'solver': 'saga'}
2025-12-16 03:16:28,121 [INFO] [__main__:364] Training LogisticRegression with params: {'C': 0.01, 'l1_ratio': 0.9, 'max_iter': 1000, 'penalty': 'elasticnet', 'solver': 'saga'} (20% sample)
2025-12-16 03:16:28,121 [INFO] [__main__:365] Training data: 419 samples, 26 features
2025-12-16 03:16:28,123 [INFO] [__main__:376] ✓ Model.fit() completed successfully
2025-12-16 03:16:28,123 [INFO] [__main__:388] Running model.predict_proba() on validation set (20% sample)...
2025-12-16 03:16:28,123 [INFO] [__main__:393] ✓ predict_proba() completed (shape: (105, 2))
2025-12-16 03:16:28,125 [INFO] [__main__:360] Grid search 16/60: {'C': 0.1, 'max_iter': 1000, 'penalty': 'l1', 'solver': 'liblinear'}
2025-12-16 03:16:28,125 [INFO] [__main__:364] Training LogisticRegression with params: {'C': 0.1, 'max_iter': 1000, 'penalty': 'l1', 'solver': 'liblinear'} (20% sample)
2025-12-16 03:16:28,125 [INFO] [__main__:365] Training data: 419 samples, 26 features
2025-12-16 03:16:28,127 [INFO] [__main__:376] ✓ Model.fit() completed successfully
2025-12-16 03:16:28,127 [INFO] [__main__:388] Running model.predict_proba() on validation set (20% sample)...
2025-12-16 03:16:28,127 [INFO] [__main__:393] ✓ predict_proba() completed (shape: (105, 2))
2025-12-16 03:16:28,129 [INFO] [__main__:360] Grid search 17/60: {'C': 0.1, 'max_iter': 1000, 'penalty': 'l1', 'solver': 'saga'}
2025-12-16 03:16:28,129 [INFO] [__main__:364] Training LogisticRegression with params: {'C': 0.1, 'max_iter': 1000, 'penalty': 'l1', 'solver': 'saga'} (20% sample)
2025-12-16 03:16:28,129 [INFO] [__main__:365] Training data: 419 samples, 26 features
2025-12-16 03:16:28,159 [INFO] [__main__:376] ✓ Model.fit() completed successfully
2025-12-16 03:16:28,159 [INFO] [__main__:388] Running model.predict_proba() on validation set (20% sample)...
2025-12-16 03:16:28,160 [INFO] [__main__:393] ✓ predict_proba() completed (shape: (105, 2))
2025-12-16 03:16:28,161 [INFO] [__main__:360] Grid search 18/60: {'C': 0.1, 'max_iter': 1000, 'penalty': 'l2', 'solver': 'liblinear'}
2025-12-16 03:16:28,161 [INFO] [__main__:364] Training LogisticRegression with params: {'C': 0.1, 'max_iter': 1000, 'penalty': 'l2', 'solver': 'liblinear'} (20% sample)
2025-12-16 03:16:28,161 [INFO] [__main__:365] Training data: 419 samples, 26 features
2025-12-16 03:16:28,163 [INFO] [__main__:376] ✓ Model.fit() completed successfully
2025-12-16 03:16:28,163 [INFO] [__main__:388] Running model.predict_proba() on validation set (20% sample)...
2025-12-16 03:16:28,164 [INFO] [__main__:393] ✓ predict_proba() completed (shape: (105, 2))
2025-12-16 03:16:28,165 [INFO] [__main__:360] Grid search 19/60: {'C': 0.1, 'max_iter': 1000, 'penalty': 'l2', 'solver': 'saga'}
2025-12-16 03:16:28,165 [INFO] [__main__:364] Training LogisticRegression with params: {'C': 0.1, 'max_iter': 1000, 'penalty': 'l2', 'solver': 'saga'} (20% sample)
2025-12-16 03:16:28,165 [INFO] [__main__:365] Training data: 419 samples, 26 features
2025-12-16 03:16:28,179 [INFO] [__main__:376] ✓ Model.fit() completed successfully
2025-12-16 03:16:28,180 [INFO] [__main__:388] Running model.predict_proba() on validation set (20% sample)...
2025-12-16 03:16:28,180 [INFO] [__main__:393] ✓ predict_proba() completed (shape: (105, 2))
2025-12-16 03:16:28,181 [INFO] [__main__:360] Grid search 20/60: {'C': 0.1, 'l1_ratio': 0.1, 'max_iter': 1000, 'penalty': 'elasticnet', 'solver': 'saga'}
2025-12-16 03:16:28,181 [INFO] [__main__:364] Training LogisticRegression with params: {'C': 0.1, 'l1_ratio': 0.1, 'max_iter': 1000, 'penalty': 'elasticnet', 'solver': 'saga'} (20% sample)
2025-12-16 03:16:28,181 [INFO] [__main__:365] Training data: 419 samples, 26 features
2025-12-16 03:16:28,198 [INFO] [__main__:376] ✓ Model.fit() completed successfully
2025-12-16 03:16:28,199 [INFO] [__main__:388] Running model.predict_proba() on validation set (20% sample)...
2025-12-16 03:16:28,199 [INFO] [__main__:393] ✓ predict_proba() completed (shape: (105, 2))
2025-12-16 03:16:28,200 [INFO] [__main__:360] Grid search 21/60: {'C': 0.1, 'max_iter': 1000, 'penalty': 'l1', 'solver': 'liblinear'}
2025-12-16 03:16:28,200 [INFO] [__main__:364] Training LogisticRegression with params: {'C': 0.1, 'max_iter': 1000, 'penalty': 'l1', 'solver': 'liblinear'} (20% sample)
2025-12-16 03:16:28,200 [INFO] [__main__:365] Training data: 419 samples, 26 features
2025-12-16 03:16:28,202 [INFO] [__main__:376] ✓ Model.fit() completed successfully
2025-12-16 03:16:28,202 [INFO] [__main__:388] Running model.predict_proba() on validation set (20% sample)...
2025-12-16 03:16:28,203 [INFO] [__main__:393] ✓ predict_proba() completed (shape: (105, 2))
2025-12-16 03:16:28,204 [INFO] [__main__:360] Grid search 22/60: {'C': 0.1, 'max_iter': 1000, 'penalty': 'l1', 'solver': 'saga'}
2025-12-16 03:16:28,204 [INFO] [__main__:364] Training LogisticRegression with params: {'C': 0.1, 'max_iter': 1000, 'penalty': 'l1', 'solver': 'saga'} (20% sample)
2025-12-16 03:16:28,204 [INFO] [__main__:365] Training data: 419 samples, 26 features
2025-12-16 03:16:28,235 [INFO] [__main__:376] ✓ Model.fit() completed successfully
2025-12-16 03:16:28,235 [INFO] [__main__:388] Running model.predict_proba() on validation set (20% sample)...
2025-12-16 03:16:28,235 [INFO] [__main__:393] ✓ predict_proba() completed (shape: (105, 2))
2025-12-16 03:16:28,237 [INFO] [__main__:360] Grid search 23/60: {'C': 0.1, 'max_iter': 1000, 'penalty': 'l2', 'solver': 'liblinear'}
2025-12-16 03:16:28,237 [INFO] [__main__:364] Training LogisticRegression with params: {'C': 0.1, 'max_iter': 1000, 'penalty': 'l2', 'solver': 'liblinear'} (20% sample)
2025-12-16 03:16:28,237 [INFO] [__main__:365] Training data: 419 samples, 26 features
2025-12-16 03:16:28,239 [INFO] [__main__:376] ✓ Model.fit() completed successfully
2025-12-16 03:16:28,239 [INFO] [__main__:388] Running model.predict_proba() on validation set (20% sample)...
2025-12-16 03:16:28,239 [INFO] [__main__:393] ✓ predict_proba() completed (shape: (105, 2))
2025-12-16 03:16:28,241 [INFO] [__main__:360] Grid search 24/60: {'C': 0.1, 'max_iter': 1000, 'penalty': 'l2', 'solver': 'saga'}
2025-12-16 03:16:28,241 [INFO] [__main__:364] Training LogisticRegression with params: {'C': 0.1, 'max_iter': 1000, 'penalty': 'l2', 'solver': 'saga'} (20% sample)
2025-12-16 03:16:28,241 [INFO] [__main__:365] Training data: 419 samples, 26 features
2025-12-16 03:16:28,255 [INFO] [__main__:376] ✓ Model.fit() completed successfully
2025-12-16 03:16:28,255 [INFO] [__main__:388] Running model.predict_proba() on validation set (20% sample)...
2025-12-16 03:16:28,255 [INFO] [__main__:393] ✓ predict_proba() completed (shape: (105, 2))
2025-12-16 03:16:28,257 [INFO] [__main__:360] Grid search 25/60: {'C': 0.1, 'l1_ratio': 0.5, 'max_iter': 1000, 'penalty': 'elasticnet', 'solver': 'saga'}
2025-12-16 03:16:28,257 [INFO] [__main__:364] Training LogisticRegression with params: {'C': 0.1, 'l1_ratio': 0.5, 'max_iter': 1000, 'penalty': 'elasticnet', 'solver': 'saga'} (20% sample)
2025-12-16 03:16:28,257 [INFO] [__main__:365] Training data: 419 samples, 26 features
2025-12-16 03:16:28,274 [INFO] [__main__:376] ✓ Model.fit() completed successfully
2025-12-16 03:16:28,274 [INFO] [__main__:388] Running model.predict_proba() on validation set (20% sample)...
2025-12-16 03:16:28,274 [INFO] [__main__:393] ✓ predict_proba() completed (shape: (105, 2))
2025-12-16 03:16:28,276 [INFO] [__main__:360] Grid search 26/60: {'C': 0.1, 'max_iter': 1000, 'penalty': 'l1', 'solver': 'liblinear'}
2025-12-16 03:16:28,276 [INFO] [__main__:364] Training LogisticRegression with params: {'C': 0.1, 'max_iter': 1000, 'penalty': 'l1', 'solver': 'liblinear'} (20% sample)
2025-12-16 03:16:28,276 [INFO] [__main__:365] Training data: 419 samples, 26 features
2025-12-16 03:16:28,278 [INFO] [__main__:376] ✓ Model.fit() completed successfully
2025-12-16 03:16:28,278 [INFO] [__main__:388] Running model.predict_proba() on validation set (20% sample)...
2025-12-16 03:16:28,278 [INFO] [__main__:393] ✓ predict_proba() completed (shape: (105, 2))
2025-12-16 03:16:28,280 [INFO] [__main__:360] Grid search 27/60: {'C': 0.1, 'max_iter': 1000, 'penalty': 'l1', 'solver': 'saga'}
2025-12-16 03:16:28,280 [INFO] [__main__:364] Training LogisticRegression with params: {'C': 0.1, 'max_iter': 1000, 'penalty': 'l1', 'solver': 'saga'} (20% sample)
2025-12-16 03:16:28,280 [INFO] [__main__:365] Training data: 419 samples, 26 features
2025-12-16 03:16:28,310 [INFO] [__main__:376] ✓ Model.fit() completed successfully
2025-12-16 03:16:28,310 [INFO] [__main__:388] Running model.predict_proba() on validation set (20% sample)...
2025-12-16 03:16:28,311 [INFO] [__main__:393] ✓ predict_proba() completed (shape: (105, 2))
2025-12-16 03:16:28,312 [INFO] [__main__:360] Grid search 28/60: {'C': 0.1, 'max_iter': 1000, 'penalty': 'l2', 'solver': 'liblinear'}
2025-12-16 03:16:28,312 [INFO] [__main__:364] Training LogisticRegression with params: {'C': 0.1, 'max_iter': 1000, 'penalty': 'l2', 'solver': 'liblinear'} (20% sample)
2025-12-16 03:16:28,312 [INFO] [__main__:365] Training data: 419 samples, 26 features
2025-12-16 03:16:28,314 [INFO] [__main__:376] ✓ Model.fit() completed successfully
2025-12-16 03:16:28,315 [INFO] [__main__:388] Running model.predict_proba() on validation set (20% sample)...
2025-12-16 03:16:28,315 [INFO] [__main__:393] ✓ predict_proba() completed (shape: (105, 2))
2025-12-16 03:16:28,316 [INFO] [__main__:360] Grid search 29/60: {'C': 0.1, 'max_iter': 1000, 'penalty': 'l2', 'solver': 'saga'}
2025-12-16 03:16:28,316 [INFO] [__main__:364] Training LogisticRegression with params: {'C': 0.1, 'max_iter': 1000, 'penalty': 'l2', 'solver': 'saga'} (20% sample)
2025-12-16 03:16:28,316 [INFO] [__main__:365] Training data: 419 samples, 26 features
2025-12-16 03:16:28,331 [INFO] [__main__:376] ✓ Model.fit() completed successfully
2025-12-16 03:16:28,331 [INFO] [__main__:388] Running model.predict_proba() on validation set (20% sample)...
2025-12-16 03:16:28,331 [INFO] [__main__:393] ✓ predict_proba() completed (shape: (105, 2))
2025-12-16 03:16:28,332 [INFO] [__main__:360] Grid search 30/60: {'C': 0.1, 'l1_ratio': 0.9, 'max_iter': 1000, 'penalty': 'elasticnet', 'solver': 'saga'}
2025-12-16 03:16:28,333 [INFO] [__main__:364] Training LogisticRegression with params: {'C': 0.1, 'l1_ratio': 0.9, 'max_iter': 1000, 'penalty': 'elasticnet', 'solver': 'saga'} (20% sample)
2025-12-16 03:16:28,333 [INFO] [__main__:365] Training data: 419 samples, 26 features
2025-12-16 03:16:28,354 [INFO] [__main__:376] ✓ Model.fit() completed successfully
2025-12-16 03:16:28,354 [INFO] [__main__:388] Running model.predict_proba() on validation set (20% sample)...
2025-12-16 03:16:28,354 [INFO] [__main__:393] ✓ predict_proba() completed (shape: (105, 2))
2025-12-16 03:16:28,355 [INFO] [__main__:360] Grid search 31/60: {'C': 1.0, 'max_iter': 1000, 'penalty': 'l1', 'solver': 'liblinear'}
2025-12-16 03:16:28,355 [INFO] [__main__:364] Training LogisticRegression with params: {'C': 1.0, 'max_iter': 1000, 'penalty': 'l1', 'solver': 'liblinear'} (20% sample)
2025-12-16 03:16:28,355 [INFO] [__main__:365] Training data: 419 samples, 26 features
2025-12-16 03:16:28,369 [INFO] [__main__:376] ✓ Model.fit() completed successfully
2025-12-16 03:16:28,369 [INFO] [__main__:388] Running model.predict_proba() on validation set (20% sample)...
2025-12-16 03:16:28,369 [INFO] [__main__:393] ✓ predict_proba() completed (shape: (105, 2))
2025-12-16 03:16:28,370 [INFO] [__main__:360] Grid search 32/60: {'C': 1.0, 'max_iter': 1000, 'penalty': 'l1', 'solver': 'saga'}
2025-12-16 03:16:28,370 [INFO] [__main__:364] Training LogisticRegression with params: {'C': 1.0, 'max_iter': 1000, 'penalty': 'l1', 'solver': 'saga'} (20% sample)
2025-12-16 03:16:28,371 [INFO] [__main__:365] Training data: 419 samples, 26 features
2025-12-16 03:16:28,493 [INFO] [__main__:376] ✓ Model.fit() completed successfully
2025-12-16 03:16:28,493 [INFO] [__main__:388] Running model.predict_proba() on validation set (20% sample)...
2025-12-16 03:16:28,493 [INFO] [__main__:393] ✓ predict_proba() completed (shape: (105, 2))
2025-12-16 03:16:28,495 [INFO] [__main__:360] Grid search 33/60: {'C': 1.0, 'max_iter': 1000, 'penalty': 'l2', 'solver': 'liblinear'}
2025-12-16 03:16:28,495 [INFO] [__main__:364] Training LogisticRegression with params: {'C': 1.0, 'max_iter': 1000, 'penalty': 'l2', 'solver': 'liblinear'} (20% sample)
2025-12-16 03:16:28,495 [INFO] [__main__:365] Training data: 419 samples, 26 features
2025-12-16 03:16:28,498 [INFO] [__main__:376] ✓ Model.fit() completed successfully
2025-12-16 03:16:28,498 [INFO] [__main__:388] Running model.predict_proba() on validation set (20% sample)...
2025-12-16 03:16:28,498 [INFO] [__main__:393] ✓ predict_proba() completed (shape: (105, 2))
2025-12-16 03:16:28,500 [INFO] [__main__:360] Grid search 34/60: {'C': 1.0, 'max_iter': 1000, 'penalty': 'l2', 'solver': 'saga'}
2025-12-16 03:16:28,500 [INFO] [__main__:364] Training LogisticRegression with params: {'C': 1.0, 'max_iter': 1000, 'penalty': 'l2', 'solver': 'saga'} (20% sample)
2025-12-16 03:16:28,500 [INFO] [__main__:365] Training data: 419 samples, 26 features
2025-12-16 03:16:28,567 [INFO] [__main__:376] ✓ Model.fit() completed successfully
2025-12-16 03:16:28,567 [INFO] [__main__:388] Running model.predict_proba() on validation set (20% sample)...
2025-12-16 03:16:28,567 [INFO] [__main__:393] ✓ predict_proba() completed (shape: (105, 2))
2025-12-16 03:16:28,569 [INFO] [__main__:360] Grid search 35/60: {'C': 1.0, 'l1_ratio': 0.1, 'max_iter': 1000, 'penalty': 'elasticnet', 'solver': 'saga'}
2025-12-16 03:16:28,569 [INFO] [__main__:364] Training LogisticRegression with params: {'C': 1.0, 'l1_ratio': 0.1, 'max_iter': 1000, 'penalty': 'elasticnet', 'solver': 'saga'} (20% sample)
2025-12-16 03:16:28,569 [INFO] [__main__:365] Training data: 419 samples, 26 features
2025-12-16 03:16:28,654 [INFO] [__main__:376] ✓ Model.fit() completed successfully
2025-12-16 03:16:28,654 [INFO] [__main__:388] Running model.predict_proba() on validation set (20% sample)...
2025-12-16 03:16:28,654 [INFO] [__main__:393] ✓ predict_proba() completed (shape: (105, 2))
2025-12-16 03:16:28,656 [INFO] [__main__:360] Grid search 36/60: {'C': 1.0, 'max_iter': 1000, 'penalty': 'l1', 'solver': 'liblinear'}
2025-12-16 03:16:28,656 [INFO] [__main__:364] Training LogisticRegression with params: {'C': 1.0, 'max_iter': 1000, 'penalty': 'l1', 'solver': 'liblinear'} (20% sample)
2025-12-16 03:16:28,656 [INFO] [__main__:365] Training data: 419 samples, 26 features
2025-12-16 03:16:28,669 [INFO] [__main__:376] ✓ Model.fit() completed successfully
2025-12-16 03:16:28,669 [INFO] [__main__:388] Running model.predict_proba() on validation set (20% sample)...
2025-12-16 03:16:28,669 [INFO] [__main__:393] ✓ predict_proba() completed (shape: (105, 2))
2025-12-16 03:16:28,671 [INFO] [__main__:360] Grid search 37/60: {'C': 1.0, 'max_iter': 1000, 'penalty': 'l1', 'solver': 'saga'}
2025-12-16 03:16:28,671 [INFO] [__main__:364] Training LogisticRegression with params: {'C': 1.0, 'max_iter': 1000, 'penalty': 'l1', 'solver': 'saga'} (20% sample)
2025-12-16 03:16:28,671 [INFO] [__main__:365] Training data: 419 samples, 26 features
2025-12-16 03:16:28,794 [INFO] [__main__:376] ✓ Model.fit() completed successfully
2025-12-16 03:16:28,794 [INFO] [__main__:388] Running model.predict_proba() on validation set (20% sample)...
2025-12-16 03:16:28,794 [INFO] [__main__:393] ✓ predict_proba() completed (shape: (105, 2))
2025-12-16 03:16:28,796 [INFO] [__main__:360] Grid search 38/60: {'C': 1.0, 'max_iter': 1000, 'penalty': 'l2', 'solver': 'liblinear'}
2025-12-16 03:16:28,796 [INFO] [__main__:364] Training LogisticRegression with params: {'C': 1.0, 'max_iter': 1000, 'penalty': 'l2', 'solver': 'liblinear'} (20% sample)
2025-12-16 03:16:28,796 [INFO] [__main__:365] Training data: 419 samples, 26 features
2025-12-16 03:16:28,799 [INFO] [__main__:376] ✓ Model.fit() completed successfully
2025-12-16 03:16:28,799 [INFO] [__main__:388] Running model.predict_proba() on validation set (20% sample)...
2025-12-16 03:16:28,799 [INFO] [__main__:393] ✓ predict_proba() completed (shape: (105, 2))
2025-12-16 03:16:28,801 [INFO] [__main__:360] Grid search 39/60: {'C': 1.0, 'max_iter': 1000, 'penalty': 'l2', 'solver': 'saga'}
2025-12-16 03:16:28,801 [INFO] [__main__:364] Training LogisticRegression with params: {'C': 1.0, 'max_iter': 1000, 'penalty': 'l2', 'solver': 'saga'} (20% sample)
2025-12-16 03:16:28,801 [INFO] [__main__:365] Training data: 419 samples, 26 features
2025-12-16 03:16:28,868 [INFO] [__main__:376] ✓ Model.fit() completed successfully
2025-12-16 03:16:28,868 [INFO] [__main__:388] Running model.predict_proba() on validation set (20% sample)...
2025-12-16 03:16:28,868 [INFO] [__main__:393] ✓ predict_proba() completed (shape: (105, 2))
2025-12-16 03:16:28,870 [INFO] [__main__:360] Grid search 40/60: {'C': 1.0, 'l1_ratio': 0.5, 'max_iter': 1000, 'penalty': 'elasticnet', 'solver': 'saga'}
2025-12-16 03:16:28,870 [INFO] [__main__:364] Training LogisticRegression with params: {'C': 1.0, 'l1_ratio': 0.5, 'max_iter': 1000, 'penalty': 'elasticnet', 'solver': 'saga'} (20% sample)
2025-12-16 03:16:28,870 [INFO] [__main__:365] Training data: 419 samples, 26 features
2025-12-16 03:16:28,971 [INFO] [__main__:376] ✓ Model.fit() completed successfully
2025-12-16 03:16:28,971 [INFO] [__main__:388] Running model.predict_proba() on validation set (20% sample)...
2025-12-16 03:16:28,971 [INFO] [__main__:393] ✓ predict_proba() completed (shape: (105, 2))
2025-12-16 03:16:28,973 [INFO] [__main__:360] Grid search 41/60: {'C': 1.0, 'max_iter': 1000, 'penalty': 'l1', 'solver': 'liblinear'}
2025-12-16 03:16:28,973 [INFO] [__main__:364] Training LogisticRegression with params: {'C': 1.0, 'max_iter': 1000, 'penalty': 'l1', 'solver': 'liblinear'} (20% sample)
2025-12-16 03:16:28,973 [INFO] [__main__:365] Training data: 419 samples, 26 features
2025-12-16 03:16:28,986 [INFO] [__main__:376] ✓ Model.fit() completed successfully
2025-12-16 03:16:28,986 [INFO] [__main__:388] Running model.predict_proba() on validation set (20% sample)...
2025-12-16 03:16:28,987 [INFO] [__main__:393] ✓ predict_proba() completed (shape: (105, 2))
2025-12-16 03:16:28,988 [INFO] [__main__:360] Grid search 42/60: {'C': 1.0, 'max_iter': 1000, 'penalty': 'l1', 'solver': 'saga'}
2025-12-16 03:16:28,988 [INFO] [__main__:364] Training LogisticRegression with params: {'C': 1.0, 'max_iter': 1000, 'penalty': 'l1', 'solver': 'saga'} (20% sample)
2025-12-16 03:16:28,988 [INFO] [__main__:365] Training data: 419 samples, 26 features
2025-12-16 03:16:29,111 [INFO] [__main__:376] ✓ Model.fit() completed successfully
2025-12-16 03:16:29,111 [INFO] [__main__:388] Running model.predict_proba() on validation set (20% sample)...
2025-12-16 03:16:29,111 [INFO] [__main__:393] ✓ predict_proba() completed (shape: (105, 2))
2025-12-16 03:16:29,113 [INFO] [__main__:360] Grid search 43/60: {'C': 1.0, 'max_iter': 1000, 'penalty': 'l2', 'solver': 'liblinear'}
2025-12-16 03:16:29,113 [INFO] [__main__:364] Training LogisticRegression with params: {'C': 1.0, 'max_iter': 1000, 'penalty': 'l2', 'solver': 'liblinear'} (20% sample)
2025-12-16 03:16:29,113 [INFO] [__main__:365] Training data: 419 samples, 26 features
2025-12-16 03:16:29,116 [INFO] [__main__:376] ✓ Model.fit() completed successfully
2025-12-16 03:16:29,116 [INFO] [__main__:388] Running model.predict_proba() on validation set (20% sample)...
2025-12-16 03:16:29,116 [INFO] [__main__:393] ✓ predict_proba() completed (shape: (105, 2))
2025-12-16 03:16:29,117 [INFO] [__main__:360] Grid search 44/60: {'C': 1.0, 'max_iter': 1000, 'penalty': 'l2', 'solver': 'saga'}
2025-12-16 03:16:29,118 [INFO] [__main__:364] Training LogisticRegression with params: {'C': 1.0, 'max_iter': 1000, 'penalty': 'l2', 'solver': 'saga'} (20% sample)
2025-12-16 03:16:29,118 [INFO] [__main__:365] Training data: 419 samples, 26 features
2025-12-16 03:16:29,185 [INFO] [__main__:376] ✓ Model.fit() completed successfully
2025-12-16 03:16:29,185 [INFO] [__main__:388] Running model.predict_proba() on validation set (20% sample)...
2025-12-16 03:16:29,185 [INFO] [__main__:393] ✓ predict_proba() completed (shape: (105, 2))
2025-12-16 03:16:29,186 [INFO] [__main__:360] Grid search 45/60: {'C': 1.0, 'l1_ratio': 0.9, 'max_iter': 1000, 'penalty': 'elasticnet', 'solver': 'saga'}
2025-12-16 03:16:29,187 [INFO] [__main__:364] Training LogisticRegression with params: {'C': 1.0, 'l1_ratio': 0.9, 'max_iter': 1000, 'penalty': 'elasticnet', 'solver': 'saga'} (20% sample)
2025-12-16 03:16:29,187 [INFO] [__main__:365] Training data: 419 samples, 26 features
2025-12-16 03:16:29,303 [INFO] [__main__:376] ✓ Model.fit() completed successfully
2025-12-16 03:16:29,303 [INFO] [__main__:388] Running model.predict_proba() on validation set (20% sample)...
2025-12-16 03:16:29,303 [INFO] [__main__:393] ✓ predict_proba() completed (shape: (105, 2))
2025-12-16 03:16:29,305 [INFO] [__main__:360] Grid search 46/60: {'C': 10.0, 'max_iter': 1000, 'penalty': 'l1', 'solver': 'liblinear'}
2025-12-16 03:16:29,305 [INFO] [__main__:364] Training LogisticRegression with params: {'C': 10.0, 'max_iter': 1000, 'penalty': 'l1', 'solver': 'liblinear'} (20% sample)
2025-12-16 03:16:29,305 [INFO] [__main__:365] Training data: 419 samples, 26 features
2025-12-16 03:16:29,325 [INFO] [__main__:376] ✓ Model.fit() completed successfully
2025-12-16 03:16:29,325 [INFO] [__main__:388] Running model.predict_proba() on validation set (20% sample)...
2025-12-16 03:16:29,326 [INFO] [__main__:393] ✓ predict_proba() completed (shape: (105, 2))
2025-12-16 03:16:29,327 [INFO] [__main__:360] Grid search 47/60: {'C': 10.0, 'max_iter': 1000, 'penalty': 'l1', 'solver': 'saga'}
2025-12-16 03:16:29,327 [INFO] [__main__:364] Training LogisticRegression with params: {'C': 10.0, 'max_iter': 1000, 'penalty': 'l1', 'solver': 'saga'} (20% sample)
2025-12-16 03:16:29,327 [INFO] [__main__:365] Training data: 419 samples, 26 features
2025-12-16 03:16:29,505 [INFO] [__main__:376] ✓ Model.fit() completed successfully
2025-12-16 03:16:29,505 [INFO] [__main__:388] Running model.predict_proba() on validation set (20% sample)...
2025-12-16 03:16:29,505 [INFO] [__main__:393] ✓ predict_proba() completed (shape: (105, 2))
2025-12-16 03:16:29,507 [INFO] [__main__:360] Grid search 48/60: {'C': 10.0, 'max_iter': 1000, 'penalty': 'l2', 'solver': 'liblinear'}
2025-12-16 03:16:29,507 [INFO] [__main__:364] Training LogisticRegression with params: {'C': 10.0, 'max_iter': 1000, 'penalty': 'l2', 'solver': 'liblinear'} (20% sample)
2025-12-16 03:16:29,507 [INFO] [__main__:365] Training data: 419 samples, 26 features
2025-12-16 03:16:29,510 [INFO] [__main__:376] ✓ Model.fit() completed successfully
2025-12-16 03:16:29,510 [INFO] [__main__:388] Running model.predict_proba() on validation set (20% sample)...
2025-12-16 03:16:29,510 [INFO] [__main__:393] ✓ predict_proba() completed (shape: (105, 2))
2025-12-16 03:16:29,512 [INFO] [__main__:360] Grid search 49/60: {'C': 10.0, 'max_iter': 1000, 'penalty': 'l2', 'solver': 'saga'}
2025-12-16 03:16:29,512 [INFO] [__main__:364] Training LogisticRegression with params: {'C': 10.0, 'max_iter': 1000, 'penalty': 'l2', 'solver': 'saga'} (20% sample)
2025-12-16 03:16:29,512 [INFO] [__main__:365] Training data: 419 samples, 26 features
2025-12-16 03:16:29,648 [INFO] [__main__:376] ✓ Model.fit() completed successfully
2025-12-16 03:16:29,648 [INFO] [__main__:388] Running model.predict_proba() on validation set (20% sample)...
2025-12-16 03:16:29,648 [INFO] [__main__:393] ✓ predict_proba() completed (shape: (105, 2))
2025-12-16 03:16:29,649 [INFO] [__main__:360] Grid search 50/60: {'C': 10.0, 'l1_ratio': 0.1, 'max_iter': 1000, 'penalty': 'elasticnet', 'solver': 'saga'}
2025-12-16 03:16:29,650 [INFO] [__main__:364] Training LogisticRegression with params: {'C': 10.0, 'l1_ratio': 0.1, 'max_iter': 1000, 'penalty': 'elasticnet', 'solver': 'saga'} (20% sample)
2025-12-16 03:16:29,650 [INFO] [__main__:365] Training data: 419 samples, 26 features
2025-12-16 03:16:29,815 [INFO] [__main__:376] ✓ Model.fit() completed successfully
2025-12-16 03:16:29,815 [INFO] [__main__:388] Running model.predict_proba() on validation set (20% sample)...
2025-12-16 03:16:29,815 [INFO] [__main__:393] ✓ predict_proba() completed (shape: (105, 2))
2025-12-16 03:16:29,817 [INFO] [__main__:360] Grid search 51/60: {'C': 10.0, 'max_iter': 1000, 'penalty': 'l1', 'solver': 'liblinear'}
2025-12-16 03:16:29,817 [INFO] [__main__:364] Training LogisticRegression with params: {'C': 10.0, 'max_iter': 1000, 'penalty': 'l1', 'solver': 'liblinear'} (20% sample)
2025-12-16 03:16:29,817 [INFO] [__main__:365] Training data: 419 samples, 26 features
2025-12-16 03:16:29,837 [INFO] [__main__:376] ✓ Model.fit() completed successfully
2025-12-16 03:16:29,837 [INFO] [__main__:388] Running model.predict_proba() on validation set (20% sample)...
2025-12-16 03:16:29,838 [INFO] [__main__:393] ✓ predict_proba() completed (shape: (105, 2))
2025-12-16 03:16:29,839 [INFO] [__main__:360] Grid search 52/60: {'C': 10.0, 'max_iter': 1000, 'penalty': 'l1', 'solver': 'saga'}
2025-12-16 03:16:29,839 [INFO] [__main__:364] Training LogisticRegression with params: {'C': 10.0, 'max_iter': 1000, 'penalty': 'l1', 'solver': 'saga'} (20% sample)
2025-12-16 03:16:29,839 [INFO] [__main__:365] Training data: 419 samples, 26 features
2025-12-16 03:16:30,017 [INFO] [__main__:376] ✓ Model.fit() completed successfully
2025-12-16 03:16:30,017 [INFO] [__main__:388] Running model.predict_proba() on validation set (20% sample)...
2025-12-16 03:16:30,017 [INFO] [__main__:393] ✓ predict_proba() completed (shape: (105, 2))
2025-12-16 03:16:30,019 [INFO] [__main__:360] Grid search 53/60: {'C': 10.0, 'max_iter': 1000, 'penalty': 'l2', 'solver': 'liblinear'}
2025-12-16 03:16:30,019 [INFO] [__main__:364] Training LogisticRegression with params: {'C': 10.0, 'max_iter': 1000, 'penalty': 'l2', 'solver': 'liblinear'} (20% sample)
2025-12-16 03:16:30,019 [INFO] [__main__:365] Training data: 419 samples, 26 features
2025-12-16 03:16:30,022 [INFO] [__main__:376] ✓ Model.fit() completed successfully
2025-12-16 03:16:30,022 [INFO] [__main__:388] Running model.predict_proba() on validation set (20% sample)...
2025-12-16 03:16:30,023 [INFO] [__main__:393] ✓ predict_proba() completed (shape: (105, 2))
2025-12-16 03:16:30,024 [INFO] [__main__:360] Grid search 54/60: {'C': 10.0, 'max_iter': 1000, 'penalty': 'l2', 'solver': 'saga'}
2025-12-16 03:16:30,024 [INFO] [__main__:364] Training LogisticRegression with params: {'C': 10.0, 'max_iter': 1000, 'penalty': 'l2', 'solver': 'saga'} (20% sample)
2025-12-16 03:16:30,024 [INFO] [__main__:365] Training data: 419 samples, 26 features
2025-12-16 03:16:30,160 [INFO] [__main__:376] ✓ Model.fit() completed successfully
2025-12-16 03:16:30,160 [INFO] [__main__:388] Running model.predict_proba() on validation set (20% sample)...
2025-12-16 03:16:30,160 [INFO] [__main__:393] ✓ predict_proba() completed (shape: (105, 2))
2025-12-16 03:16:30,162 [INFO] [__main__:360] Grid search 55/60: {'C': 10.0, 'l1_ratio': 0.5, 'max_iter': 1000, 'penalty': 'elasticnet', 'solver': 'saga'}
2025-12-16 03:16:30,162 [INFO] [__main__:364] Training LogisticRegression with params: {'C': 10.0, 'l1_ratio': 0.5, 'max_iter': 1000, 'penalty': 'elasticnet', 'solver': 'saga'} (20% sample)
2025-12-16 03:16:30,162 [INFO] [__main__:365] Training data: 419 samples, 26 features
2025-12-16 03:16:30,332 [INFO] [__main__:376] ✓ Model.fit() completed successfully
2025-12-16 03:16:30,332 [INFO] [__main__:388] Running model.predict_proba() on validation set (20% sample)...
2025-12-16 03:16:30,333 [INFO] [__main__:393] ✓ predict_proba() completed (shape: (105, 2))
2025-12-16 03:16:30,334 [INFO] [__main__:360] Grid search 56/60: {'C': 10.0, 'max_iter': 1000, 'penalty': 'l1', 'solver': 'liblinear'}
2025-12-16 03:16:30,334 [INFO] [__main__:364] Training LogisticRegression with params: {'C': 10.0, 'max_iter': 1000, 'penalty': 'l1', 'solver': 'liblinear'} (20% sample)
2025-12-16 03:16:30,334 [INFO] [__main__:365] Training data: 419 samples, 26 features
2025-12-16 03:16:30,355 [INFO] [__main__:376] ✓ Model.fit() completed successfully
2025-12-16 03:16:30,355 [INFO] [__main__:388] Running model.predict_proba() on validation set (20% sample)...
2025-12-16 03:16:30,355 [INFO] [__main__:393] ✓ predict_proba() completed (shape: (105, 2))
2025-12-16 03:16:30,357 [INFO] [__main__:360] Grid search 57/60: {'C': 10.0, 'max_iter': 1000, 'penalty': 'l1', 'solver': 'saga'}
2025-12-16 03:16:30,357 [INFO] [__main__:364] Training LogisticRegression with params: {'C': 10.0, 'max_iter': 1000, 'penalty': 'l1', 'solver': 'saga'} (20% sample)
2025-12-16 03:16:30,357 [INFO] [__main__:365] Training data: 419 samples, 26 features
2025-12-16 03:16:30,534 [INFO] [__main__:376] ✓ Model.fit() completed successfully
2025-12-16 03:16:30,534 [INFO] [__main__:388] Running model.predict_proba() on validation set (20% sample)...
2025-12-16 03:16:30,535 [INFO] [__main__:393] ✓ predict_proba() completed (shape: (105, 2))
2025-12-16 03:16:30,536 [INFO] [__main__:360] Grid search 58/60: {'C': 10.0, 'max_iter': 1000, 'penalty': 'l2', 'solver': 'liblinear'}
2025-12-16 03:16:30,536 [INFO] [__main__:364] Training LogisticRegression with params: {'C': 10.0, 'max_iter': 1000, 'penalty': 'l2', 'solver': 'liblinear'} (20% sample)
2025-12-16 03:16:30,536 [INFO] [__main__:365] Training data: 419 samples, 26 features
2025-12-16 03:16:30,539 [INFO] [__main__:376] ✓ Model.fit() completed successfully
2025-12-16 03:16:30,540 [INFO] [__main__:388] Running model.predict_proba() on validation set (20% sample)...
2025-12-16 03:16:30,540 [INFO] [__main__:393] ✓ predict_proba() completed (shape: (105, 2))
2025-12-16 03:16:30,541 [INFO] [__main__:360] Grid search 59/60: {'C': 10.0, 'max_iter': 1000, 'penalty': 'l2', 'solver': 'saga'}
2025-12-16 03:16:30,541 [INFO] [__main__:364] Training LogisticRegression with params: {'C': 10.0, 'max_iter': 1000, 'penalty': 'l2', 'solver': 'saga'} (20% sample)
2025-12-16 03:16:30,541 [INFO] [__main__:365] Training data: 419 samples, 26 features
2025-12-16 03:16:30,677 [INFO] [__main__:376] ✓ Model.fit() completed successfully
2025-12-16 03:16:30,677 [INFO] [__main__:388] Running model.predict_proba() on validation set (20% sample)...
2025-12-16 03:16:30,677 [INFO] [__main__:393] ✓ predict_proba() completed (shape: (105, 2))
2025-12-16 03:16:30,679 [INFO] [__main__:360] Grid search 60/60: {'C': 10.0, 'l1_ratio': 0.9, 'max_iter': 1000, 'penalty': 'elasticnet', 'solver': 'saga'}
2025-12-16 03:16:30,679 [INFO] [__main__:364] Training LogisticRegression with params: {'C': 10.0, 'l1_ratio': 0.9, 'max_iter': 1000, 'penalty': 'elasticnet', 'solver': 'saga'} (20% sample)
2025-12-16 03:16:30,679 [INFO] [__main__:365] Training data: 419 samples, 26 features
2025-12-16 03:16:30,855 [INFO] [__main__:376] ✓ Model.fit() completed successfully
2025-12-16 03:16:30,856 [INFO] [__main__:388] Running model.predict_proba() on validation set (20% sample)...
2025-12-16 03:16:30,856 [INFO] [__main__:393] ✓ predict_proba() completed (shape: (105, 2))
2025-12-16 03:16:30,858 [INFO] [__main__:439] Best hyperparameters from 20% sample: {'C': 0.01, 'l1_ratio': 0.1, 'max_iter': 1000, 'penalty': 'elasticnet', 'solver': 'saga'} (val_f1: 0.7481)
2025-12-16 03:16:30,858 [INFO] [__main__:442] ================================================================================
2025-12-16 03:16:30,858 [INFO] [__main__:443] FINAL TRAINING: Using full dataset with best hyperparameters
2025-12-16 03:16:30,858 [INFO] [__main__:444] ================================================================================
2025-12-16 03:16:30,858 [INFO] [__main__:447] Scaling full dataset for final training...
2025-12-16 03:16:30,859 [INFO] [__main__:457] Full dataset scaled. Train: 1966, Val: 655, Test: 656
2025-12-16 03:16:30,860 [INFO] [__main__:471] CV fold 1/5
2025-12-16 03:16:30,940 [INFO] [__main__:471] CV fold 2/5
2025-12-16 03:16:30,971 [INFO] [__main__:471] CV fold 3/5
2025-12-16 03:16:30,998 [INFO] [__main__:471] CV fold 4/5
2025-12-16 03:16:31,028 [INFO] [__main__:471] CV fold 5/5
2025-12-16 03:16:31,058 [INFO] [__main__:534] CV F1: 0.6337 ± 0.0365
2025-12-16 03:16:31,058 [INFO] [__main__:535] CV AUC: 0.6787 ± 0.0372
2025-12-16 03:16:31,058 [INFO] [__main__:536] CV Precision: 0.6056 ± 0.0238
2025-12-16 03:16:31,058 [INFO] [__main__:537] CV Recall: 0.6657 ± 0.0545
2025-12-16 03:16:31,058 [INFO] [__main__:540] Training final model on full training+validation set...
2025-12-16 03:16:31,090 [INFO] [__main__:568] Test F1: 0.6337
2025-12-16 03:16:31,091 [INFO] [__main__:569] Test AUC: 0.6978
2025-12-16 03:16:31,091 [INFO] [__main__:570] Test AP: 0.6767
2025-12-16 03:16:31,091 [INFO] [__main__:571] Test Acc: 0.6159
2025-12-16 03:16:31,091 [INFO] [__main__:572] Test Precision: 0.6176
2025-12-16 03:16:31,091 [INFO] [__main__:573] Test Recall: 0.6507
2025-12-16 03:16:31,091 [INFO] [__main__:574] Test Confusion Matrix:
[[186 135]
 [117 218]]
2025-12-16 03:16:31,091 [INFO] [__main__:575] Test Class 0 - Precision: 0.6139, Recall: 0.5794, F1: 0.5962
2025-12-16 03:16:31,091 [INFO] [__main__:576] Test Class 1 - Precision: 0.6176, Recall: 0.6507, F1: 0.6337
2025-12-16 03:16:31,812 [INFO] [__main__:677] Training complete. Results saved to: /gpfs/accounts/si670f25_class_root/si670f25_class/santoshd/fvc/data/stage5/sklearn_logreg
2025-12-16 03:16:31,812 [INFO] [__main__:678] ================================================================================
2025-12-16 03:16:31,812 [INFO] [__main__:679] STAGE 5ALPHA TRAINING COMPLETED SUCCESSFULLY
2025-12-16 03:16:31,812 [INFO] [__main__:680] ================================================================================
