==========================================
STAGE 5BETA LOG FILE INITIALIZED
Timestamp: Wed Dec 17 20:54:49 EST 2025
Log file: /gpfs/accounts/si670f25_class_root/si670f25_class/santoshd/fvc/logs/stage5/stage5beta_38578360.log
==========================================
Executing command...
Python: /gpfs/accounts/si670f25_class_root/si670f25_class/santoshd/fvc/venv/bin/python3
Script: /gpfs/accounts/si670f25_class_root/si670f25_class/santoshd/fvc/src/scripts/train_gradient_boosting.py
Arguments: --project-root /gpfs/accounts/si670f25_class_root/si670f25_class/santoshd/fvc --scaled-metadata /gpfs/accounts/si670f25_class_root/si670f25_class/santoshd/fvc/data/scaled_videos/scaled_metadata.arrow --features-stage2 /gpfs/accounts/si670f25_class_root/si670f25_class/santoshd/fvc/data/features_stage2/features_metadata.arrow --features-stage4 /gpfs/accounts/si670f25_class_root/si670f25_class/santoshd/fvc/data/features_stage4/features_scaled_metadata.arrow --output-dir data/stage5/gradient_boosting --n-splits 5 --models xgboost --delete-existing
==========================================
2025-12-17 21:03:07,332 [INFO] [__main__:44] ================================================================================
2025-12-17 21:03:07,332 [INFO] [__main__:45] STAGE 5BETA: Gradient Boosting Training Script Starting
2025-12-17 21:03:07,332 [INFO] [__main__:46] ================================================================================
2025-12-17 21:03:07,333 [WARNING] [__main__:63] LightGBM not available
2025-12-17 21:03:07,333 [WARNING] [__main__:70] CatBoost not available
2025-12-17 21:03:07,333 [INFO] [__main__:597] Parsing command line arguments...
2025-12-17 21:03:07,335 [INFO] [__main__:618] Arguments parsed successfully:
2025-12-17 21:03:07,335 [INFO] [__main__:619]   project-root: /gpfs/accounts/si670f25_class_root/si670f25_class/santoshd/fvc
2025-12-17 21:03:07,335 [INFO] [__main__:620]   scaled-metadata: /gpfs/accounts/si670f25_class_root/si670f25_class/santoshd/fvc/data/scaled_videos/scaled_metadata.arrow
2025-12-17 21:03:07,335 [INFO] [__main__:621]   features-stage2: /gpfs/accounts/si670f25_class_root/si670f25_class/santoshd/fvc/data/features_stage2/features_metadata.arrow
2025-12-17 21:03:07,335 [INFO] [__main__:622]   features-stage4: /gpfs/accounts/si670f25_class_root/si670f25_class/santoshd/fvc/data/features_stage4/features_scaled_metadata.arrow
2025-12-17 21:03:07,335 [INFO] [__main__:623]   output-dir: data/stage5/gradient_boosting
2025-12-17 21:03:07,335 [INFO] [__main__:624]   n-splits: 5
2025-12-17 21:03:07,335 [INFO] [__main__:625]   models: ['xgboost']
2025-12-17 21:03:07,335 [INFO] [__main__:626]   delete-existing: True
2025-12-17 21:03:07,368 [INFO] [__main__:110] Deleted existing output directory (clean mode): /gpfs/accounts/si670f25_class_root/si670f25_class/santoshd/fvc/data/stage5/gradient_boosting
2025-12-17 21:03:07,374 [INFO] [__main__:117] Loading scaled metadata...
2025-12-17 21:03:12,130 [INFO] [__main__:129] Data validation passed: 3278 rows (> 3000 required)
2025-12-17 21:03:12,130 [INFO] [__main__:130] ✓ Data validation check successful
2025-12-17 21:03:14,735 [INFO] [__main__:145] Labels: [0, 1] -> {0: 0, 1: 1}
2025-12-17 21:03:14,735 [INFO] [__main__:146] Loaded 3278 videos
2025-12-17 21:03:14,735 [INFO] [__main__:149] Loading features from Stage 2/4...
2025-12-17 21:03:15,183 [INFO] [lib.training.feature_preprocessing:320] Loading Stage 2 features...
2025-12-17 21:03:15,183 [INFO] [lib.training.feature_preprocessing:321] Stage 2 path: /gpfs/accounts/si670f25_class_root/si670f25_class/santoshd/fvc/data/features_stage2/features_metadata.arrow
2025-12-17 21:03:15,347 [INFO] [lib.training.feature_preprocessing:331] ✓ Loaded Stage 2 metadata: 3278 rows, 18 columns
2025-12-17 21:03:54,912 [INFO] [lib.training.feature_preprocessing:369] Converting Stage 2 features to numpy array...
2025-12-17 21:03:54,917 [INFO] [lib.training.feature_preprocessing:373] Stage 2 array shape: (3278, 15), dtype: float64
2025-12-17 21:03:54,917 [INFO] [lib.training.feature_preprocessing:376] Loaded 15 Stage 2 features (3278/3278 videos matched)
2025-12-17 21:03:55,071 [INFO] [lib.training.feature_preprocessing:403] Loading Stage 4 features...
2025-12-17 21:03:55,071 [INFO] [lib.training.feature_preprocessing:404] Stage 4 path: /gpfs/accounts/si670f25_class_root/si670f25_class/santoshd/fvc/data/features_stage4/features_scaled_metadata.arrow
2025-12-17 21:03:55,247 [INFO] [lib.training.feature_preprocessing:414] ✓ Loaded Stage 4 metadata: 3277 rows, 26 columns
2025-12-17 21:04:30,016 [INFO] [lib.training.feature_preprocessing:452] Converting Stage 4 features to numpy array...
2025-12-17 21:04:30,022 [INFO] [lib.training.feature_preprocessing:456] Stage 4 array shape: (3278, 23), dtype: float64
2025-12-17 21:04:30,022 [INFO] [lib.training.feature_preprocessing:459] Loaded 23 Stage 4 features (3277/3278 videos matched)
2025-12-17 21:04:30,022 [INFO] [lib.training.feature_preprocessing:488] Combining 2 feature arrays...
2025-12-17 21:04:30,022 [INFO] [lib.training.feature_preprocessing:489] Feature array shapes: [(3278, 15), (3278, 23)]
2025-12-17 21:04:30,023 [INFO] [lib.training.feature_preprocessing:494] Combined 38 features from 2 stages
2025-12-17 21:04:30,023 [INFO] [lib.training.feature_preprocessing:495] Combined feature matrix shape: (3278, 38), dtype: float64
2025-12-17 21:04:30,023 [INFO] [lib.training.feature_preprocessing:496] Combined feature matrix size: 0.95 MB
2025-12-17 21:04:30,023 [INFO] [lib.training.feature_preprocessing:517] Stage 2: 3278 videos, Stage 4: 3277 videos
2025-12-17 21:04:30,023 [INFO] [lib.training.feature_preprocessing:518] Intersection (videos with BOTH Stage 2 AND Stage 4): 3277 videos
2025-12-17 21:04:30,023 [INFO] [lib.training.feature_preprocessing:532] ✓ Found 3277 videos with valid features
2025-12-17 21:04:30,093 [INFO] [lib.training.feature_training_pipeline:186] Removing collinear features BEFORE data splits (to avoid data leakage)...
2025-12-17 21:04:30,093 [INFO] [lib.training.feature_training_pipeline:187]   Original feature count: 38
2025-12-17 21:04:37,386 [INFO] [lib.training.feature_preprocessing:77] Removed 2 features with zero variance
2025-12-17 21:04:38,454 [INFO] [lib.training.feature_preprocessing:141] Removed 10 collinear features (correlation >= 0.95)
2025-12-17 21:04:38,454 [INFO] [lib.training.feature_preprocessing:162] Final feature count: 26/38 (68.4% retained)
2025-12-17 21:04:38,455 [INFO] [lib.training.feature_training_pipeline:196]   Final feature count after collinearity removal: 26/38 (68.4% retained)
2025-12-17 21:04:38,455 [INFO] [__main__:163] Filtered to 3277 videos with valid features
2025-12-17 21:04:38,455 [INFO] [__main__:168] ✓ Loaded 26 features for 3277 videos
2025-12-17 21:04:38,455 [INFO] [__main__:169]   Input dimension: 26
2025-12-17 21:04:38,455 [INFO] [__main__:175] Creating 60-20-20 stratified train-val-test split...
2025-12-17 21:04:39,280 [INFO] [__main__:183] Train: 1966, Val: 655, Test: 656
2025-12-17 21:04:39,280 [INFO] [__main__:189] ================================================================================
2025-12-17 21:04:39,280 [INFO] [__main__:190] HYPERPARAMETER SEARCH: Using 20% stratified sample for efficiency
2025-12-17 21:04:39,280 [INFO] [__main__:191] ================================================================================
2025-12-17 21:04:39,283 [INFO] [__main__:209] Hyperparameter search sample: 524 rows (20.0% of 2621 total)
2025-12-17 21:04:39,283 [INFO] [__main__:210]   Sample train: 419, Sample val: 105
2025-12-17 21:04:39,283 [INFO] [__main__:254] ================================================================================
2025-12-17 21:04:39,283 [INFO] [__main__:255] Training XGBOOST
2025-12-17 21:04:39,283 [INFO] [__main__:256] ================================================================================
2025-12-17 21:04:39,284 [INFO] [__main__:263] Hyperparameter search: 64 combinations
2025-12-17 21:04:39,284 [INFO] [__main__:276] Grid search 1/64: {'colsample_bytree': 0.8, 'learning_rate': 0.01, 'max_depth': 3, 'n_estimators': 100, 'reg_alpha': 0, 'reg_lambda': 1.0, 'subsample': 0.8}
2025-12-17 21:04:43,145 [INFO] [__main__:276] Grid search 2/64: {'colsample_bytree': 0.8, 'learning_rate': 0.01, 'max_depth': 3, 'n_estimators': 100, 'reg_alpha': 0, 'reg_lambda': 1.0, 'subsample': 1.0}
2025-12-17 21:04:43,189 [INFO] [__main__:276] Grid search 3/64: {'colsample_bytree': 0.8, 'learning_rate': 0.01, 'max_depth': 3, 'n_estimators': 100, 'reg_alpha': 0.1, 'reg_lambda': 1.0, 'subsample': 0.8}
2025-12-17 21:04:43,232 [INFO] [__main__:276] Grid search 4/64: {'colsample_bytree': 0.8, 'learning_rate': 0.01, 'max_depth': 3, 'n_estimators': 100, 'reg_alpha': 0.1, 'reg_lambda': 1.0, 'subsample': 1.0}
2025-12-17 21:04:43,276 [INFO] [__main__:276] Grid search 5/64: {'colsample_bytree': 0.8, 'learning_rate': 0.01, 'max_depth': 3, 'n_estimators': 200, 'reg_alpha': 0, 'reg_lambda': 1.0, 'subsample': 0.8}
2025-12-17 21:04:43,356 [INFO] [__main__:276] Grid search 6/64: {'colsample_bytree': 0.8, 'learning_rate': 0.01, 'max_depth': 3, 'n_estimators': 200, 'reg_alpha': 0, 'reg_lambda': 1.0, 'subsample': 1.0}
2025-12-17 21:04:43,435 [INFO] [__main__:276] Grid search 7/64: {'colsample_bytree': 0.8, 'learning_rate': 0.01, 'max_depth': 3, 'n_estimators': 200, 'reg_alpha': 0.1, 'reg_lambda': 1.0, 'subsample': 0.8}
2025-12-17 21:04:43,515 [INFO] [__main__:276] Grid search 8/64: {'colsample_bytree': 0.8, 'learning_rate': 0.01, 'max_depth': 3, 'n_estimators': 200, 'reg_alpha': 0.1, 'reg_lambda': 1.0, 'subsample': 1.0}
2025-12-17 21:04:43,596 [INFO] [__main__:276] Grid search 9/64: {'colsample_bytree': 0.8, 'learning_rate': 0.01, 'max_depth': 5, 'n_estimators': 100, 'reg_alpha': 0, 'reg_lambda': 1.0, 'subsample': 0.8}
2025-12-17 21:04:43,678 [INFO] [__main__:276] Grid search 10/64: {'colsample_bytree': 0.8, 'learning_rate': 0.01, 'max_depth': 5, 'n_estimators': 100, 'reg_alpha': 0, 'reg_lambda': 1.0, 'subsample': 1.0}
2025-12-17 21:04:43,764 [INFO] [__main__:276] Grid search 11/64: {'colsample_bytree': 0.8, 'learning_rate': 0.01, 'max_depth': 5, 'n_estimators': 100, 'reg_alpha': 0.1, 'reg_lambda': 1.0, 'subsample': 0.8}
2025-12-17 21:04:43,841 [INFO] [__main__:276] Grid search 12/64: {'colsample_bytree': 0.8, 'learning_rate': 0.01, 'max_depth': 5, 'n_estimators': 100, 'reg_alpha': 0.1, 'reg_lambda': 1.0, 'subsample': 1.0}
2025-12-17 21:04:43,927 [INFO] [__main__:276] Grid search 13/64: {'colsample_bytree': 0.8, 'learning_rate': 0.01, 'max_depth': 5, 'n_estimators': 200, 'reg_alpha': 0, 'reg_lambda': 1.0, 'subsample': 0.8}
2025-12-17 21:04:44,080 [INFO] [__main__:276] Grid search 14/64: {'colsample_bytree': 0.8, 'learning_rate': 0.01, 'max_depth': 5, 'n_estimators': 200, 'reg_alpha': 0, 'reg_lambda': 1.0, 'subsample': 1.0}
2025-12-17 21:04:44,248 [INFO] [__main__:276] Grid search 15/64: {'colsample_bytree': 0.8, 'learning_rate': 0.01, 'max_depth': 5, 'n_estimators': 200, 'reg_alpha': 0.1, 'reg_lambda': 1.0, 'subsample': 0.8}
2025-12-17 21:04:44,404 [INFO] [__main__:276] Grid search 16/64: {'colsample_bytree': 0.8, 'learning_rate': 0.01, 'max_depth': 5, 'n_estimators': 200, 'reg_alpha': 0.1, 'reg_lambda': 1.0, 'subsample': 1.0}
2025-12-17 21:04:44,569 [INFO] [__main__:276] Grid search 17/64: {'colsample_bytree': 0.8, 'learning_rate': 0.1, 'max_depth': 3, 'n_estimators': 100, 'reg_alpha': 0, 'reg_lambda': 1.0, 'subsample': 0.8}
2025-12-17 21:04:44,612 [INFO] [__main__:276] Grid search 18/64: {'colsample_bytree': 0.8, 'learning_rate': 0.1, 'max_depth': 3, 'n_estimators': 100, 'reg_alpha': 0, 'reg_lambda': 1.0, 'subsample': 1.0}
2025-12-17 21:04:44,654 [INFO] [__main__:276] Grid search 19/64: {'colsample_bytree': 0.8, 'learning_rate': 0.1, 'max_depth': 3, 'n_estimators': 100, 'reg_alpha': 0.1, 'reg_lambda': 1.0, 'subsample': 0.8}
2025-12-17 21:04:44,697 [INFO] [__main__:276] Grid search 20/64: {'colsample_bytree': 0.8, 'learning_rate': 0.1, 'max_depth': 3, 'n_estimators': 100, 'reg_alpha': 0.1, 'reg_lambda': 1.0, 'subsample': 1.0}
2025-12-17 21:04:44,741 [INFO] [__main__:276] Grid search 21/64: {'colsample_bytree': 0.8, 'learning_rate': 0.1, 'max_depth': 3, 'n_estimators': 200, 'reg_alpha': 0, 'reg_lambda': 1.0, 'subsample': 0.8}
2025-12-17 21:04:44,818 [INFO] [__main__:276] Grid search 22/64: {'colsample_bytree': 0.8, 'learning_rate': 0.1, 'max_depth': 3, 'n_estimators': 200, 'reg_alpha': 0, 'reg_lambda': 1.0, 'subsample': 1.0}
2025-12-17 21:04:44,895 [INFO] [__main__:276] Grid search 23/64: {'colsample_bytree': 0.8, 'learning_rate': 0.1, 'max_depth': 3, 'n_estimators': 200, 'reg_alpha': 0.1, 'reg_lambda': 1.0, 'subsample': 0.8}
2025-12-17 21:04:44,973 [INFO] [__main__:276] Grid search 24/64: {'colsample_bytree': 0.8, 'learning_rate': 0.1, 'max_depth': 3, 'n_estimators': 200, 'reg_alpha': 0.1, 'reg_lambda': 1.0, 'subsample': 1.0}
2025-12-17 21:04:45,053 [INFO] [__main__:276] Grid search 25/64: {'colsample_bytree': 0.8, 'learning_rate': 0.1, 'max_depth': 5, 'n_estimators': 100, 'reg_alpha': 0, 'reg_lambda': 1.0, 'subsample': 0.8}
2025-12-17 21:04:45,130 [INFO] [__main__:276] Grid search 26/64: {'colsample_bytree': 0.8, 'learning_rate': 0.1, 'max_depth': 5, 'n_estimators': 100, 'reg_alpha': 0, 'reg_lambda': 1.0, 'subsample': 1.0}
2025-12-17 21:04:45,206 [INFO] [__main__:276] Grid search 27/64: {'colsample_bytree': 0.8, 'learning_rate': 0.1, 'max_depth': 5, 'n_estimators': 100, 'reg_alpha': 0.1, 'reg_lambda': 1.0, 'subsample': 0.8}
2025-12-17 21:04:45,282 [INFO] [__main__:276] Grid search 28/64: {'colsample_bytree': 0.8, 'learning_rate': 0.1, 'max_depth': 5, 'n_estimators': 100, 'reg_alpha': 0.1, 'reg_lambda': 1.0, 'subsample': 1.0}
2025-12-17 21:04:45,358 [INFO] [__main__:276] Grid search 29/64: {'colsample_bytree': 0.8, 'learning_rate': 0.1, 'max_depth': 5, 'n_estimators': 200, 'reg_alpha': 0, 'reg_lambda': 1.0, 'subsample': 0.8}
2025-12-17 21:04:45,484 [INFO] [__main__:276] Grid search 30/64: {'colsample_bytree': 0.8, 'learning_rate': 0.1, 'max_depth': 5, 'n_estimators': 200, 'reg_alpha': 0, 'reg_lambda': 1.0, 'subsample': 1.0}
2025-12-17 21:04:45,605 [INFO] [__main__:276] Grid search 31/64: {'colsample_bytree': 0.8, 'learning_rate': 0.1, 'max_depth': 5, 'n_estimators': 200, 'reg_alpha': 0.1, 'reg_lambda': 1.0, 'subsample': 0.8}
2025-12-17 21:04:45,734 [INFO] [__main__:276] Grid search 32/64: {'colsample_bytree': 0.8, 'learning_rate': 0.1, 'max_depth': 5, 'n_estimators': 200, 'reg_alpha': 0.1, 'reg_lambda': 1.0, 'subsample': 1.0}
2025-12-17 21:04:45,870 [INFO] [__main__:276] Grid search 33/64: {'colsample_bytree': 1.0, 'learning_rate': 0.01, 'max_depth': 3, 'n_estimators': 100, 'reg_alpha': 0, 'reg_lambda': 1.0, 'subsample': 0.8}
2025-12-17 21:04:45,923 [INFO] [__main__:276] Grid search 34/64: {'colsample_bytree': 1.0, 'learning_rate': 0.01, 'max_depth': 3, 'n_estimators': 100, 'reg_alpha': 0, 'reg_lambda': 1.0, 'subsample': 1.0}
2025-12-17 21:04:45,977 [INFO] [__main__:276] Grid search 35/64: {'colsample_bytree': 1.0, 'learning_rate': 0.01, 'max_depth': 3, 'n_estimators': 100, 'reg_alpha': 0.1, 'reg_lambda': 1.0, 'subsample': 0.8}
2025-12-17 21:04:46,030 [INFO] [__main__:276] Grid search 36/64: {'colsample_bytree': 1.0, 'learning_rate': 0.01, 'max_depth': 3, 'n_estimators': 100, 'reg_alpha': 0.1, 'reg_lambda': 1.0, 'subsample': 1.0}
2025-12-17 21:04:46,085 [INFO] [__main__:276] Grid search 37/64: {'colsample_bytree': 1.0, 'learning_rate': 0.01, 'max_depth': 3, 'n_estimators': 200, 'reg_alpha': 0, 'reg_lambda': 1.0, 'subsample': 0.8}
2025-12-17 21:04:46,188 [INFO] [__main__:276] Grid search 38/64: {'colsample_bytree': 1.0, 'learning_rate': 0.01, 'max_depth': 3, 'n_estimators': 200, 'reg_alpha': 0, 'reg_lambda': 1.0, 'subsample': 1.0}
2025-12-17 21:04:46,289 [INFO] [__main__:276] Grid search 39/64: {'colsample_bytree': 1.0, 'learning_rate': 0.01, 'max_depth': 3, 'n_estimators': 200, 'reg_alpha': 0.1, 'reg_lambda': 1.0, 'subsample': 0.8}
2025-12-17 21:04:46,390 [INFO] [__main__:276] Grid search 40/64: {'colsample_bytree': 1.0, 'learning_rate': 0.01, 'max_depth': 3, 'n_estimators': 200, 'reg_alpha': 0.1, 'reg_lambda': 1.0, 'subsample': 1.0}
2025-12-17 21:04:46,493 [INFO] [__main__:276] Grid search 41/64: {'colsample_bytree': 1.0, 'learning_rate': 0.01, 'max_depth': 5, 'n_estimators': 100, 'reg_alpha': 0, 'reg_lambda': 1.0, 'subsample': 0.8}
2025-12-17 21:04:46,592 [INFO] [__main__:276] Grid search 42/64: {'colsample_bytree': 1.0, 'learning_rate': 0.01, 'max_depth': 5, 'n_estimators': 100, 'reg_alpha': 0, 'reg_lambda': 1.0, 'subsample': 1.0}
2025-12-17 21:04:46,699 [INFO] [__main__:276] Grid search 43/64: {'colsample_bytree': 1.0, 'learning_rate': 0.01, 'max_depth': 5, 'n_estimators': 100, 'reg_alpha': 0.1, 'reg_lambda': 1.0, 'subsample': 0.8}
2025-12-17 21:04:46,799 [INFO] [__main__:276] Grid search 44/64: {'colsample_bytree': 1.0, 'learning_rate': 0.01, 'max_depth': 5, 'n_estimators': 100, 'reg_alpha': 0.1, 'reg_lambda': 1.0, 'subsample': 1.0}
2025-12-17 21:04:46,905 [INFO] [__main__:276] Grid search 45/64: {'colsample_bytree': 1.0, 'learning_rate': 0.01, 'max_depth': 5, 'n_estimators': 200, 'reg_alpha': 0, 'reg_lambda': 1.0, 'subsample': 0.8}
2025-12-17 21:04:47,096 [INFO] [__main__:276] Grid search 46/64: {'colsample_bytree': 1.0, 'learning_rate': 0.01, 'max_depth': 5, 'n_estimators': 200, 'reg_alpha': 0, 'reg_lambda': 1.0, 'subsample': 1.0}
2025-12-17 21:04:47,296 [INFO] [__main__:276] Grid search 47/64: {'colsample_bytree': 1.0, 'learning_rate': 0.01, 'max_depth': 5, 'n_estimators': 200, 'reg_alpha': 0.1, 'reg_lambda': 1.0, 'subsample': 0.8}
2025-12-17 21:04:47,493 [INFO] [__main__:276] Grid search 48/64: {'colsample_bytree': 1.0, 'learning_rate': 0.01, 'max_depth': 5, 'n_estimators': 200, 'reg_alpha': 0.1, 'reg_lambda': 1.0, 'subsample': 1.0}
2025-12-17 21:04:47,695 [INFO] [__main__:276] Grid search 49/64: {'colsample_bytree': 1.0, 'learning_rate': 0.1, 'max_depth': 3, 'n_estimators': 100, 'reg_alpha': 0, 'reg_lambda': 1.0, 'subsample': 0.8}
2025-12-17 21:04:47,748 [INFO] [__main__:276] Grid search 50/64: {'colsample_bytree': 1.0, 'learning_rate': 0.1, 'max_depth': 3, 'n_estimators': 100, 'reg_alpha': 0, 'reg_lambda': 1.0, 'subsample': 1.0}
2025-12-17 21:04:47,802 [INFO] [__main__:276] Grid search 51/64: {'colsample_bytree': 1.0, 'learning_rate': 0.1, 'max_depth': 3, 'n_estimators': 100, 'reg_alpha': 0.1, 'reg_lambda': 1.0, 'subsample': 0.8}
2025-12-17 21:04:47,855 [INFO] [__main__:276] Grid search 52/64: {'colsample_bytree': 1.0, 'learning_rate': 0.1, 'max_depth': 3, 'n_estimators': 100, 'reg_alpha': 0.1, 'reg_lambda': 1.0, 'subsample': 1.0}
2025-12-17 21:04:47,910 [INFO] [__main__:276] Grid search 53/64: {'colsample_bytree': 1.0, 'learning_rate': 0.1, 'max_depth': 3, 'n_estimators': 200, 'reg_alpha': 0, 'reg_lambda': 1.0, 'subsample': 0.8}
2025-12-17 21:04:48,007 [INFO] [__main__:276] Grid search 54/64: {'colsample_bytree': 1.0, 'learning_rate': 0.1, 'max_depth': 3, 'n_estimators': 200, 'reg_alpha': 0, 'reg_lambda': 1.0, 'subsample': 1.0}
2025-12-17 21:04:48,106 [INFO] [__main__:276] Grid search 55/64: {'colsample_bytree': 1.0, 'learning_rate': 0.1, 'max_depth': 3, 'n_estimators': 200, 'reg_alpha': 0.1, 'reg_lambda': 1.0, 'subsample': 0.8}
2025-12-17 21:04:48,206 [INFO] [__main__:276] Grid search 56/64: {'colsample_bytree': 1.0, 'learning_rate': 0.1, 'max_depth': 3, 'n_estimators': 200, 'reg_alpha': 0.1, 'reg_lambda': 1.0, 'subsample': 1.0}
2025-12-17 21:04:48,308 [INFO] [__main__:276] Grid search 57/64: {'colsample_bytree': 1.0, 'learning_rate': 0.1, 'max_depth': 5, 'n_estimators': 100, 'reg_alpha': 0, 'reg_lambda': 1.0, 'subsample': 0.8}
2025-12-17 21:04:48,400 [INFO] [__main__:276] Grid search 58/64: {'colsample_bytree': 1.0, 'learning_rate': 0.1, 'max_depth': 5, 'n_estimators': 100, 'reg_alpha': 0, 'reg_lambda': 1.0, 'subsample': 1.0}
2025-12-17 21:04:48,495 [INFO] [__main__:276] Grid search 59/64: {'colsample_bytree': 1.0, 'learning_rate': 0.1, 'max_depth': 5, 'n_estimators': 100, 'reg_alpha': 0.1, 'reg_lambda': 1.0, 'subsample': 0.8}
2025-12-17 21:04:48,588 [INFO] [__main__:276] Grid search 60/64: {'colsample_bytree': 1.0, 'learning_rate': 0.1, 'max_depth': 5, 'n_estimators': 100, 'reg_alpha': 0.1, 'reg_lambda': 1.0, 'subsample': 1.0}
2025-12-17 21:04:48,684 [INFO] [__main__:276] Grid search 61/64: {'colsample_bytree': 1.0, 'learning_rate': 0.1, 'max_depth': 5, 'n_estimators': 200, 'reg_alpha': 0, 'reg_lambda': 1.0, 'subsample': 0.8}
2025-12-17 21:04:48,841 [INFO] [__main__:276] Grid search 62/64: {'colsample_bytree': 1.0, 'learning_rate': 0.1, 'max_depth': 5, 'n_estimators': 200, 'reg_alpha': 0, 'reg_lambda': 1.0, 'subsample': 1.0}
2025-12-17 21:04:49,007 [INFO] [__main__:276] Grid search 63/64: {'colsample_bytree': 1.0, 'learning_rate': 0.1, 'max_depth': 5, 'n_estimators': 200, 'reg_alpha': 0.1, 'reg_lambda': 1.0, 'subsample': 0.8}
2025-12-17 21:04:49,172 [INFO] [__main__:276] Grid search 64/64: {'colsample_bytree': 1.0, 'learning_rate': 0.1, 'max_depth': 5, 'n_estimators': 200, 'reg_alpha': 0.1, 'reg_lambda': 1.0, 'subsample': 1.0}
2025-12-17 21:04:49,343 [INFO] [__main__:336] Best hyperparameters from 20% sample: {'colsample_bytree': 0.8, 'learning_rate': 0.1, 'max_depth': 5, 'n_estimators': 200, 'reg_alpha': 0, 'reg_lambda': 1.0, 'subsample': 0.8} (val_f1: 0.8491)
2025-12-17 21:04:49,343 [INFO] [__main__:339] ================================================================================
2025-12-17 21:04:49,344 [INFO] [__main__:340] FINAL TRAINING (XGBOOST): Using full dataset with best hyperparameters
2025-12-17 21:04:49,344 [INFO] [__main__:341] ================================================================================
2025-12-17 21:04:49,345 [INFO] [__main__:355] CV fold 1/5
2025-12-17 21:04:50,231 [INFO] [__main__:355] CV fold 2/5
2025-12-17 21:04:50,408 [INFO] [__main__:355] CV fold 3/5
2025-12-17 21:04:50,605 [INFO] [__main__:355] CV fold 4/5
2025-12-17 21:04:50,781 [INFO] [__main__:355] CV fold 5/5
2025-12-17 21:04:50,961 [INFO] [__main__:432] CV F1: 0.9533 ± 0.0120
2025-12-17 21:04:50,961 [INFO] [__main__:433] CV AUC: 0.9902 ± 0.0048
2025-12-17 21:04:50,961 [INFO] [__main__:434] CV Precision: 0.9540 ± 0.0205
2025-12-17 21:04:50,961 [INFO] [__main__:435] CV Recall: 0.9529 ± 0.0122
2025-12-17 21:04:50,961 [INFO] [__main__:438] Training final model on full training+validation set...
2025-12-17 21:04:51,150 [INFO] [__main__:482] Test F1: 0.9686
2025-12-17 21:04:51,150 [INFO] [__main__:483] Test AUC: 0.9972
2025-12-17 21:04:51,150 [INFO] [__main__:484] Test AP: 0.9974
2025-12-17 21:04:51,150 [INFO] [__main__:485] Test Acc: 0.9680
2025-12-17 21:04:51,150 [INFO] [__main__:486] Test Precision: 0.9701
2025-12-17 21:04:51,150 [INFO] [__main__:487] Test Recall: 0.9672
2025-12-17 21:04:51,150 [INFO] [__main__:488] Test Confusion Matrix:
[[311  10]
 [ 11 324]]
2025-12-17 21:04:51,150 [INFO] [__main__:489] Test Class 0 - Precision: 0.9658, Recall: 0.9688, F1: 0.9673
2025-12-17 21:04:51,150 [INFO] [__main__:490] Test Class 1 - Precision: 0.9701, Recall: 0.9672, F1: 0.9686
2025-12-17 21:04:58,047 [INFO] [__main__:580] ✓ XGBOOST training complete
2025-12-17 21:04:58,047 [INFO] [__main__:582] ================================================================================
2025-12-17 21:04:58,047 [INFO] [__main__:583] GRADIENT BOOSTING TRAINING COMPLETE
2025-12-17 21:04:58,047 [INFO] [__main__:584] ================================================================================
2025-12-17 21:04:58,047 [INFO] [__main__:585] Training complete. Results saved to: /gpfs/accounts/si670f25_class_root/si670f25_class/santoshd/fvc/data/stage5/gradient_boosting
2025-12-17 21:04:58,047 [INFO] [__main__:586] ================================================================================
2025-12-17 21:04:58,047 [INFO] [__main__:587] STAGE 5BETA TRAINING COMPLETED SUCCESSFULLY
2025-12-17 21:04:58,047 [INFO] [__main__:588] ================================================================================
