2025-12-18 15:32:18 [INFO] [__main__:310] ================================================================================
2025-12-18 15:32:18 [INFO] [__main__:311] STAGE 5: MODEL TRAINING
2025-12-18 15:32:18 [INFO] [__main__:312] ================================================================================
2025-12-18 15:32:18 [INFO] [__main__:313] Project root: /gpfs/accounts/si670f25_class_root/si670f25_class/santoshd/fvc
2025-12-18 15:32:18 [INFO] [__main__:314] Scaled metadata: /gpfs/accounts/si670f25_class_root/si670f25_class/santoshd/fvc/data/scaled_videos/scaled_metadata.arrow
2025-12-18 15:32:18 [INFO] [__main__:315] Features Stage 2: /gpfs/accounts/si670f25_class_root/si670f25_class/santoshd/fvc/data/features_stage2/features_metadata.arrow
2025-12-18 15:32:18 [INFO] [__main__:316] Features Stage 4: /gpfs/accounts/si670f25_class_root/si670f25_class/santoshd/fvc/data/features_stage4/features_scaled_metadata.arrow
2025-12-18 15:32:18 [INFO] [__main__:317] Model types: ['xgboost_pretrained_inception']
2025-12-18 15:32:18 [INFO] [__main__:318] K-fold splits: 5
2025-12-18 15:32:18 [INFO] [__main__:319] Number of frames: 1000
2025-12-18 15:32:18 [INFO] [__main__:320] Output directory: /gpfs/accounts/si670f25_class_root/si670f25_class/santoshd/fvc/data/stage5
2025-12-18 15:32:18 [INFO] [__main__:321] Experiment tracking: Enabled
2025-12-18 15:32:18 [INFO] [__main__:324] Delete existing: True
2025-12-18 15:32:18 [INFO] [__main__:325] Resume mode: True
2025-12-18 15:32:18 [INFO] [__main__:326] Log file: /gpfs/accounts/si670f25_class_root/si670f25_class/santoshd/fvc/logs/stage5_training_1766089938.log
2025-12-18 15:32:18 [INFO] [__main__:333] ================================================================================
2025-12-18 15:32:18 [INFO] [__main__:334] Checking prerequisites...
2025-12-18 15:32:18 [INFO] [__main__:335] ================================================================================
2025-12-18 15:32:18 [INFO] [__main__:342] ✓ Scaled metadata file found: /gpfs/accounts/si670f25_class_root/si670f25_class/santoshd/fvc/data/scaled_videos/scaled_metadata.arrow
2025-12-18 15:32:18 [INFO] [__main__:352] ✓ All model types are valid
2025-12-18 15:32:18 [INFO] [__main__:358] ================================================================================
2025-12-18 15:32:18 [INFO] [__main__:359] Initial memory statistics:
2025-12-18 15:32:18 [INFO] [__main__:360] ================================================================================
2025-12-18 15:32:18 [INFO] [lib.utils.memory:91] Memory stats (Stage 5: before training): {'cpu_memory_mb': 756.5, 'cpu_memory_gb': 0.73876953125, 'cpu_vms_mb': 10290.22265625, 'gpu_allocated_gb': 0.0, 'gpu_reserved_gb': 0.0, 'gpu_total_gb': 16.928342016, 'gpu_free_gb': 16.928342016}
2025-12-18 15:32:18 [INFO] [__main__:364] ================================================================================
2025-12-18 15:32:18 [INFO] [__main__:365] Starting Stage 5: Model Training
2025-12-18 15:32:18 [INFO] [__main__:366] ================================================================================
2025-12-18 15:32:18 [INFO] [__main__:367] Training 1 model(s) with 5-fold cross-validation
2025-12-18 15:32:18 [INFO] [__main__:368] This may take a while depending on dataset size and model complexity...
2025-12-18 15:32:18 [INFO] [__main__:369] Progress will be logged in real-time
2025-12-18 15:32:18 [INFO] [__main__:370] ================================================================================
2025-12-18 15:32:18 [INFO] [__main__:375] Calling Stage 5 training pipeline...
2025-12-18 15:32:18 [INFO] [__main__:376] This may take a while - progress will be logged in real-time
2025-12-18 15:32:19 [INFO] [lib.training.pipeline:1719] Applied global PyTorch memory optimizations at pipeline start
2025-12-18 15:32:19 [INFO] [lib.training.pipeline:1722] ================================================================================
2025-12-18 15:32:19 [INFO] [lib.training.pipeline:1723] Stage 5: Model Training Pipeline Started
2025-12-18 15:32:19 [INFO] [lib.training.pipeline:1724] ================================================================================
2025-12-18 15:32:19 [INFO] [lib.training.pipeline:1725] Model types: ['xgboost_pretrained_inception']
2025-12-18 15:32:19 [INFO] [lib.training.pipeline:1726] K-fold splits: 5
2025-12-18 15:32:19 [INFO] [lib.training.pipeline:1727] Frames per video: 1000
2025-12-18 15:32:19 [INFO] [lib.training.pipeline:1728] Output directory: data/stage5
2025-12-18 15:32:19 [INFO] [lib.training.pipeline:1729] Initializing pipeline...
2025-12-18 15:32:19 [INFO] [lib.training.pipeline:254] ================================================================================
2025-12-18 15:32:19 [INFO] [lib.training.pipeline:255] STAGE 5 PREREQUISITE VALIDATION
2025-12-18 15:32:19 [INFO] [lib.training.pipeline:256] ================================================================================
2025-12-18 15:32:19 [INFO] [lib.training.pipeline:258] 
[1/3] Checking Stage 3 (scaled videos) - REQUIRED for all models...
2025-12-18 15:32:19 [INFO] [lib.training.pipeline:267] ✓ Stage 3 metadata found: 3278 scaled videos
2025-12-18 15:32:19 [INFO] [lib.training.pipeline:268]   Path: /gpfs/accounts/si670f25_class_root/si670f25_class/santoshd/fvc/data/scaled_videos/scaled_metadata.arrow
2025-12-18 15:32:19 [INFO] [lib.training.pipeline:270] 
[2/3] Checking Stage 2 (features) - REQUIRED for *_stage2 models...
2025-12-18 15:32:19 [INFO] [lib.training.pipeline:278] ✓ Stage 2 metadata found: 3278 feature rows
2025-12-18 15:32:19 [INFO] [lib.training.pipeline:279]   Path: /gpfs/accounts/si670f25_class_root/si670f25_class/santoshd/fvc/data/features_stage2/features_metadata.arrow
2025-12-18 15:32:19 [INFO] [lib.training.pipeline:281] 
[3/3] Checking Stage 4 (scaled features) - REQUIRED for *_stage2_stage4 models...
2025-12-18 15:32:19 [INFO] [lib.training.pipeline:289] ✓ Stage 4 metadata found: 3277 feature rows
2025-12-18 15:32:19 [INFO] [lib.training.pipeline:290]   Path: /gpfs/accounts/si670f25_class_root/si670f25_class/santoshd/fvc/data/features_stage4/features_scaled_metadata.arrow
2025-12-18 15:32:19 [INFO] [lib.training.pipeline:292] 
================================================================================
2025-12-18 15:32:19 [INFO] [lib.training.pipeline:293] MODEL REQUIREMENTS CHECK
2025-12-18 15:32:19 [INFO] [lib.training.pipeline:294] ================================================================================
2025-12-18 15:32:19 [INFO] [lib.training.pipeline:313] ✓ xgboost_pretrained_inception: CAN RUN
2025-12-18 15:32:19 [INFO] [lib.training.pipeline:315] 
================================================================================
2025-12-18 15:32:19 [INFO] [lib.training.pipeline:316] VALIDATION SUMMARY
2025-12-18 15:32:19 [INFO] [lib.training.pipeline:317] ================================================================================
2025-12-18 15:32:19 [INFO] [lib.training.pipeline:318] Stage 3 (scaled videos): ✓ Available
2025-12-18 15:32:19 [INFO] [lib.training.pipeline:319]   Count: 3278 videos
2025-12-18 15:32:19 [INFO] [lib.training.pipeline:320] Stage 2 (features): ✓ Available
2025-12-18 15:32:19 [INFO] [lib.training.pipeline:321]   Count: 3278 feature rows
2025-12-18 15:32:19 [INFO] [lib.training.pipeline:322] Stage 4 (scaled features): ✓ Available
2025-12-18 15:32:19 [INFO] [lib.training.pipeline:323]   Count: 3277 feature rows
2025-12-18 15:32:19 [INFO] [lib.training.pipeline:324] 
Runnable models: 1/1
2025-12-18 15:32:19 [INFO] [lib.training.pipeline:325]   ['xgboost_pretrained_inception']
2025-12-18 15:32:19 [INFO] [lib.training.pipeline:332] ================================================================================
2025-12-18 15:32:19 [INFO] [lib.training.pipeline:1810] 
Stage 5: Loading metadata...
2025-12-18 15:32:19 [INFO] [lib.training.pipeline:1834] Loaded metadata: 3278 rows
2025-12-18 15:32:19 [INFO] [lib.training.pipeline:1844] ✓ Data validation passed: 3278 rows (> 3000 required)
2025-12-18 15:32:19 [WARNING] [lib.utils.guardrails:171] Disk usage high: free=726149.36GB, used=1773690.64GB (71.0%)
2025-12-18 15:32:19 [INFO] [lib.training.pipeline:1865] Loading Stage 2 and Stage 4 features (required for feature-based models)...
2025-12-18 15:32:19 [INFO] [lib.training.pipeline:1875] Stage 5: Found 3278 scaled videos
2025-12-18 15:32:19 [INFO] [lib.training.pipeline:1878] ================================================================================
2025-12-18 15:32:19 [INFO] [lib.training.pipeline:1879] STAGE 5: VALIDATING VIDEOS (checking for corruption and empty videos)
2025-12-18 15:32:19 [INFO] [lib.training.pipeline:1880] ================================================================================
2025-12-18 15:32:19 [INFO] [lib.data.loading:156] Checking file existence for 3278 videos...
2025-12-18 15:32:21 [INFO] [lib.data.loading:166] Found 3278 existing video files (filtered out 0 missing files)
2025-12-18 15:32:21 [INFO] [lib.data.loading:170] Checking for corrupted videos (moov atom errors, etc.)...
2025-12-18 15:32:21 [INFO] [lib.data.loading:92] Loaded validation cache from /gpfs/accounts/si670f25_class_root/si670f25_class/santoshd/fvc/data/.video_validation_cache/validation_0192be168a40eb7e_corruptTrue_framesTrue.parquet (3278 entries)
2025-12-18 15:32:21 [INFO] [lib.data.loading:194] Cache hit: 3278 videos, Cache miss: 0 videos
2025-12-18 15:32:21 [WARNING] [lib.data.loading:306] Filtered out 1 corrupted videos and 0 empty videos. Keeping 3277 valid videos.
2025-12-18 15:32:21 [WARNING] [lib.data.loading:311] Sample of invalid videos:
2025-12-18 15:32:21 [WARNING] [lib.data.loading:313]   data/scaled_videos/FX5aeuJFQ64_aug1_scaled_aug1.mp4: Corrupted video: moov atom not found
2025-12-18 15:32:21 [INFO] [lib.data.loading:323] Found /gpfs/accounts/si670f25_class_root/si670f25_class/santoshd/fvc/data/skip_frame_check.txt - skipping frame check as requested.
2025-12-18 15:32:21 [WARNING] [lib.data.loading:387] Filtered out 1 invalid videos (corrupted). Keeping 3277 valid videos.
2025-12-18 15:32:21 [INFO] [lib.training.pipeline:1889] ✓ Video validation complete: 3277 valid videos ready for training
2025-12-18 15:32:21 [INFO] [lib.training.pipeline:1890] ================================================================================
2025-12-18 15:32:21 [INFO] [lib.training.pipeline:1976] Frame caching enabled (default): cache_dir=data/.frame_cache. This will cache processed frames to disk to speed up training. First epoch will be slower (building cache), subsequent epochs will be faster. To disable, set FVC_USE_FRAME_CACHE=0
2025-12-18 15:32:21 [INFO] [lib.training.pipeline:2049] Overriding num_frames to 400 for xgboost_pretrained_inception. Original num_frames was 1000.
2025-12-18 15:32:21 [INFO] [lib.training.pipeline:2077] Stage 5: Deleting existing model results (clean mode)...
2025-12-18 15:32:21 [INFO] [lib.training.pipeline:2085] Deleted existing results for xgboost_pretrained_inception
2025-12-18 15:32:21 [INFO] [lib.training.pipeline:2088] Stage 5: Deleted 1 existing model directories
2025-12-18 15:32:21 [INFO] [lib.training.pipeline:2092] 
================================================================================
2025-12-18 15:32:21 [INFO] [lib.training.pipeline:2093] Stage 5: Training model: xgboost_pretrained_inception
2025-12-18 15:32:21 [INFO] [lib.training.pipeline:2094] ================================================================================
2025-12-18 15:32:21 [INFO] [lib.training.pipeline:2112] Overriding model_config num_frames to 400 for xgboost_pretrained_inception (XGBoost pretrained model with enhanced feature extraction) to improve feature quality.
2025-12-18 15:32:21 [INFO] [lib.training.pipeline:2130] Grid search: 1 hyperparameter combinations to try
2025-12-18 15:32:21 [INFO] [lib.training.pipeline:2138] ================================================================================
2025-12-18 15:32:21 [INFO] [lib.training.pipeline:2139] HYPERPARAMETER SEARCH: Using 10.0% stratified sample for efficiency
2025-12-18 15:32:21 [INFO] [lib.training.pipeline:2140] ================================================================================
2025-12-18 15:32:21 [INFO] [lib.training.pipeline:2149] Hyperparameter search sample: 327 rows (10.0% of 3277 total)
2025-12-18 15:32:21 [INFO] [lib.training.pipeline:2150] To change sample size, set FVC_GRID_SEARCH_SAMPLE_SIZE environment variable (current: 0.1)
2025-12-18 15:32:21 [INFO] [lib.training.pipeline:2162] Using 5-fold stratified cross-validation on 10.0% sample for hyperparameter search
2025-12-18 15:32:21 [INFO] [lib.training.pipeline:2173] 
================================================================================
2025-12-18 15:32:21 [INFO] [lib.training.pipeline:2174] Grid Search: Hyperparameter combination 1/1
2025-12-18 15:32:21 [INFO] [lib.training.pipeline:2175] Parameters: {'n_estimators': 100, 'max_depth': 5, 'learning_rate': 0.1, 'subsample': 0.8, 'colsample_bytree': 0.8}
2025-12-18 15:32:21 [INFO] [lib.training.pipeline:2176] ================================================================================
2025-12-18 15:32:21 [INFO] [lib.training.pipeline:2194] 
Hyperparameter Search - xgboost_pretrained_inception - Fold 1/5 (10.0% sample)
2025-12-18 15:32:21 [INFO] [lib.training.pipeline:586] Training XGBoost model xgboost_pretrained_inception on fold 1...
2025-12-18 15:32:21 [INFO] [lib.training._xgboost_pretrained:704] Training XGBoost on features from pretrained_inception...
2025-12-18 15:32:21 [INFO] [lib.training._xgboost_pretrained:705] Processing 261 videos...
2025-12-18 15:32:22 [INFO] [lib.training._xgboost_pretrained:590] Loading pretrained model: pretrained_inception (num_frames=400)
2025-12-18 15:32:23 [INFO] [lib.training._xgboost_pretrained:605] Loaded pretrained_inception model to GPU, cleared cache
2025-12-18 15:32:23 [INFO] [lib.training._xgboost_pretrained:672] Extracting features using pretrained_inception (num_frames=400)...
2025-12-18 15:32:23 [INFO] [lib.training._xgboost_pretrained:101] Applied PyTorch memory optimizations for feature extraction
2025-12-18 15:48:00 [INFO] [lib.training._xgboost_pretrained:478] Extracted features shape: (261, 2432)
2025-12-18 15:48:00 [INFO] [lib.training._xgboost_pretrained:690] Cleared pretrained_inception model from GPU after feature extraction
2025-12-18 15:48:01 [INFO] [lib.training._xgboost_pretrained:728] Removing collinear features...
2025-12-18 15:48:01 [INFO] [lib.training.feature_preprocessing:77] Removed 8 features with zero variance
2025-12-18 15:48:01 [INFO] [lib.training.feature_preprocessing:141] Removed 433 collinear features (correlation >= 0.95)
2025-12-18 15:48:01 [INFO] [lib.training.feature_preprocessing:162] Final feature count: 1991/2432 (81.9% retained)
2025-12-18 15:48:01 [INFO] [lib.training._xgboost_pretrained:735] Using 1991 features after collinearity removal
2025-12-18 15:48:01 [INFO] [lib.training._xgboost_pretrained:751] Class distribution: Class 0=128, Class 1=133, scale_pos_weight=0.962
2025-12-18 15:48:01 [INFO] [lib.training._xgboost_pretrained:769] Training XGBoost: 208 train samples, 53 validation samples for early stopping
2025-12-18 15:48:01 [INFO] [lib.training._xgboost_pretrained:772] Training XGBoost with improved architecture (multi-layer + temporal pooling + class weights + early stopping)...
2025-12-18 15:48:06 [INFO] [lib.training._xgboost_pretrained:838] Early stopping: Best iteration = 58 (out of 200)
2025-12-18 15:48:06 [INFO] [lib.training._xgboost_pretrained:844] ✓ XGBoost trained on pretrained model features with enhanced feature extraction
2025-12-18 15:48:06 [INFO] [lib.training._xgboost_pretrained:590] Loading pretrained model: pretrained_inception (num_frames=400)
2025-12-18 15:48:07 [INFO] [lib.training._xgboost_pretrained:605] Loaded pretrained_inception model to GPU, cleared cache
2025-12-18 15:48:07 [INFO] [lib.training._xgboost_pretrained:672] Extracting features using pretrained_inception (num_frames=400)...
2025-12-18 15:48:07 [INFO] [lib.training._xgboost_pretrained:101] Applied PyTorch memory optimizations for feature extraction
2025-12-18 15:51:52 [INFO] [lib.training._xgboost_pretrained:478] Extracted features shape: (66, 2432)
2025-12-18 15:51:52 [INFO] [lib.training._xgboost_pretrained:690] Cleared pretrained_inception model from GPU after feature extraction
2025-12-18 15:51:52 [INFO] [lib.training.pipeline:667] Fold 1 - Val Loss: 0.6785, Val Acc: 0.6212, Val F1: 0.7312, Val Precision: 0.5763, Val Recall: 1.0000
2025-12-18 15:51:52 [INFO] [lib.training.pipeline:672]   Class 0 - Precision: 1.0000, Recall: 0.2188, F1: 0.3590
2025-12-18 15:51:52 [INFO] [lib.training.pipeline:676]   Class 1 - Precision: 0.5763, Recall: 1.0000, F1: 0.7312
2025-12-18 15:51:53 [INFO] [lib.training._xgboost_pretrained:912] Saved XGBoost model to /gpfs/accounts/si670f25_class_root/si670f25_class/santoshd/fvc/data/stage5/xgboost_pretrained_inception/fold_1
2025-12-18 15:51:53 [INFO] [lib.training.pipeline:683] Saved XGBoost model to /gpfs/accounts/si670f25_class_root/si670f25_class/santoshd/fvc/data/stage5/xgboost_pretrained_inception/fold_1
2025-12-18 15:51:53 [INFO] [lib.utils.duckdb_analytics:47] DuckDB analytics initialized
2025-12-18 15:51:59 [INFO] [lib.utils.duckdb_analytics:253] DuckDB connection closed
2025-12-18 15:52:03 [INFO] [lib.training.visualization:486] Generated fold 1 plots: ROC/PR curves and confusion matrix
2025-12-18 15:52:04 [INFO] [lib.training.pipeline:2194] 
Hyperparameter Search - xgboost_pretrained_inception - Fold 2/5 (10.0% sample)
2025-12-18 15:52:04 [INFO] [lib.training.pipeline:586] Training XGBoost model xgboost_pretrained_inception on fold 2...
2025-12-18 15:52:04 [INFO] [lib.training._xgboost_pretrained:704] Training XGBoost on features from pretrained_inception...
2025-12-18 15:52:04 [INFO] [lib.training._xgboost_pretrained:705] Processing 261 videos...
2025-12-18 15:52:04 [INFO] [lib.training._xgboost_pretrained:590] Loading pretrained model: pretrained_inception (num_frames=400)
2025-12-18 15:52:05 [INFO] [lib.training._xgboost_pretrained:605] Loaded pretrained_inception model to GPU, cleared cache
2025-12-18 15:52:05 [INFO] [lib.training._xgboost_pretrained:672] Extracting features using pretrained_inception (num_frames=400)...
2025-12-18 15:52:05 [INFO] [lib.training._xgboost_pretrained:101] Applied PyTorch memory optimizations for feature extraction
2025-12-18 16:07:03 [INFO] [lib.training._xgboost_pretrained:478] Extracted features shape: (261, 2432)
2025-12-18 16:07:04 [INFO] [lib.training._xgboost_pretrained:690] Cleared pretrained_inception model from GPU after feature extraction
2025-12-18 16:07:04 [INFO] [lib.training._xgboost_pretrained:728] Removing collinear features...
2025-12-18 16:07:04 [INFO] [lib.training.feature_preprocessing:77] Removed 4 features with zero variance
2025-12-18 16:07:04 [INFO] [lib.training.feature_preprocessing:141] Removed 449 collinear features (correlation >= 0.95)
2025-12-18 16:07:04 [INFO] [lib.training.feature_preprocessing:162] Final feature count: 1979/2432 (81.4% retained)
2025-12-18 16:07:04 [INFO] [lib.training._xgboost_pretrained:735] Using 1979 features after collinearity removal
2025-12-18 16:07:04 [INFO] [lib.training._xgboost_pretrained:751] Class distribution: Class 0=128, Class 1=133, scale_pos_weight=0.962
2025-12-18 16:07:04 [INFO] [lib.training._xgboost_pretrained:769] Training XGBoost: 208 train samples, 53 validation samples for early stopping
2025-12-18 16:07:04 [INFO] [lib.training._xgboost_pretrained:772] Training XGBoost with improved architecture (multi-layer + temporal pooling + class weights + early stopping)...
2025-12-18 16:07:07 [INFO] [lib.training._xgboost_pretrained:838] Early stopping: Best iteration = 42 (out of 200)
2025-12-18 16:07:07 [INFO] [lib.training._xgboost_pretrained:844] ✓ XGBoost trained on pretrained model features with enhanced feature extraction
2025-12-18 16:07:07 [INFO] [lib.training._xgboost_pretrained:590] Loading pretrained model: pretrained_inception (num_frames=400)
2025-12-18 16:07:08 [INFO] [lib.training._xgboost_pretrained:605] Loaded pretrained_inception model to GPU, cleared cache
2025-12-18 16:07:08 [INFO] [lib.training._xgboost_pretrained:672] Extracting features using pretrained_inception (num_frames=400)...
2025-12-18 16:07:08 [INFO] [lib.training._xgboost_pretrained:101] Applied PyTorch memory optimizations for feature extraction
2025-12-18 16:11:19 [INFO] [lib.training._xgboost_pretrained:478] Extracted features shape: (66, 2432)
2025-12-18 16:11:19 [INFO] [lib.training._xgboost_pretrained:690] Cleared pretrained_inception model from GPU after feature extraction
2025-12-18 16:11:19 [INFO] [lib.training.pipeline:667] Fold 2 - Val Loss: 0.6364, Val Acc: 0.5303, Val F1: 0.6737, Val Precision: 0.5246, Val Recall: 0.9412
2025-12-18 16:11:19 [INFO] [lib.training.pipeline:672]   Class 0 - Precision: 0.6000, Recall: 0.0938, F1: 0.1622
2025-12-18 16:11:19 [INFO] [lib.training.pipeline:676]   Class 1 - Precision: 0.5246, Recall: 0.9412, F1: 0.6737
2025-12-18 16:11:19 [INFO] [lib.training._xgboost_pretrained:912] Saved XGBoost model to /gpfs/accounts/si670f25_class_root/si670f25_class/santoshd/fvc/data/stage5/xgboost_pretrained_inception/fold_2
2025-12-18 16:11:19 [INFO] [lib.training.pipeline:683] Saved XGBoost model to /gpfs/accounts/si670f25_class_root/si670f25_class/santoshd/fvc/data/stage5/xgboost_pretrained_inception/fold_2
2025-12-18 16:11:19 [INFO] [lib.utils.duckdb_analytics:47] DuckDB analytics initialized
2025-12-18 16:11:19 [INFO] [lib.utils.duckdb_analytics:253] DuckDB connection closed
2025-12-18 16:11:20 [INFO] [lib.training.visualization:486] Generated fold 2 plots: ROC/PR curves and confusion matrix
2025-12-18 16:11:21 [INFO] [lib.training.pipeline:2194] 
Hyperparameter Search - xgboost_pretrained_inception - Fold 3/5 (10.0% sample)
2025-12-18 16:11:21 [INFO] [lib.training.pipeline:586] Training XGBoost model xgboost_pretrained_inception on fold 3...
2025-12-18 16:11:21 [INFO] [lib.training._xgboost_pretrained:704] Training XGBoost on features from pretrained_inception...
2025-12-18 16:11:21 [INFO] [lib.training._xgboost_pretrained:705] Processing 262 videos...
2025-12-18 16:11:21 [INFO] [lib.training._xgboost_pretrained:590] Loading pretrained model: pretrained_inception (num_frames=400)
2025-12-18 16:11:21 [INFO] [lib.training._xgboost_pretrained:605] Loaded pretrained_inception model to GPU, cleared cache
2025-12-18 16:11:22 [INFO] [lib.training._xgboost_pretrained:672] Extracting features using pretrained_inception (num_frames=400)...
2025-12-18 16:11:22 [INFO] [lib.training._xgboost_pretrained:101] Applied PyTorch memory optimizations for feature extraction
2025-12-18 16:25:53 [INFO] [lib.training._xgboost_pretrained:478] Extracted features shape: (262, 2432)
2025-12-18 16:25:54 [INFO] [lib.training._xgboost_pretrained:690] Cleared pretrained_inception model from GPU after feature extraction
2025-12-18 16:25:54 [INFO] [lib.training._xgboost_pretrained:728] Removing collinear features...
2025-12-18 16:25:54 [INFO] [lib.training.feature_preprocessing:77] Removed 7 features with zero variance
2025-12-18 16:25:55 [INFO] [lib.training.feature_preprocessing:141] Removed 439 collinear features (correlation >= 0.95)
2025-12-18 16:25:55 [INFO] [lib.training.feature_preprocessing:162] Final feature count: 1986/2432 (81.7% retained)
2025-12-18 16:25:55 [INFO] [lib.training._xgboost_pretrained:735] Using 1986 features after collinearity removal
2025-12-18 16:25:55 [INFO] [lib.training._xgboost_pretrained:751] Class distribution: Class 0=128, Class 1=134, scale_pos_weight=0.955
2025-12-18 16:25:55 [INFO] [lib.training._xgboost_pretrained:769] Training XGBoost: 209 train samples, 53 validation samples for early stopping
2025-12-18 16:25:55 [INFO] [lib.training._xgboost_pretrained:772] Training XGBoost with improved architecture (multi-layer + temporal pooling + class weights + early stopping)...
2025-12-18 16:25:58 [INFO] [lib.training._xgboost_pretrained:838] Early stopping: Best iteration = 72 (out of 200)
2025-12-18 16:25:58 [INFO] [lib.training._xgboost_pretrained:844] ✓ XGBoost trained on pretrained model features with enhanced feature extraction
2025-12-18 16:25:58 [INFO] [lib.training._xgboost_pretrained:590] Loading pretrained model: pretrained_inception (num_frames=400)
2025-12-18 16:25:59 [INFO] [lib.training._xgboost_pretrained:605] Loaded pretrained_inception model to GPU, cleared cache
2025-12-18 16:25:59 [INFO] [lib.training._xgboost_pretrained:672] Extracting features using pretrained_inception (num_frames=400)...
2025-12-18 16:25:59 [INFO] [lib.training._xgboost_pretrained:101] Applied PyTorch memory optimizations for feature extraction
2025-12-18 16:29:39 [INFO] [lib.training._xgboost_pretrained:478] Extracted features shape: (65, 2432)
2025-12-18 16:29:39 [INFO] [lib.training._xgboost_pretrained:690] Cleared pretrained_inception model from GPU after feature extraction
2025-12-18 16:29:39 [INFO] [lib.training.pipeline:667] Fold 3 - Val Loss: 0.6763, Val Acc: 0.4923, Val F1: 0.6292, Val Precision: 0.5000, Val Recall: 0.8485
2025-12-18 16:29:39 [INFO] [lib.training.pipeline:672]   Class 0 - Precision: 0.4444, Recall: 0.1250, F1: 0.1951
2025-12-18 16:29:39 [INFO] [lib.training.pipeline:676]   Class 1 - Precision: 0.5000, Recall: 0.8485, F1: 0.6292
2025-12-18 16:29:39 [INFO] [lib.training._xgboost_pretrained:912] Saved XGBoost model to /gpfs/accounts/si670f25_class_root/si670f25_class/santoshd/fvc/data/stage5/xgboost_pretrained_inception/fold_3
2025-12-18 16:29:39 [INFO] [lib.training.pipeline:683] Saved XGBoost model to /gpfs/accounts/si670f25_class_root/si670f25_class/santoshd/fvc/data/stage5/xgboost_pretrained_inception/fold_3
2025-12-18 16:29:39 [INFO] [lib.utils.duckdb_analytics:47] DuckDB analytics initialized
2025-12-18 16:29:39 [INFO] [lib.utils.duckdb_analytics:253] DuckDB connection closed
2025-12-18 16:29:40 [INFO] [lib.training.visualization:486] Generated fold 3 plots: ROC/PR curves and confusion matrix
2025-12-18 16:29:41 [INFO] [lib.training.pipeline:2194] 
Hyperparameter Search - xgboost_pretrained_inception - Fold 4/5 (10.0% sample)
2025-12-18 16:29:41 [INFO] [lib.training.pipeline:586] Training XGBoost model xgboost_pretrained_inception on fold 4...
2025-12-18 16:29:41 [INFO] [lib.training._xgboost_pretrained:704] Training XGBoost on features from pretrained_inception...
2025-12-18 16:29:41 [INFO] [lib.training._xgboost_pretrained:705] Processing 262 videos...
2025-12-18 16:29:41 [INFO] [lib.training._xgboost_pretrained:590] Loading pretrained model: pretrained_inception (num_frames=400)
2025-12-18 16:29:42 [INFO] [lib.training._xgboost_pretrained:605] Loaded pretrained_inception model to GPU, cleared cache
2025-12-18 16:29:42 [INFO] [lib.training._xgboost_pretrained:672] Extracting features using pretrained_inception (num_frames=400)...
2025-12-18 16:29:42 [INFO] [lib.training._xgboost_pretrained:101] Applied PyTorch memory optimizations for feature extraction
2025-12-18 16:43:50 [INFO] [lib.training._xgboost_pretrained:478] Extracted features shape: (262, 2432)
2025-12-18 16:43:50 [INFO] [lib.training._xgboost_pretrained:690] Cleared pretrained_inception model from GPU after feature extraction
2025-12-18 16:43:50 [INFO] [lib.training._xgboost_pretrained:728] Removing collinear features...
2025-12-18 16:43:50 [INFO] [lib.training.feature_preprocessing:77] Removed 12 features with zero variance
2025-12-18 16:43:51 [INFO] [lib.training.feature_preprocessing:141] Removed 465 collinear features (correlation >= 0.95)
2025-12-18 16:43:51 [INFO] [lib.training.feature_preprocessing:162] Final feature count: 1955/2432 (80.4% retained)
2025-12-18 16:43:51 [INFO] [lib.training._xgboost_pretrained:735] Using 1955 features after collinearity removal
2025-12-18 16:43:51 [INFO] [lib.training._xgboost_pretrained:751] Class distribution: Class 0=128, Class 1=134, scale_pos_weight=0.955
2025-12-18 16:43:51 [INFO] [lib.training._xgboost_pretrained:769] Training XGBoost: 209 train samples, 53 validation samples for early stopping
2025-12-18 16:43:51 [INFO] [lib.training._xgboost_pretrained:772] Training XGBoost with improved architecture (multi-layer + temporal pooling + class weights + early stopping)...
2025-12-18 16:43:53 [INFO] [lib.training._xgboost_pretrained:838] Early stopping: Best iteration = 45 (out of 200)
2025-12-18 16:43:53 [INFO] [lib.training._xgboost_pretrained:844] ✓ XGBoost trained on pretrained model features with enhanced feature extraction
2025-12-18 16:43:54 [INFO] [lib.training._xgboost_pretrained:590] Loading pretrained model: pretrained_inception (num_frames=400)
2025-12-18 16:43:54 [INFO] [lib.training._xgboost_pretrained:605] Loaded pretrained_inception model to GPU, cleared cache
2025-12-18 16:43:54 [INFO] [lib.training._xgboost_pretrained:672] Extracting features using pretrained_inception (num_frames=400)...
2025-12-18 16:43:55 [INFO] [lib.training._xgboost_pretrained:101] Applied PyTorch memory optimizations for feature extraction
2025-12-18 16:47:26 [INFO] [lib.training._xgboost_pretrained:478] Extracted features shape: (65, 2432)
2025-12-18 16:47:26 [INFO] [lib.training._xgboost_pretrained:690] Cleared pretrained_inception model from GPU after feature extraction
2025-12-18 16:47:26 [INFO] [lib.training.pipeline:667] Fold 4 - Val Loss: 0.6379, Val Acc: 0.6462, Val F1: 0.6933, Val Precision: 0.6190, Val Recall: 0.7879
2025-12-18 16:47:26 [INFO] [lib.training.pipeline:672]   Class 0 - Precision: 0.6957, Recall: 0.5000, F1: 0.5818
2025-12-18 16:47:26 [INFO] [lib.training.pipeline:676]   Class 1 - Precision: 0.6190, Recall: 0.7879, F1: 0.6933
2025-12-18 16:47:26 [INFO] [lib.training._xgboost_pretrained:912] Saved XGBoost model to /gpfs/accounts/si670f25_class_root/si670f25_class/santoshd/fvc/data/stage5/xgboost_pretrained_inception/fold_4
2025-12-18 16:47:26 [INFO] [lib.training.pipeline:683] Saved XGBoost model to /gpfs/accounts/si670f25_class_root/si670f25_class/santoshd/fvc/data/stage5/xgboost_pretrained_inception/fold_4
2025-12-18 16:47:26 [INFO] [lib.utils.duckdb_analytics:47] DuckDB analytics initialized
2025-12-18 16:47:26 [INFO] [lib.utils.duckdb_analytics:253] DuckDB connection closed
2025-12-18 16:47:27 [INFO] [lib.training.visualization:486] Generated fold 4 plots: ROC/PR curves and confusion matrix
2025-12-18 16:47:28 [INFO] [lib.training.pipeline:2194] 
Hyperparameter Search - xgboost_pretrained_inception - Fold 5/5 (10.0% sample)
2025-12-18 16:47:28 [INFO] [lib.training.pipeline:586] Training XGBoost model xgboost_pretrained_inception on fold 5...
2025-12-18 16:47:28 [INFO] [lib.training._xgboost_pretrained:704] Training XGBoost on features from pretrained_inception...
2025-12-18 16:47:28 [INFO] [lib.training._xgboost_pretrained:705] Processing 262 videos...
2025-12-18 16:47:28 [INFO] [lib.training._xgboost_pretrained:590] Loading pretrained model: pretrained_inception (num_frames=400)
2025-12-18 16:47:29 [INFO] [lib.training._xgboost_pretrained:605] Loaded pretrained_inception model to GPU, cleared cache
2025-12-18 16:47:29 [INFO] [lib.training._xgboost_pretrained:672] Extracting features using pretrained_inception (num_frames=400)...
2025-12-18 16:47:29 [INFO] [lib.training._xgboost_pretrained:101] Applied PyTorch memory optimizations for feature extraction
2025-12-18 17:01:50 [INFO] [lib.training._xgboost_pretrained:478] Extracted features shape: (262, 2432)
2025-12-18 17:01:51 [INFO] [lib.training._xgboost_pretrained:690] Cleared pretrained_inception model from GPU after feature extraction
2025-12-18 17:01:51 [INFO] [lib.training._xgboost_pretrained:728] Removing collinear features...
2025-12-18 17:01:51 [INFO] [lib.training.feature_preprocessing:77] Removed 8 features with zero variance
2025-12-18 17:01:52 [INFO] [lib.training.feature_preprocessing:141] Removed 455 collinear features (correlation >= 0.95)
2025-12-18 17:01:52 [INFO] [lib.training.feature_preprocessing:162] Final feature count: 1969/2432 (81.0% retained)
2025-12-18 17:01:52 [INFO] [lib.training._xgboost_pretrained:735] Using 1969 features after collinearity removal
2025-12-18 17:01:52 [INFO] [lib.training._xgboost_pretrained:751] Class distribution: Class 0=128, Class 1=134, scale_pos_weight=0.955
2025-12-18 17:01:52 [INFO] [lib.training._xgboost_pretrained:769] Training XGBoost: 209 train samples, 53 validation samples for early stopping
2025-12-18 17:01:52 [INFO] [lib.training._xgboost_pretrained:772] Training XGBoost with improved architecture (multi-layer + temporal pooling + class weights + early stopping)...
2025-12-18 17:01:54 [INFO] [lib.training._xgboost_pretrained:838] Early stopping: Best iteration = 46 (out of 200)
2025-12-18 17:01:54 [INFO] [lib.training._xgboost_pretrained:844] ✓ XGBoost trained on pretrained model features with enhanced feature extraction
2025-12-18 17:01:54 [INFO] [lib.training._xgboost_pretrained:590] Loading pretrained model: pretrained_inception (num_frames=400)
2025-12-18 17:01:55 [INFO] [lib.training._xgboost_pretrained:605] Loaded pretrained_inception model to GPU, cleared cache
2025-12-18 17:01:55 [INFO] [lib.training._xgboost_pretrained:672] Extracting features using pretrained_inception (num_frames=400)...
2025-12-18 17:01:55 [INFO] [lib.training._xgboost_pretrained:101] Applied PyTorch memory optimizations for feature extraction
2025-12-18 17:05:10 [INFO] [lib.training._xgboost_pretrained:478] Extracted features shape: (65, 2432)
2025-12-18 17:05:10 [INFO] [lib.training._xgboost_pretrained:690] Cleared pretrained_inception model from GPU after feature extraction
2025-12-18 17:05:10 [INFO] [lib.training.pipeline:667] Fold 5 - Val Loss: 0.7261, Val Acc: 0.5231, Val F1: 0.6737, Val Precision: 0.5161, Val Recall: 0.9697
2025-12-18 17:05:10 [INFO] [lib.training.pipeline:672]   Class 0 - Precision: 0.6667, Recall: 0.0625, F1: 0.1143
2025-12-18 17:05:10 [INFO] [lib.training.pipeline:676]   Class 1 - Precision: 0.5161, Recall: 0.9697, F1: 0.6737
2025-12-18 17:05:10 [INFO] [lib.training._xgboost_pretrained:912] Saved XGBoost model to /gpfs/accounts/si670f25_class_root/si670f25_class/santoshd/fvc/data/stage5/xgboost_pretrained_inception/fold_5
2025-12-18 17:05:10 [INFO] [lib.training.pipeline:683] Saved XGBoost model to /gpfs/accounts/si670f25_class_root/si670f25_class/santoshd/fvc/data/stage5/xgboost_pretrained_inception/fold_5
2025-12-18 17:05:10 [INFO] [lib.utils.duckdb_analytics:47] DuckDB analytics initialized
2025-12-18 17:05:10 [INFO] [lib.utils.duckdb_analytics:253] DuckDB connection closed
2025-12-18 17:05:12 [INFO] [lib.training.visualization:486] Generated fold 5 plots: ROC/PR curves and confusion matrix
2025-12-18 17:05:12 [INFO] [lib.training.pipeline:2355] Parameter combination 1 - Mean F1: 0.6802, Mean Acc: 0.5626
2025-12-18 17:05:12 [INFO] [lib.training.pipeline:2367] Using single parameter combination: {'n_estimators': 100, 'max_depth': 5, 'learning_rate': 0.1, 'subsample': 0.8, 'colsample_bytree': 0.8}
2025-12-18 17:05:12 [INFO] [lib.training.pipeline:2370] ================================================================================
2025-12-18 17:05:12 [INFO] [lib.training.pipeline:2371] FINAL TRAINING: Using full dataset with best hyperparameters
2025-12-18 17:05:12 [INFO] [lib.training.pipeline:2372] ================================================================================
2025-12-18 17:05:12 [INFO] [lib.training.pipeline:2404] Final training: Using 5-fold stratified cross-validation on train+val dataset (3277 rows)
2025-12-18 17:05:12 [INFO] [lib.training.pipeline:2412] Final training using best hyperparameters: {'n_estimators': 100, 'max_depth': 5, 'learning_rate': 0.1, 'subsample': 0.8, 'colsample_bytree': 0.8}
2025-12-18 17:05:12 [INFO] [lib.training.pipeline:2418] 
Final Training - xgboost_pretrained_inception - Fold 1/5 (full dataset)
2025-12-18 17:05:12 [INFO] [lib.training.pipeline:2426] Deleted existing final training fold 1 directory (clean mode)
2025-12-18 17:05:12 [INFO] [lib.training.pipeline:586] Training XGBoost model xgboost_pretrained_inception on fold 1...
2025-12-18 17:05:12 [INFO] [lib.training._xgboost_pretrained:704] Training XGBoost on features from pretrained_inception...
2025-12-18 17:05:12 [INFO] [lib.training._xgboost_pretrained:705] Processing 2621 videos...
2025-12-18 17:05:12 [INFO] [lib.training._xgboost_pretrained:590] Loading pretrained model: pretrained_inception (num_frames=400)
2025-12-18 17:05:13 [INFO] [lib.training._xgboost_pretrained:605] Loaded pretrained_inception model to GPU, cleared cache
2025-12-18 17:05:13 [INFO] [lib.training._xgboost_pretrained:672] Extracting features using pretrained_inception (num_frames=400)...
2025-12-18 17:05:13 [INFO] [lib.training._xgboost_pretrained:101] Applied PyTorch memory optimizations for feature extraction
2025-12-18 19:38:33 [INFO] [lib.training._xgboost_pretrained:478] Extracted features shape: (2621, 2432)
2025-12-18 19:38:33 [INFO] [lib.training._xgboost_pretrained:690] Cleared pretrained_inception model from GPU after feature extraction
2025-12-18 19:38:33 [INFO] [lib.training._xgboost_pretrained:728] Removing collinear features...
2025-12-18 19:38:33 [INFO] [lib.training.feature_preprocessing:77] Removed 2 features with zero variance
2025-12-18 19:38:34 [INFO] [lib.training.feature_preprocessing:141] Removed 433 collinear features (correlation >= 0.95)
2025-12-18 19:38:34 [INFO] [lib.training.feature_preprocessing:162] Final feature count: 1997/2432 (82.1% retained)
2025-12-18 19:38:34 [INFO] [lib.training._xgboost_pretrained:735] Using 1997 features after collinearity removal
2025-12-18 19:38:34 [INFO] [lib.training._xgboost_pretrained:751] Class distribution: Class 0=1284, Class 1=1337, scale_pos_weight=0.960
2025-12-18 19:38:34 [INFO] [lib.training._xgboost_pretrained:769] Training XGBoost: 2096 train samples, 525 validation samples for early stopping
2025-12-18 19:38:34 [INFO] [lib.training._xgboost_pretrained:772] Training XGBoost with improved architecture (multi-layer + temporal pooling + class weights + early stopping)...
2025-12-18 19:39:19 [INFO] [lib.training._xgboost_pretrained:838] Early stopping: Best iteration = 200 (out of 200)
2025-12-18 19:39:19 [INFO] [lib.training._xgboost_pretrained:844] ✓ XGBoost trained on pretrained model features with enhanced feature extraction
2025-12-18 19:39:19 [INFO] [lib.training._xgboost_pretrained:590] Loading pretrained model: pretrained_inception (num_frames=400)
2025-12-18 19:39:20 [INFO] [lib.training._xgboost_pretrained:605] Loaded pretrained_inception model to GPU, cleared cache
2025-12-18 19:39:20 [INFO] [lib.training._xgboost_pretrained:672] Extracting features using pretrained_inception (num_frames=400)...
2025-12-18 19:39:20 [INFO] [lib.training._xgboost_pretrained:101] Applied PyTorch memory optimizations for feature extraction
2025-12-18 20:16:10 [INFO] [lib.training._xgboost_pretrained:478] Extracted features shape: (656, 2432)
2025-12-18 20:16:10 [INFO] [lib.training._xgboost_pretrained:690] Cleared pretrained_inception model from GPU after feature extraction
2025-12-18 20:16:10 [INFO] [lib.training.pipeline:667] Fold 1 - Val Loss: 0.5667, Val Acc: 0.7378, Val F1: 0.6861, Val Precision: 0.8826, Val Recall: 0.5612
2025-12-18 20:16:10 [INFO] [lib.training._xgboost_pretrained:912] Saved XGBoost model to /gpfs/accounts/si670f25_class_root/si670f25_class/santoshd/fvc/data/stage5/xgboost_pretrained_inception/fold_1
2025-12-18 20:16:10 [INFO] [lib.training.pipeline:683] Saved XGBoost model to /gpfs/accounts/si670f25_class_root/si670f25_class/santoshd/fvc/data/stage5/xgboost_pretrained_inception/fold_1
2025-12-18 20:16:10 [INFO] [lib.utils.duckdb_analytics:47] DuckDB analytics initialized
2025-12-18 20:16:11 [INFO] [lib.utils.duckdb_analytics:253] DuckDB connection closed
2025-12-18 20:16:12 [INFO] [lib.training.visualization:486] Generated fold 1 plots: ROC/PR curves and confusion matrix
2025-12-18 20:16:12 [INFO] [lib.training.pipeline:2418] 
Final Training - xgboost_pretrained_inception - Fold 2/5 (full dataset)
2025-12-18 20:16:12 [INFO] [lib.training.pipeline:2426] Deleted existing final training fold 2 directory (clean mode)
2025-12-18 20:16:12 [INFO] [lib.training.pipeline:586] Training XGBoost model xgboost_pretrained_inception on fold 2...
2025-12-18 20:16:12 [INFO] [lib.training._xgboost_pretrained:704] Training XGBoost on features from pretrained_inception...
2025-12-18 20:16:12 [INFO] [lib.training._xgboost_pretrained:705] Processing 2621 videos...
2025-12-18 20:16:12 [INFO] [lib.training._xgboost_pretrained:590] Loading pretrained model: pretrained_inception (num_frames=400)
2025-12-18 20:16:13 [INFO] [lib.training._xgboost_pretrained:605] Loaded pretrained_inception model to GPU, cleared cache
2025-12-18 20:16:13 [INFO] [lib.training._xgboost_pretrained:672] Extracting features using pretrained_inception (num_frames=400)...
2025-12-18 20:16:13 [INFO] [lib.training._xgboost_pretrained:101] Applied PyTorch memory optimizations for feature extraction
2025-12-18 22:46:52 [INFO] [lib.training._xgboost_pretrained:478] Extracted features shape: (2621, 2432)
2025-12-18 22:46:53 [INFO] [lib.training._xgboost_pretrained:690] Cleared pretrained_inception model from GPU after feature extraction
2025-12-18 22:46:53 [INFO] [lib.training._xgboost_pretrained:728] Removing collinear features...
2025-12-18 22:46:53 [INFO] [lib.training.feature_preprocessing:77] Removed 2 features with zero variance
2025-12-18 22:46:54 [INFO] [lib.training.feature_preprocessing:141] Removed 429 collinear features (correlation >= 0.95)
2025-12-18 22:46:54 [INFO] [lib.training.feature_preprocessing:162] Final feature count: 2001/2432 (82.3% retained)
2025-12-18 22:46:54 [INFO] [lib.training._xgboost_pretrained:735] Using 2001 features after collinearity removal
2025-12-18 22:46:54 [INFO] [lib.training._xgboost_pretrained:751] Class distribution: Class 0=1284, Class 1=1337, scale_pos_weight=0.960
2025-12-18 22:46:54 [INFO] [lib.training._xgboost_pretrained:769] Training XGBoost: 2096 train samples, 525 validation samples for early stopping
2025-12-18 22:46:54 [INFO] [lib.training._xgboost_pretrained:772] Training XGBoost with improved architecture (multi-layer + temporal pooling + class weights + early stopping)...
2025-12-18 22:47:39 [INFO] [lib.training._xgboost_pretrained:838] Early stopping: Best iteration = 200 (out of 200)
2025-12-18 22:47:39 [INFO] [lib.training._xgboost_pretrained:844] ✓ XGBoost trained on pretrained model features with enhanced feature extraction
2025-12-18 22:47:39 [INFO] [lib.training._xgboost_pretrained:590] Loading pretrained model: pretrained_inception (num_frames=400)
2025-12-18 22:47:40 [INFO] [lib.training._xgboost_pretrained:605] Loaded pretrained_inception model to GPU, cleared cache
2025-12-18 22:47:40 [INFO] [lib.training._xgboost_pretrained:672] Extracting features using pretrained_inception (num_frames=400)...
2025-12-18 22:47:40 [INFO] [lib.training._xgboost_pretrained:101] Applied PyTorch memory optimizations for feature extraction
2025-12-18 23:25:22 [INFO] [lib.training._xgboost_pretrained:478] Extracted features shape: (656, 2432)
2025-12-18 23:25:23 [INFO] [lib.training._xgboost_pretrained:690] Cleared pretrained_inception model from GPU after feature extraction
2025-12-18 23:25:23 [INFO] [lib.training.pipeline:667] Fold 2 - Val Loss: 0.5209, Val Acc: 0.7927, Val F1: 0.7994, Val Precision: 0.7901, Val Recall: 0.8090
2025-12-18 23:25:23 [INFO] [lib.training._xgboost_pretrained:912] Saved XGBoost model to /gpfs/accounts/si670f25_class_root/si670f25_class/santoshd/fvc/data/stage5/xgboost_pretrained_inception/fold_2
2025-12-18 23:25:23 [INFO] [lib.training.pipeline:683] Saved XGBoost model to /gpfs/accounts/si670f25_class_root/si670f25_class/santoshd/fvc/data/stage5/xgboost_pretrained_inception/fold_2
2025-12-18 23:25:23 [INFO] [lib.utils.duckdb_analytics:47] DuckDB analytics initialized
2025-12-18 23:25:23 [INFO] [lib.utils.duckdb_analytics:253] DuckDB connection closed
2025-12-18 23:25:25 [INFO] [lib.training.visualization:486] Generated fold 2 plots: ROC/PR curves and confusion matrix
2025-12-18 23:25:25 [INFO] [lib.training.pipeline:2418] 
Final Training - xgboost_pretrained_inception - Fold 3/5 (full dataset)
2025-12-18 23:25:25 [INFO] [lib.training.pipeline:2426] Deleted existing final training fold 3 directory (clean mode)
2025-12-18 23:25:25 [INFO] [lib.training.pipeline:586] Training XGBoost model xgboost_pretrained_inception on fold 3...
2025-12-18 23:25:25 [INFO] [lib.training._xgboost_pretrained:704] Training XGBoost on features from pretrained_inception...
2025-12-18 23:25:25 [INFO] [lib.training._xgboost_pretrained:705] Processing 2622 videos...
2025-12-18 23:25:25 [INFO] [lib.training._xgboost_pretrained:590] Loading pretrained model: pretrained_inception (num_frames=400)
2025-12-18 23:25:26 [INFO] [lib.training._xgboost_pretrained:605] Loaded pretrained_inception model to GPU, cleared cache
2025-12-18 23:25:26 [INFO] [lib.training._xgboost_pretrained:672] Extracting features using pretrained_inception (num_frames=400)...
2025-12-18 23:25:26 [INFO] [lib.training._xgboost_pretrained:101] Applied PyTorch memory optimizations for feature extraction
2025-12-19 01:54:47 [INFO] [lib.training._xgboost_pretrained:478] Extracted features shape: (2622, 2432)
2025-12-19 01:54:47 [INFO] [lib.training._xgboost_pretrained:690] Cleared pretrained_inception model from GPU after feature extraction
2025-12-19 01:54:47 [INFO] [lib.training._xgboost_pretrained:728] Removing collinear features...
2025-12-19 01:54:47 [INFO] [lib.training.feature_preprocessing:77] Removed 6 features with zero variance
2025-12-19 01:54:48 [INFO] [lib.training.feature_preprocessing:141] Removed 438 collinear features (correlation >= 0.95)
2025-12-19 01:54:48 [INFO] [lib.training.feature_preprocessing:162] Final feature count: 1988/2432 (81.7% retained)
2025-12-19 01:54:48 [INFO] [lib.training._xgboost_pretrained:735] Using 1988 features after collinearity removal
2025-12-19 01:54:48 [INFO] [lib.training._xgboost_pretrained:751] Class distribution: Class 0=1284, Class 1=1338, scale_pos_weight=0.960
2025-12-19 01:54:48 [INFO] [lib.training._xgboost_pretrained:769] Training XGBoost: 2097 train samples, 525 validation samples for early stopping
2025-12-19 01:54:48 [INFO] [lib.training._xgboost_pretrained:772] Training XGBoost with improved architecture (multi-layer + temporal pooling + class weights + early stopping)...
2025-12-19 01:55:33 [INFO] [lib.training._xgboost_pretrained:838] Early stopping: Best iteration = 200 (out of 200)
2025-12-19 01:55:33 [INFO] [lib.training._xgboost_pretrained:844] ✓ XGBoost trained on pretrained model features with enhanced feature extraction
2025-12-19 01:55:33 [INFO] [lib.training._xgboost_pretrained:590] Loading pretrained model: pretrained_inception (num_frames=400)
2025-12-19 01:55:34 [INFO] [lib.training._xgboost_pretrained:605] Loaded pretrained_inception model to GPU, cleared cache
2025-12-19 01:55:34 [INFO] [lib.training._xgboost_pretrained:672] Extracting features using pretrained_inception (num_frames=400)...
2025-12-19 01:55:34 [INFO] [lib.training._xgboost_pretrained:101] Applied PyTorch memory optimizations for feature extraction
2025-12-19 02:33:16 [INFO] [lib.training._xgboost_pretrained:478] Extracted features shape: (655, 2432)
2025-12-19 02:33:17 [INFO] [lib.training._xgboost_pretrained:690] Cleared pretrained_inception model from GPU after feature extraction
2025-12-19 02:33:17 [INFO] [lib.training.pipeline:667] Fold 3 - Val Loss: 0.5658, Val Acc: 0.6824, Val F1: 0.7536, Val Precision: 0.6235, Val Recall: 0.9521
2025-12-19 02:33:17 [INFO] [lib.training._xgboost_pretrained:912] Saved XGBoost model to /gpfs/accounts/si670f25_class_root/si670f25_class/santoshd/fvc/data/stage5/xgboost_pretrained_inception/fold_3
2025-12-19 02:33:17 [INFO] [lib.training.pipeline:683] Saved XGBoost model to /gpfs/accounts/si670f25_class_root/si670f25_class/santoshd/fvc/data/stage5/xgboost_pretrained_inception/fold_3
2025-12-19 02:33:17 [INFO] [lib.utils.duckdb_analytics:47] DuckDB analytics initialized
2025-12-19 02:33:17 [INFO] [lib.utils.duckdb_analytics:253] DuckDB connection closed
2025-12-19 02:33:18 [INFO] [lib.training.visualization:486] Generated fold 3 plots: ROC/PR curves and confusion matrix
2025-12-19 02:33:19 [INFO] [lib.training.pipeline:2418] 
Final Training - xgboost_pretrained_inception - Fold 4/5 (full dataset)
2025-12-19 02:33:19 [INFO] [lib.training.pipeline:2426] Deleted existing final training fold 4 directory (clean mode)
2025-12-19 02:33:19 [INFO] [lib.training.pipeline:586] Training XGBoost model xgboost_pretrained_inception on fold 4...
2025-12-19 02:33:19 [INFO] [lib.training._xgboost_pretrained:704] Training XGBoost on features from pretrained_inception...
2025-12-19 02:33:19 [INFO] [lib.training._xgboost_pretrained:705] Processing 2622 videos...
2025-12-19 02:33:19 [INFO] [lib.training._xgboost_pretrained:590] Loading pretrained model: pretrained_inception (num_frames=400)
2025-12-19 02:33:20 [INFO] [lib.training._xgboost_pretrained:605] Loaded pretrained_inception model to GPU, cleared cache
2025-12-19 02:33:20 [INFO] [lib.training._xgboost_pretrained:672] Extracting features using pretrained_inception (num_frames=400)...
2025-12-19 02:33:20 [INFO] [lib.training._xgboost_pretrained:101] Applied PyTorch memory optimizations for feature extraction
2025-12-19 05:01:35 [INFO] [lib.training._xgboost_pretrained:478] Extracted features shape: (2622, 2432)
2025-12-19 05:01:35 [INFO] [lib.training._xgboost_pretrained:690] Cleared pretrained_inception model from GPU after feature extraction
2025-12-19 05:01:36 [INFO] [lib.training._xgboost_pretrained:728] Removing collinear features...
2025-12-19 05:01:36 [INFO] [lib.training.feature_preprocessing:77] Removed 3 features with zero variance
2025-12-19 05:01:36 [INFO] [lib.training.feature_preprocessing:141] Removed 439 collinear features (correlation >= 0.95)
2025-12-19 05:01:36 [INFO] [lib.training.feature_preprocessing:162] Final feature count: 1990/2432 (81.8% retained)
2025-12-19 05:01:36 [INFO] [lib.training._xgboost_pretrained:735] Using 1990 features after collinearity removal
2025-12-19 05:01:36 [INFO] [lib.training._xgboost_pretrained:751] Class distribution: Class 0=1284, Class 1=1338, scale_pos_weight=0.960
2025-12-19 05:01:37 [INFO] [lib.training._xgboost_pretrained:769] Training XGBoost: 2097 train samples, 525 validation samples for early stopping
2025-12-19 05:01:37 [INFO] [lib.training._xgboost_pretrained:772] Training XGBoost with improved architecture (multi-layer + temporal pooling + class weights + early stopping)...
2025-12-19 05:02:21 [INFO] [lib.training._xgboost_pretrained:838] Early stopping: Best iteration = 200 (out of 200)
2025-12-19 05:02:21 [INFO] [lib.training._xgboost_pretrained:844] ✓ XGBoost trained on pretrained model features with enhanced feature extraction
2025-12-19 05:02:21 [INFO] [lib.training._xgboost_pretrained:590] Loading pretrained model: pretrained_inception (num_frames=400)
2025-12-19 05:02:22 [INFO] [lib.training._xgboost_pretrained:605] Loaded pretrained_inception model to GPU, cleared cache
2025-12-19 05:02:22 [INFO] [lib.training._xgboost_pretrained:672] Extracting features using pretrained_inception (num_frames=400)...
2025-12-19 05:02:22 [INFO] [lib.training._xgboost_pretrained:101] Applied PyTorch memory optimizations for feature extraction
2025-12-19 05:40:10 [INFO] [lib.training._xgboost_pretrained:478] Extracted features shape: (655, 2432)
2025-12-19 05:40:11 [INFO] [lib.training._xgboost_pretrained:690] Cleared pretrained_inception model from GPU after feature extraction
2025-12-19 05:40:11 [INFO] [lib.training.pipeline:667] Fold 4 - Val Loss: 0.5259, Val Acc: 0.7756, Val F1: 0.8043, Val Precision: 0.7242, Val Recall: 0.9042
2025-12-19 05:40:11 [INFO] [lib.training._xgboost_pretrained:912] Saved XGBoost model to /gpfs/accounts/si670f25_class_root/si670f25_class/santoshd/fvc/data/stage5/xgboost_pretrained_inception/fold_4
2025-12-19 05:40:11 [INFO] [lib.training.pipeline:683] Saved XGBoost model to /gpfs/accounts/si670f25_class_root/si670f25_class/santoshd/fvc/data/stage5/xgboost_pretrained_inception/fold_4
2025-12-19 05:40:11 [INFO] [lib.utils.duckdb_analytics:47] DuckDB analytics initialized
2025-12-19 05:40:11 [INFO] [lib.utils.duckdb_analytics:253] DuckDB connection closed
2025-12-19 05:40:13 [INFO] [lib.training.visualization:486] Generated fold 4 plots: ROC/PR curves and confusion matrix
2025-12-19 05:40:13 [INFO] [lib.training.pipeline:2418] 
Final Training - xgboost_pretrained_inception - Fold 5/5 (full dataset)
2025-12-19 05:40:13 [INFO] [lib.training.pipeline:2426] Deleted existing final training fold 5 directory (clean mode)
2025-12-19 05:40:13 [INFO] [lib.training.pipeline:586] Training XGBoost model xgboost_pretrained_inception on fold 5...
2025-12-19 05:40:13 [INFO] [lib.training._xgboost_pretrained:704] Training XGBoost on features from pretrained_inception...
2025-12-19 05:40:13 [INFO] [lib.training._xgboost_pretrained:705] Processing 2622 videos...
2025-12-19 05:40:13 [INFO] [lib.training._xgboost_pretrained:590] Loading pretrained model: pretrained_inception (num_frames=400)
2025-12-19 05:40:14 [INFO] [lib.training._xgboost_pretrained:605] Loaded pretrained_inception model to GPU, cleared cache
2025-12-19 05:40:14 [INFO] [lib.training._xgboost_pretrained:672] Extracting features using pretrained_inception (num_frames=400)...
2025-12-19 05:40:14 [INFO] [lib.training._xgboost_pretrained:101] Applied PyTorch memory optimizations for feature extraction
2025-12-19 08:09:21 [INFO] [lib.training._xgboost_pretrained:478] Extracted features shape: (2622, 2432)
2025-12-19 08:09:21 [INFO] [lib.training._xgboost_pretrained:690] Cleared pretrained_inception model from GPU after feature extraction
2025-12-19 08:09:22 [INFO] [lib.training._xgboost_pretrained:728] Removing collinear features...
2025-12-19 08:09:22 [INFO] [lib.training.feature_preprocessing:77] Removed 2 features with zero variance
2025-12-19 08:09:23 [INFO] [lib.training.feature_preprocessing:141] Removed 453 collinear features (correlation >= 0.95)
2025-12-19 08:09:23 [INFO] [lib.training.feature_preprocessing:162] Final feature count: 1977/2432 (81.3% retained)
2025-12-19 08:09:23 [INFO] [lib.training._xgboost_pretrained:735] Using 1977 features after collinearity removal
2025-12-19 08:09:23 [INFO] [lib.training._xgboost_pretrained:751] Class distribution: Class 0=1284, Class 1=1338, scale_pos_weight=0.960
2025-12-19 08:09:23 [INFO] [lib.training._xgboost_pretrained:769] Training XGBoost: 2097 train samples, 525 validation samples for early stopping
2025-12-19 08:09:23 [INFO] [lib.training._xgboost_pretrained:772] Training XGBoost with improved architecture (multi-layer + temporal pooling + class weights + early stopping)...
2025-12-19 08:10:07 [INFO] [lib.training._xgboost_pretrained:838] Early stopping: Best iteration = 200 (out of 200)
2025-12-19 08:10:07 [INFO] [lib.training._xgboost_pretrained:844] ✓ XGBoost trained on pretrained model features with enhanced feature extraction
2025-12-19 08:10:07 [INFO] [lib.training._xgboost_pretrained:590] Loading pretrained model: pretrained_inception (num_frames=400)
2025-12-19 08:10:08 [INFO] [lib.training._xgboost_pretrained:605] Loaded pretrained_inception model to GPU, cleared cache
2025-12-19 08:10:08 [INFO] [lib.training._xgboost_pretrained:672] Extracting features using pretrained_inception (num_frames=400)...
2025-12-19 08:10:08 [INFO] [lib.training._xgboost_pretrained:101] Applied PyTorch memory optimizations for feature extraction
2025-12-19 08:47:03 [INFO] [lib.training._xgboost_pretrained:478] Extracted features shape: (655, 2432)
2025-12-19 08:47:04 [INFO] [lib.training._xgboost_pretrained:690] Cleared pretrained_inception model from GPU after feature extraction
2025-12-19 08:47:04 [INFO] [lib.training.pipeline:667] Fold 5 - Val Loss: 0.6102, Val Acc: 0.6229, Val F1: 0.7277, Val Precision: 0.5759, Val Recall: 0.9880
2025-12-19 08:47:04 [INFO] [lib.training._xgboost_pretrained:912] Saved XGBoost model to /gpfs/accounts/si670f25_class_root/si670f25_class/santoshd/fvc/data/stage5/xgboost_pretrained_inception/fold_5
2025-12-19 08:47:04 [INFO] [lib.training.pipeline:683] Saved XGBoost model to /gpfs/accounts/si670f25_class_root/si670f25_class/santoshd/fvc/data/stage5/xgboost_pretrained_inception/fold_5
2025-12-19 08:47:04 [INFO] [lib.utils.duckdb_analytics:47] DuckDB analytics initialized
2025-12-19 08:47:04 [INFO] [lib.utils.duckdb_analytics:253] DuckDB connection closed
2025-12-19 08:47:05 [INFO] [lib.training.visualization:486] Generated fold 5 plots: ROC/PR curves and confusion matrix
2025-12-19 08:47:06 [INFO] [lib.training.pipeline:115] Saved best model from fold 4: Copied 2 model file(s) from fold_4 to best_model
2025-12-19 08:47:06 [INFO] [lib.training.pipeline:2643] 
xgboost_pretrained_inception - Avg Val Loss: 0.5579 ± 0.0325, Avg Val Acc: 0.7223 ± 0.0625, Avg Val F1: 0.7542 ± 0.0445
2025-12-19 08:47:06 [INFO] [lib.training.pipeline:2647]   Avg Val Precision: 0.7193 ± 0.1109, Avg Val Recall: 0.8429 ± 0.1531
2025-12-19 08:47:06 [INFO] [lib.training.pipeline:2651]   Class 0 - F1: 0.6476 ± 0.1549, Precision: 0.8340 ± 0.0968, Recall: 0.5969 ± 0.2462
2025-12-19 08:47:06 [INFO] [lib.training.pipeline:2656]   Class 1 - F1: 0.7542 ± 0.0445, Precision: 0.7193 ± 0.1109, Recall: 0.8429 ± 0.1531
2025-12-19 08:47:06 [INFO] [lib.training.pipeline:2694] Saved aggregated metrics to /gpfs/accounts/si670f25_class_root/si670f25_class/santoshd/fvc/data/stage5/xgboost_pretrained_inception/metrics.json (model: xgboost_pretrained_inception)
2025-12-19 08:47:06 [INFO] [lib.utils.duckdb_analytics:47] DuckDB analytics initialized
2025-12-19 08:47:06 [INFO] [lib.utils.duckdb_analytics:253] DuckDB connection closed
2025-12-19 08:47:08 [INFO] [lib.training.visualization:256] Saved CV fold comparison to /gpfs/accounts/si670f25_class_root/si670f25_class/santoshd/fvc/data/stage5/xgboost_pretrained_inception/plots/cv_fold_comparison.png
2025-12-19 08:47:08 [INFO] [lib.training.pipeline:2737] Generated plots for xgboost_pretrained_inception in /gpfs/accounts/si670f25_class_root/si670f25_class/santoshd/fvc/data/stage5/xgboost_pretrained_inception/plots
2025-12-19 08:47:08 [INFO] [lib.training.pipeline:2891] ================================================================================
2025-12-19 08:47:08 [INFO] [lib.training.pipeline:2892] Stage 5: Model Training Pipeline Completed
2025-12-19 08:47:08 [INFO] [lib.training.pipeline:2893] ================================================================================
2025-12-19 08:47:08 [INFO] [__main__:401] ================================================================================
2025-12-19 08:47:08 [INFO] [__main__:402] STAGE 5 COMPLETED SUCCESSFULLY
2025-12-19 08:47:08 [INFO] [__main__:403] ================================================================================
2025-12-19 08:47:08 [INFO] [__main__:404] Execution time: 62089.78 seconds (1034.83 minutes)
2025-12-19 08:47:08 [INFO] [__main__:406] Output directory: /gpfs/accounts/si670f25_class_root/si670f25_class/santoshd/fvc/data/stage5
2025-12-19 08:47:08 [INFO] [__main__:407] Models trained: ['xgboost_pretrained_inception']
2025-12-19 08:47:08 [INFO] [__main__:408] K-fold splits: 5
2025-12-19 08:47:08 [INFO] [__main__:414] ================================================================================
2025-12-19 08:47:08 [INFO] [__main__:415] Final memory statistics:
2025-12-19 08:47:08 [INFO] [__main__:416] ================================================================================
2025-12-19 08:47:08 [INFO] [lib.utils.memory:91] Memory stats (Stage 5: after training): {'cpu_memory_mb': 1397.21875, 'cpu_memory_gb': 1.364471435546875, 'cpu_vms_mb': 42581.50390625, 'gpu_allocated_gb': 0.0, 'gpu_reserved_gb': 0.0, 'gpu_total_gb': 16.928342016, 'gpu_free_gb': 16.928342016}
2025-12-19 08:47:08 [INFO] [__main__:419] ================================================================================
2025-12-19 08:47:08 [INFO] [__main__:420] Training complete!
2025-12-19 08:47:08 [INFO] [__main__:421] Results saved to: /gpfs/accounts/si670f25_class_root/si670f25_class/santoshd/fvc/data/stage5
2025-12-19 08:47:08 [INFO] [__main__:422] ================================================================================
