2025-12-16 21:01:57 [INFO] [__main__:310] ================================================================================
2025-12-16 21:01:57 [INFO] [__main__:311] STAGE 5: MODEL TRAINING
2025-12-16 21:01:57 [INFO] [__main__:312] ================================================================================
2025-12-16 21:01:57 [INFO] [__main__:313] Project root: /gpfs/accounts/si670f25_class_root/si670f25_class/santoshd/fvc
2025-12-16 21:01:57 [INFO] [__main__:314] Scaled metadata: /gpfs/accounts/si670f25_class_root/si670f25_class/santoshd/fvc/data/scaled_videos/scaled_metadata.arrow
2025-12-16 21:01:57 [INFO] [__main__:315] Features Stage 2: /gpfs/accounts/si670f25_class_root/si670f25_class/santoshd/fvc/data/features_stage2/features_metadata.arrow
2025-12-16 21:01:57 [INFO] [__main__:316] Features Stage 4: /gpfs/accounts/si670f25_class_root/si670f25_class/santoshd/fvc/data/features_stage4/features_scaled_metadata.arrow
2025-12-16 21:01:57 [INFO] [__main__:317] Model types: ['xgboost_i3d']
2025-12-16 21:01:57 [INFO] [__main__:318] K-fold splits: 5
2025-12-16 21:01:57 [INFO] [__main__:319] Number of frames: 1000
2025-12-16 21:01:57 [INFO] [__main__:320] Output directory: /gpfs/accounts/si670f25_class_root/si670f25_class/santoshd/fvc/data/stage5
2025-12-16 21:01:57 [INFO] [__main__:321] Experiment tracking: Enabled
2025-12-16 21:01:57 [INFO] [__main__:324] Delete existing: True
2025-12-16 21:01:57 [INFO] [__main__:325] Resume mode: True
2025-12-16 21:01:57 [INFO] [__main__:326] Log file: /gpfs/accounts/si670f25_class_root/si670f25_class/santoshd/fvc/logs/stage5_training_1765936917.log
2025-12-16 21:01:57 [INFO] [__main__:333] ================================================================================
2025-12-16 21:01:57 [INFO] [__main__:334] Checking prerequisites...
2025-12-16 21:01:57 [INFO] [__main__:335] ================================================================================
2025-12-16 21:01:57 [INFO] [__main__:342] ✓ Scaled metadata file found: /gpfs/accounts/si670f25_class_root/si670f25_class/santoshd/fvc/data/scaled_videos/scaled_metadata.arrow
2025-12-16 21:01:57 [INFO] [__main__:352] ✓ All model types are valid
2025-12-16 21:01:57 [INFO] [__main__:358] ================================================================================
2025-12-16 21:01:57 [INFO] [__main__:359] Initial memory statistics:
2025-12-16 21:01:57 [INFO] [__main__:360] ================================================================================
2025-12-16 21:01:57 [INFO] [lib.utils.memory:91] Memory stats (Stage 5: before training): {'cpu_memory_mb': 736.2421875, 'cpu_memory_gb': 0.7189865112304688, 'cpu_vms_mb': 10218.68359375, 'gpu_allocated_gb': 0.0, 'gpu_reserved_gb': 0.0, 'gpu_total_gb': 16.928342016, 'gpu_free_gb': 16.928342016}
2025-12-16 21:01:57 [INFO] [__main__:364] ================================================================================
2025-12-16 21:01:57 [INFO] [__main__:365] Starting Stage 5: Model Training
2025-12-16 21:01:57 [INFO] [__main__:366] ================================================================================
2025-12-16 21:01:57 [INFO] [__main__:367] Training 1 model(s) with 5-fold cross-validation
2025-12-16 21:01:57 [INFO] [__main__:368] This may take a while depending on dataset size and model complexity...
2025-12-16 21:01:57 [INFO] [__main__:369] Progress will be logged in real-time
2025-12-16 21:01:57 [INFO] [__main__:370] ================================================================================
2025-12-16 21:01:57 [INFO] [__main__:375] Calling Stage 5 training pipeline...
2025-12-16 21:01:57 [INFO] [__main__:376] This may take a while - progress will be logged in real-time
2025-12-16 21:01:58 [INFO] [lib.training.pipeline:1443] Applied global PyTorch memory optimizations at pipeline start
2025-12-16 21:01:58 [INFO] [lib.training.pipeline:1446] ================================================================================
2025-12-16 21:01:58 [INFO] [lib.training.pipeline:1447] Stage 5: Model Training Pipeline Started
2025-12-16 21:01:58 [INFO] [lib.training.pipeline:1448] ================================================================================
2025-12-16 21:01:58 [INFO] [lib.training.pipeline:1449] Model types: ['xgboost_i3d']
2025-12-16 21:01:58 [INFO] [lib.training.pipeline:1450] K-fold splits: 5
2025-12-16 21:01:58 [INFO] [lib.training.pipeline:1451] Frames per video: 1000
2025-12-16 21:01:58 [INFO] [lib.training.pipeline:1452] Output directory: data/stage5
2025-12-16 21:01:58 [INFO] [lib.training.pipeline:1453] Initializing pipeline...
2025-12-16 21:01:58 [INFO] [lib.training.pipeline:246] ================================================================================
2025-12-16 21:01:58 [INFO] [lib.training.pipeline:247] STAGE 5 PREREQUISITE VALIDATION
2025-12-16 21:01:58 [INFO] [lib.training.pipeline:248] ================================================================================
2025-12-16 21:01:58 [INFO] [lib.training.pipeline:250] 
[1/3] Checking Stage 3 (scaled videos) - REQUIRED for all models...
2025-12-16 21:01:58 [INFO] [lib.training.pipeline:259] ✓ Stage 3 metadata found: 3278 scaled videos
2025-12-16 21:01:58 [INFO] [lib.training.pipeline:260]   Path: /gpfs/accounts/si670f25_class_root/si670f25_class/santoshd/fvc/data/scaled_videos/scaled_metadata.arrow
2025-12-16 21:01:58 [INFO] [lib.training.pipeline:262] 
[2/3] Checking Stage 2 (features) - REQUIRED for *_stage2 models...
2025-12-16 21:01:58 [INFO] [lib.training.pipeline:270] ✓ Stage 2 metadata found: 3278 feature rows
2025-12-16 21:01:58 [INFO] [lib.training.pipeline:271]   Path: /gpfs/accounts/si670f25_class_root/si670f25_class/santoshd/fvc/data/features_stage2/features_metadata.arrow
2025-12-16 21:01:58 [INFO] [lib.training.pipeline:273] 
[3/3] Checking Stage 4 (scaled features) - REQUIRED for *_stage2_stage4 models...
2025-12-16 21:01:58 [INFO] [lib.training.pipeline:281] ✓ Stage 4 metadata found: 3277 feature rows
2025-12-16 21:01:58 [INFO] [lib.training.pipeline:282]   Path: /gpfs/accounts/si670f25_class_root/si670f25_class/santoshd/fvc/data/features_stage4/features_scaled_metadata.arrow
2025-12-16 21:01:58 [INFO] [lib.training.pipeline:284] 
================================================================================
2025-12-16 21:01:58 [INFO] [lib.training.pipeline:285] MODEL REQUIREMENTS CHECK
2025-12-16 21:01:58 [INFO] [lib.training.pipeline:286] ================================================================================
2025-12-16 21:01:58 [INFO] [lib.training.pipeline:305] ✓ xgboost_i3d: CAN RUN
2025-12-16 21:01:58 [INFO] [lib.training.pipeline:307] 
================================================================================
2025-12-16 21:01:58 [INFO] [lib.training.pipeline:308] VALIDATION SUMMARY
2025-12-16 21:01:58 [INFO] [lib.training.pipeline:309] ================================================================================
2025-12-16 21:01:58 [INFO] [lib.training.pipeline:310] Stage 3 (scaled videos): ✓ Available
2025-12-16 21:01:58 [INFO] [lib.training.pipeline:311]   Count: 3278 videos
2025-12-16 21:01:58 [INFO] [lib.training.pipeline:312] Stage 2 (features): ✓ Available
2025-12-16 21:01:58 [INFO] [lib.training.pipeline:313]   Count: 3278 feature rows
2025-12-16 21:01:58 [INFO] [lib.training.pipeline:314] Stage 4 (scaled features): ✓ Available
2025-12-16 21:01:58 [INFO] [lib.training.pipeline:315]   Count: 3277 feature rows
2025-12-16 21:01:58 [INFO] [lib.training.pipeline:316] 
Runnable models: 1/1
2025-12-16 21:01:58 [INFO] [lib.training.pipeline:317]   ['xgboost_i3d']
2025-12-16 21:01:58 [INFO] [lib.training.pipeline:324] ================================================================================
2025-12-16 21:01:58 [INFO] [lib.training.pipeline:1534] 
Stage 5: Loading metadata...
2025-12-16 21:01:58 [INFO] [lib.training.pipeline:1558] Loaded metadata: 3278 rows
2025-12-16 21:01:58 [INFO] [lib.training.pipeline:1568] ✓ Data validation passed: 3278 rows (> 3000 required)
2025-12-16 21:01:58 [WARNING] [lib.utils.guardrails:171] Disk usage high: free=779611.35GB, used=1720228.65GB (68.8%)
2025-12-16 21:01:59 [INFO] [lib.training.pipeline:1589] Loading Stage 2 and Stage 4 features (required for feature-based models)...
2025-12-16 21:01:59 [INFO] [lib.training.pipeline:1599] Stage 5: Found 3278 scaled videos
2025-12-16 21:01:59 [INFO] [lib.training.pipeline:1602] ================================================================================
2025-12-16 21:01:59 [INFO] [lib.training.pipeline:1603] STAGE 5: VALIDATING VIDEOS (checking for corruption and empty videos)
2025-12-16 21:01:59 [INFO] [lib.training.pipeline:1604] ================================================================================
2025-12-16 21:01:59 [INFO] [lib.data.loading:156] Checking file existence for 3278 videos...
2025-12-16 21:02:01 [INFO] [lib.data.loading:166] Found 3278 existing video files (filtered out 0 missing files)
2025-12-16 21:02:01 [INFO] [lib.data.loading:170] Checking for corrupted videos (moov atom errors, etc.)...
2025-12-16 21:02:02 [INFO] [lib.data.loading:92] Loaded validation cache from /gpfs/accounts/si670f25_class_root/si670f25_class/santoshd/fvc/data/.video_validation_cache/validation_0192be168a40eb7e_corruptTrue_framesTrue.parquet (3278 entries)
2025-12-16 21:02:02 [INFO] [lib.data.loading:194] Cache hit: 3278 videos, Cache miss: 0 videos
2025-12-16 21:02:03 [WARNING] [lib.data.loading:306] Filtered out 1 corrupted videos and 0 empty videos. Keeping 3277 valid videos.
2025-12-16 21:02:03 [WARNING] [lib.data.loading:311] Sample of invalid videos:
2025-12-16 21:02:03 [WARNING] [lib.data.loading:313]   data/scaled_videos/FX5aeuJFQ64_aug1_scaled_aug1.mp4: Corrupted video: moov atom not found
2025-12-16 21:02:03 [INFO] [lib.data.loading:323] Found /gpfs/accounts/si670f25_class_root/si670f25_class/santoshd/fvc/data/skip_frame_check.txt - skipping frame check as requested.
2025-12-16 21:02:03 [WARNING] [lib.data.loading:387] Filtered out 1 invalid videos (corrupted). Keeping 3277 valid videos.
2025-12-16 21:02:03 [INFO] [lib.training.pipeline:1613] ✓ Video validation complete: 3277 valid videos ready for training
2025-12-16 21:02:03 [INFO] [lib.training.pipeline:1614] ================================================================================
2025-12-16 21:02:03 [INFO] [lib.training.pipeline:1700] Frame caching enabled (default): cache_dir=data/.frame_cache. This will cache processed frames to disk to speed up training. First epoch will be slower (building cache), subsequent epochs will be faster. To disable, set FVC_USE_FRAME_CACHE=0
2025-12-16 21:02:03 [INFO] [lib.training.pipeline:1773] Overriding num_frames to 400 for xgboost_i3d. Original num_frames was 1000.
2025-12-16 21:02:03 [INFO] [lib.training.pipeline:1801] Stage 5: Deleting existing model results (clean mode)...
2025-12-16 21:02:03 [INFO] [lib.training.pipeline:1809] Deleted existing results for xgboost_i3d
2025-12-16 21:02:03 [INFO] [lib.training.pipeline:1812] Stage 5: Deleted 1 existing model directories
2025-12-16 21:02:03 [INFO] [lib.training.pipeline:1816] 
================================================================================
2025-12-16 21:02:03 [INFO] [lib.training.pipeline:1817] Stage 5: Training model: xgboost_i3d
2025-12-16 21:02:03 [INFO] [lib.training.pipeline:1818] ================================================================================
2025-12-16 21:02:03 [INFO] [lib.training.pipeline:1836] Overriding model_config num_frames to 400 for xgboost_i3d (XGBoost pretrained model with enhanced feature extraction) to improve feature quality.
2025-12-16 21:02:03 [INFO] [lib.training.pipeline:1854] Grid search: 1 hyperparameter combinations to try
2025-12-16 21:02:03 [INFO] [lib.training.pipeline:1862] ================================================================================
2025-12-16 21:02:03 [INFO] [lib.training.pipeline:1863] HYPERPARAMETER SEARCH: Using 10.0% stratified sample for efficiency
2025-12-16 21:02:03 [INFO] [lib.training.pipeline:1864] ================================================================================
2025-12-16 21:02:03 [INFO] [lib.training.pipeline:1873] Hyperparameter search sample: 327 rows (10.0% of 3277 total)
2025-12-16 21:02:03 [INFO] [lib.training.pipeline:1874] To change sample size, set FVC_GRID_SEARCH_SAMPLE_SIZE environment variable (current: 0.1)
2025-12-16 21:02:03 [INFO] [lib.training.pipeline:1886] Using 5-fold stratified cross-validation on 10.0% sample for hyperparameter search
2025-12-16 21:02:03 [INFO] [lib.training.pipeline:1897] 
================================================================================
2025-12-16 21:02:03 [INFO] [lib.training.pipeline:1898] Grid Search: Hyperparameter combination 1/1
2025-12-16 21:02:03 [INFO] [lib.training.pipeline:1899] Parameters: {'n_estimators': 100, 'max_depth': 5, 'learning_rate': 0.1, 'subsample': 0.8, 'colsample_bytree': 0.8}
2025-12-16 21:02:03 [INFO] [lib.training.pipeline:1900] ================================================================================
2025-12-16 21:02:03 [INFO] [lib.training.pipeline:1918] 
Hyperparameter Search - xgboost_i3d - Fold 1/5 (10.0% sample)
2025-12-16 21:02:03 [INFO] [lib.training.pipeline:448] Training XGBoost model xgboost_i3d on fold 1...
2025-12-16 21:02:03 [INFO] [lib.training._xgboost_pretrained:636] Training XGBoost on features from i3d...
2025-12-16 21:02:03 [INFO] [lib.training._xgboost_pretrained:637] Processing 261 videos...
2025-12-16 21:02:03 [INFO] [lib.training._xgboost_pretrained:522] Loading pretrained model: i3d (num_frames=400)
2025-12-16 21:02:03 [INFO] [lib.training.i3d:34] Loading I3D R50 from PyTorch Hub (facebookresearch/pytorchvideo)...
2025-12-16 21:02:06 [INFO] [lib.training.i3d:59] ✓ Loaded I3D from PyTorch Hub (pytorchvideo)
2025-12-16 21:02:06 [INFO] [lib.training.i3d:129] ✓ Verified I3D model structure: Net
2025-12-16 21:02:06 [INFO] [lib.training._xgboost_pretrained:537] Loaded i3d model to GPU, cleared cache
2025-12-16 21:02:06 [INFO] [lib.training._xgboost_pretrained:604] Extracting features using i3d (num_frames=400)...
2025-12-16 21:02:06 [INFO] [lib.training._xgboost_pretrained:101] Applied PyTorch memory optimizations for feature extraction
2025-12-16 21:02:10 [ERROR] [lib.training.pipeline:539] Error training XGBoost fold 1: 'Net' object has no attribute 'stem'
Traceback (most recent call last):
  File "/gpfs/accounts/si670f25_class_root/si670f25_class/santoshd/fvc/lib/training/pipeline.py", line 463, in _train_xgboost_model_fold
    model.fit(train_df, project_root=project_root_str)
  File "/gpfs/accounts/si670f25_class_root/si670f25_class/santoshd/fvc/lib/training/_xgboost_pretrained.py", line 646, in fit
    features, y = self._extract_features_batch(
                  ^^^^^^^^^^^^^^^^^^^^^^^^^^^^^
  File "/gpfs/accounts/si670f25_class_root/si670f25_class/santoshd/fvc/lib/training/_xgboost_pretrained.py", line 605, in _extract_features_batch
    features = extract_features_from_pretrained_model(
               ^^^^^^^^^^^^^^^^^^^^^^^^^^^^^^^^^^^^^^^
  File "/gpfs/accounts/si670f25_class_root/si670f25_class/santoshd/fvc/lib/training/_xgboost_pretrained.py", line 160, in extract_features_from_pretrained_model
    x = model.backbone.stem(clips)  # (N, C, T, H, W)
        ^^^^^^^^^^^^^^^^^^^
  File "/gpfs/accounts/si670f25_class_root/si670f25_class/santoshd/fvc/venv/lib/python3.11/site-packages/torch/nn/modules/module.py", line 1964, in __getattr__
    raise AttributeError(
AttributeError: 'Net' object has no attribute 'stem'
2025-12-16 21:02:10 [INFO] [lib.training.pipeline:1918] 
Hyperparameter Search - xgboost_i3d - Fold 2/5 (10.0% sample)
2025-12-16 21:02:10 [INFO] [lib.training.pipeline:448] Training XGBoost model xgboost_i3d on fold 2...
2025-12-16 21:02:10 [INFO] [lib.training._xgboost_pretrained:636] Training XGBoost on features from i3d...
2025-12-16 21:02:10 [INFO] [lib.training._xgboost_pretrained:637] Processing 261 videos...
2025-12-16 21:02:10 [INFO] [lib.training._xgboost_pretrained:522] Loading pretrained model: i3d (num_frames=400)
2025-12-16 21:02:10 [INFO] [lib.training.i3d:34] Loading I3D R50 from PyTorch Hub (facebookresearch/pytorchvideo)...
2025-12-16 21:02:11 [INFO] [lib.training.i3d:59] ✓ Loaded I3D from PyTorch Hub (pytorchvideo)
2025-12-16 21:02:11 [INFO] [lib.training.i3d:129] ✓ Verified I3D model structure: Net
2025-12-16 21:02:11 [INFO] [lib.training._xgboost_pretrained:537] Loaded i3d model to GPU, cleared cache
2025-12-16 21:02:11 [INFO] [lib.training._xgboost_pretrained:604] Extracting features using i3d (num_frames=400)...
2025-12-16 21:02:11 [INFO] [lib.training._xgboost_pretrained:101] Applied PyTorch memory optimizations for feature extraction
2025-12-16 21:02:14 [ERROR] [lib.training.pipeline:539] Error training XGBoost fold 2: 'Net' object has no attribute 'stem'
Traceback (most recent call last):
  File "/gpfs/accounts/si670f25_class_root/si670f25_class/santoshd/fvc/lib/training/pipeline.py", line 463, in _train_xgboost_model_fold
    model.fit(train_df, project_root=project_root_str)
  File "/gpfs/accounts/si670f25_class_root/si670f25_class/santoshd/fvc/lib/training/_xgboost_pretrained.py", line 646, in fit
    features, y = self._extract_features_batch(
                  ^^^^^^^^^^^^^^^^^^^^^^^^^^^^^
  File "/gpfs/accounts/si670f25_class_root/si670f25_class/santoshd/fvc/lib/training/_xgboost_pretrained.py", line 605, in _extract_features_batch
    features = extract_features_from_pretrained_model(
               ^^^^^^^^^^^^^^^^^^^^^^^^^^^^^^^^^^^^^^^
  File "/gpfs/accounts/si670f25_class_root/si670f25_class/santoshd/fvc/lib/training/_xgboost_pretrained.py", line 160, in extract_features_from_pretrained_model
    x = model.backbone.stem(clips)  # (N, C, T, H, W)
        ^^^^^^^^^^^^^^^^^^^
  File "/gpfs/accounts/si670f25_class_root/si670f25_class/santoshd/fvc/venv/lib/python3.11/site-packages/torch/nn/modules/module.py", line 1964, in __getattr__
    raise AttributeError(
AttributeError: 'Net' object has no attribute 'stem'
2025-12-16 21:02:14 [INFO] [lib.training.pipeline:1918] 
Hyperparameter Search - xgboost_i3d - Fold 3/5 (10.0% sample)
2025-12-16 21:02:14 [INFO] [lib.training.pipeline:448] Training XGBoost model xgboost_i3d on fold 3...
2025-12-16 21:02:14 [INFO] [lib.training._xgboost_pretrained:636] Training XGBoost on features from i3d...
2025-12-16 21:02:14 [INFO] [lib.training._xgboost_pretrained:637] Processing 262 videos...
2025-12-16 21:02:14 [INFO] [lib.training._xgboost_pretrained:522] Loading pretrained model: i3d (num_frames=400)
2025-12-16 21:02:14 [INFO] [lib.training.i3d:34] Loading I3D R50 from PyTorch Hub (facebookresearch/pytorchvideo)...
2025-12-16 21:02:15 [INFO] [lib.training.i3d:59] ✓ Loaded I3D from PyTorch Hub (pytorchvideo)
2025-12-16 21:02:15 [INFO] [lib.training.i3d:129] ✓ Verified I3D model structure: Net
2025-12-16 21:02:15 [INFO] [lib.training._xgboost_pretrained:537] Loaded i3d model to GPU, cleared cache
2025-12-16 21:02:15 [INFO] [lib.training._xgboost_pretrained:604] Extracting features using i3d (num_frames=400)...
2025-12-16 21:02:15 [INFO] [lib.training._xgboost_pretrained:101] Applied PyTorch memory optimizations for feature extraction
2025-12-16 21:02:18 [ERROR] [lib.training.pipeline:539] Error training XGBoost fold 3: 'Net' object has no attribute 'stem'
Traceback (most recent call last):
  File "/gpfs/accounts/si670f25_class_root/si670f25_class/santoshd/fvc/lib/training/pipeline.py", line 463, in _train_xgboost_model_fold
    model.fit(train_df, project_root=project_root_str)
  File "/gpfs/accounts/si670f25_class_root/si670f25_class/santoshd/fvc/lib/training/_xgboost_pretrained.py", line 646, in fit
    features, y = self._extract_features_batch(
                  ^^^^^^^^^^^^^^^^^^^^^^^^^^^^^
  File "/gpfs/accounts/si670f25_class_root/si670f25_class/santoshd/fvc/lib/training/_xgboost_pretrained.py", line 605, in _extract_features_batch
    features = extract_features_from_pretrained_model(
               ^^^^^^^^^^^^^^^^^^^^^^^^^^^^^^^^^^^^^^^
  File "/gpfs/accounts/si670f25_class_root/si670f25_class/santoshd/fvc/lib/training/_xgboost_pretrained.py", line 160, in extract_features_from_pretrained_model
    x = model.backbone.stem(clips)  # (N, C, T, H, W)
        ^^^^^^^^^^^^^^^^^^^
  File "/gpfs/accounts/si670f25_class_root/si670f25_class/santoshd/fvc/venv/lib/python3.11/site-packages/torch/nn/modules/module.py", line 1964, in __getattr__
    raise AttributeError(
AttributeError: 'Net' object has no attribute 'stem'
2025-12-16 21:02:18 [INFO] [lib.training.pipeline:1918] 
Hyperparameter Search - xgboost_i3d - Fold 4/5 (10.0% sample)
2025-12-16 21:02:18 [INFO] [lib.training.pipeline:448] Training XGBoost model xgboost_i3d on fold 4...
2025-12-16 21:02:18 [INFO] [lib.training._xgboost_pretrained:636] Training XGBoost on features from i3d...
2025-12-16 21:02:18 [INFO] [lib.training._xgboost_pretrained:637] Processing 262 videos...
2025-12-16 21:02:18 [INFO] [lib.training._xgboost_pretrained:522] Loading pretrained model: i3d (num_frames=400)
2025-12-16 21:02:18 [INFO] [lib.training.i3d:34] Loading I3D R50 from PyTorch Hub (facebookresearch/pytorchvideo)...
2025-12-16 21:02:19 [INFO] [lib.training.i3d:59] ✓ Loaded I3D from PyTorch Hub (pytorchvideo)
2025-12-16 21:02:19 [INFO] [lib.training.i3d:129] ✓ Verified I3D model structure: Net
2025-12-16 21:02:19 [INFO] [lib.training._xgboost_pretrained:537] Loaded i3d model to GPU, cleared cache
2025-12-16 21:02:19 [INFO] [lib.training._xgboost_pretrained:604] Extracting features using i3d (num_frames=400)...
2025-12-16 21:02:19 [INFO] [lib.training._xgboost_pretrained:101] Applied PyTorch memory optimizations for feature extraction
2025-12-16 21:02:22 [ERROR] [lib.training.pipeline:539] Error training XGBoost fold 4: 'Net' object has no attribute 'stem'
Traceback (most recent call last):
  File "/gpfs/accounts/si670f25_class_root/si670f25_class/santoshd/fvc/lib/training/pipeline.py", line 463, in _train_xgboost_model_fold
    model.fit(train_df, project_root=project_root_str)
  File "/gpfs/accounts/si670f25_class_root/si670f25_class/santoshd/fvc/lib/training/_xgboost_pretrained.py", line 646, in fit
    features, y = self._extract_features_batch(
                  ^^^^^^^^^^^^^^^^^^^^^^^^^^^^^
  File "/gpfs/accounts/si670f25_class_root/si670f25_class/santoshd/fvc/lib/training/_xgboost_pretrained.py", line 605, in _extract_features_batch
    features = extract_features_from_pretrained_model(
               ^^^^^^^^^^^^^^^^^^^^^^^^^^^^^^^^^^^^^^^
  File "/gpfs/accounts/si670f25_class_root/si670f25_class/santoshd/fvc/lib/training/_xgboost_pretrained.py", line 160, in extract_features_from_pretrained_model
    x = model.backbone.stem(clips)  # (N, C, T, H, W)
        ^^^^^^^^^^^^^^^^^^^
  File "/gpfs/accounts/si670f25_class_root/si670f25_class/santoshd/fvc/venv/lib/python3.11/site-packages/torch/nn/modules/module.py", line 1964, in __getattr__
    raise AttributeError(
AttributeError: 'Net' object has no attribute 'stem'
2025-12-16 21:02:22 [INFO] [lib.training.pipeline:1918] 
Hyperparameter Search - xgboost_i3d - Fold 5/5 (10.0% sample)
2025-12-16 21:02:22 [INFO] [lib.training.pipeline:448] Training XGBoost model xgboost_i3d on fold 5...
2025-12-16 21:02:22 [INFO] [lib.training._xgboost_pretrained:636] Training XGBoost on features from i3d...
2025-12-16 21:02:22 [INFO] [lib.training._xgboost_pretrained:637] Processing 262 videos...
2025-12-16 21:02:22 [INFO] [lib.training._xgboost_pretrained:522] Loading pretrained model: i3d (num_frames=400)
2025-12-16 21:02:22 [INFO] [lib.training.i3d:34] Loading I3D R50 from PyTorch Hub (facebookresearch/pytorchvideo)...
2025-12-16 21:02:23 [INFO] [lib.training.i3d:59] ✓ Loaded I3D from PyTorch Hub (pytorchvideo)
2025-12-16 21:02:23 [INFO] [lib.training.i3d:129] ✓ Verified I3D model structure: Net
2025-12-16 21:02:23 [INFO] [lib.training._xgboost_pretrained:537] Loaded i3d model to GPU, cleared cache
2025-12-16 21:02:23 [INFO] [lib.training._xgboost_pretrained:604] Extracting features using i3d (num_frames=400)...
2025-12-16 21:02:23 [INFO] [lib.training._xgboost_pretrained:101] Applied PyTorch memory optimizations for feature extraction
2025-12-16 21:02:25 [ERROR] [lib.training.pipeline:539] Error training XGBoost fold 5: 'Net' object has no attribute 'stem'
Traceback (most recent call last):
  File "/gpfs/accounts/si670f25_class_root/si670f25_class/santoshd/fvc/lib/training/pipeline.py", line 463, in _train_xgboost_model_fold
    model.fit(train_df, project_root=project_root_str)
  File "/gpfs/accounts/si670f25_class_root/si670f25_class/santoshd/fvc/lib/training/_xgboost_pretrained.py", line 646, in fit
    features, y = self._extract_features_batch(
                  ^^^^^^^^^^^^^^^^^^^^^^^^^^^^^
  File "/gpfs/accounts/si670f25_class_root/si670f25_class/santoshd/fvc/lib/training/_xgboost_pretrained.py", line 605, in _extract_features_batch
    features = extract_features_from_pretrained_model(
               ^^^^^^^^^^^^^^^^^^^^^^^^^^^^^^^^^^^^^^^
  File "/gpfs/accounts/si670f25_class_root/si670f25_class/santoshd/fvc/lib/training/_xgboost_pretrained.py", line 160, in extract_features_from_pretrained_model
    x = model.backbone.stem(clips)  # (N, C, T, H, W)
        ^^^^^^^^^^^^^^^^^^^
  File "/gpfs/accounts/si670f25_class_root/si670f25_class/santoshd/fvc/venv/lib/python3.11/site-packages/torch/nn/modules/module.py", line 1964, in __getattr__
    raise AttributeError(
AttributeError: 'Net' object has no attribute 'stem'
2025-12-16 21:02:25 [INFO] [lib.training.pipeline:2079] Parameter combination 1 - Mean F1: nan, Mean Acc: nan
2025-12-16 21:02:25 [INFO] [lib.training.pipeline:2091] Using single parameter combination: {'n_estimators': 100, 'max_depth': 5, 'learning_rate': 0.1, 'subsample': 0.8, 'colsample_bytree': 0.8}
2025-12-16 21:02:25 [INFO] [lib.training.pipeline:2094] ================================================================================
2025-12-16 21:02:25 [INFO] [lib.training.pipeline:2095] FINAL TRAINING: Using full dataset with best hyperparameters
2025-12-16 21:02:25 [INFO] [lib.training.pipeline:2096] ================================================================================
2025-12-16 21:02:25 [INFO] [lib.training.pipeline:2109] Final training: Using 5-fold stratified cross-validation on full dataset (3277 rows)
2025-12-16 21:02:25 [INFO] [lib.training.pipeline:2117] Final training using best hyperparameters: {'n_estimators': 100, 'max_depth': 5, 'learning_rate': 0.1, 'subsample': 0.8, 'colsample_bytree': 0.8}
2025-12-16 21:02:25 [INFO] [lib.training.pipeline:2123] 
Final Training - xgboost_i3d - Fold 1/5 (full dataset)
2025-12-16 21:02:25 [INFO] [lib.training.pipeline:2131] Deleted existing final training fold 1 directory (clean mode)
2025-12-16 21:02:25 [INFO] [lib.training.pipeline:448] Training XGBoost model xgboost_i3d on fold 1...
2025-12-16 21:02:25 [INFO] [lib.training._xgboost_pretrained:636] Training XGBoost on features from i3d...
2025-12-16 21:02:25 [INFO] [lib.training._xgboost_pretrained:637] Processing 2621 videos...
2025-12-16 21:02:25 [INFO] [lib.training._xgboost_pretrained:522] Loading pretrained model: i3d (num_frames=400)
2025-12-16 21:02:25 [INFO] [lib.training.i3d:34] Loading I3D R50 from PyTorch Hub (facebookresearch/pytorchvideo)...
2025-12-16 21:02:26 [INFO] [lib.training.i3d:59] ✓ Loaded I3D from PyTorch Hub (pytorchvideo)
2025-12-16 21:02:26 [INFO] [lib.training.i3d:129] ✓ Verified I3D model structure: Net
2025-12-16 21:02:26 [INFO] [lib.training._xgboost_pretrained:537] Loaded i3d model to GPU, cleared cache
2025-12-16 21:02:26 [INFO] [lib.training._xgboost_pretrained:604] Extracting features using i3d (num_frames=400)...
2025-12-16 21:02:26 [INFO] [lib.training._xgboost_pretrained:101] Applied PyTorch memory optimizations for feature extraction
2025-12-16 21:02:28 [ERROR] [lib.training.pipeline:539] Error training XGBoost fold 1: 'Net' object has no attribute 'stem'
Traceback (most recent call last):
  File "/gpfs/accounts/si670f25_class_root/si670f25_class/santoshd/fvc/lib/training/pipeline.py", line 463, in _train_xgboost_model_fold
    model.fit(train_df, project_root=project_root_str)
  File "/gpfs/accounts/si670f25_class_root/si670f25_class/santoshd/fvc/lib/training/_xgboost_pretrained.py", line 646, in fit
    features, y = self._extract_features_batch(
                  ^^^^^^^^^^^^^^^^^^^^^^^^^^^^^
  File "/gpfs/accounts/si670f25_class_root/si670f25_class/santoshd/fvc/lib/training/_xgboost_pretrained.py", line 605, in _extract_features_batch
    features = extract_features_from_pretrained_model(
               ^^^^^^^^^^^^^^^^^^^^^^^^^^^^^^^^^^^^^^^
  File "/gpfs/accounts/si670f25_class_root/si670f25_class/santoshd/fvc/lib/training/_xgboost_pretrained.py", line 160, in extract_features_from_pretrained_model
    x = model.backbone.stem(clips)  # (N, C, T, H, W)
        ^^^^^^^^^^^^^^^^^^^
  File "/gpfs/accounts/si670f25_class_root/si670f25_class/santoshd/fvc/venv/lib/python3.11/site-packages/torch/nn/modules/module.py", line 1964, in __getattr__
    raise AttributeError(
AttributeError: 'Net' object has no attribute 'stem'
2025-12-16 21:02:28 [INFO] [lib.training.pipeline:2123] 
Final Training - xgboost_i3d - Fold 2/5 (full dataset)
2025-12-16 21:02:28 [INFO] [lib.training.pipeline:2131] Deleted existing final training fold 2 directory (clean mode)
2025-12-16 21:02:28 [INFO] [lib.training.pipeline:448] Training XGBoost model xgboost_i3d on fold 2...
2025-12-16 21:02:28 [INFO] [lib.training._xgboost_pretrained:636] Training XGBoost on features from i3d...
2025-12-16 21:02:28 [INFO] [lib.training._xgboost_pretrained:637] Processing 2621 videos...
2025-12-16 21:02:29 [INFO] [lib.training._xgboost_pretrained:522] Loading pretrained model: i3d (num_frames=400)
2025-12-16 21:02:29 [INFO] [lib.training.i3d:34] Loading I3D R50 from PyTorch Hub (facebookresearch/pytorchvideo)...
2025-12-16 21:02:29 [INFO] [lib.training.i3d:59] ✓ Loaded I3D from PyTorch Hub (pytorchvideo)
2025-12-16 21:02:29 [INFO] [lib.training.i3d:129] ✓ Verified I3D model structure: Net
2025-12-16 21:02:29 [INFO] [lib.training._xgboost_pretrained:537] Loaded i3d model to GPU, cleared cache
2025-12-16 21:02:29 [INFO] [lib.training._xgboost_pretrained:604] Extracting features using i3d (num_frames=400)...
2025-12-16 21:02:30 [INFO] [lib.training._xgboost_pretrained:101] Applied PyTorch memory optimizations for feature extraction
2025-12-16 21:02:32 [ERROR] [lib.training.pipeline:539] Error training XGBoost fold 2: 'Net' object has no attribute 'stem'
Traceback (most recent call last):
  File "/gpfs/accounts/si670f25_class_root/si670f25_class/santoshd/fvc/lib/training/pipeline.py", line 463, in _train_xgboost_model_fold
    model.fit(train_df, project_root=project_root_str)
  File "/gpfs/accounts/si670f25_class_root/si670f25_class/santoshd/fvc/lib/training/_xgboost_pretrained.py", line 646, in fit
    features, y = self._extract_features_batch(
                  ^^^^^^^^^^^^^^^^^^^^^^^^^^^^^
  File "/gpfs/accounts/si670f25_class_root/si670f25_class/santoshd/fvc/lib/training/_xgboost_pretrained.py", line 605, in _extract_features_batch
    features = extract_features_from_pretrained_model(
               ^^^^^^^^^^^^^^^^^^^^^^^^^^^^^^^^^^^^^^^
  File "/gpfs/accounts/si670f25_class_root/si670f25_class/santoshd/fvc/lib/training/_xgboost_pretrained.py", line 160, in extract_features_from_pretrained_model
    x = model.backbone.stem(clips)  # (N, C, T, H, W)
        ^^^^^^^^^^^^^^^^^^^
  File "/gpfs/accounts/si670f25_class_root/si670f25_class/santoshd/fvc/venv/lib/python3.11/site-packages/torch/nn/modules/module.py", line 1964, in __getattr__
    raise AttributeError(
AttributeError: 'Net' object has no attribute 'stem'
2025-12-16 21:02:32 [INFO] [lib.training.pipeline:2123] 
Final Training - xgboost_i3d - Fold 3/5 (full dataset)
2025-12-16 21:02:32 [INFO] [lib.training.pipeline:2131] Deleted existing final training fold 3 directory (clean mode)
2025-12-16 21:02:32 [INFO] [lib.training.pipeline:448] Training XGBoost model xgboost_i3d on fold 3...
2025-12-16 21:02:32 [INFO] [lib.training._xgboost_pretrained:636] Training XGBoost on features from i3d...
2025-12-16 21:02:32 [INFO] [lib.training._xgboost_pretrained:637] Processing 2622 videos...
2025-12-16 21:02:32 [INFO] [lib.training._xgboost_pretrained:522] Loading pretrained model: i3d (num_frames=400)
2025-12-16 21:02:32 [INFO] [lib.training.i3d:34] Loading I3D R50 from PyTorch Hub (facebookresearch/pytorchvideo)...
2025-12-16 21:02:32 [INFO] [lib.training.i3d:59] ✓ Loaded I3D from PyTorch Hub (pytorchvideo)
2025-12-16 21:02:32 [INFO] [lib.training.i3d:129] ✓ Verified I3D model structure: Net
2025-12-16 21:02:32 [INFO] [lib.training._xgboost_pretrained:537] Loaded i3d model to GPU, cleared cache
2025-12-16 21:02:33 [INFO] [lib.training._xgboost_pretrained:604] Extracting features using i3d (num_frames=400)...
2025-12-16 21:02:33 [INFO] [lib.training._xgboost_pretrained:101] Applied PyTorch memory optimizations for feature extraction
2025-12-16 21:02:35 [ERROR] [lib.training.pipeline:539] Error training XGBoost fold 3: 'Net' object has no attribute 'stem'
Traceback (most recent call last):
  File "/gpfs/accounts/si670f25_class_root/si670f25_class/santoshd/fvc/lib/training/pipeline.py", line 463, in _train_xgboost_model_fold
    model.fit(train_df, project_root=project_root_str)
  File "/gpfs/accounts/si670f25_class_root/si670f25_class/santoshd/fvc/lib/training/_xgboost_pretrained.py", line 646, in fit
    features, y = self._extract_features_batch(
                  ^^^^^^^^^^^^^^^^^^^^^^^^^^^^^
  File "/gpfs/accounts/si670f25_class_root/si670f25_class/santoshd/fvc/lib/training/_xgboost_pretrained.py", line 605, in _extract_features_batch
    features = extract_features_from_pretrained_model(
               ^^^^^^^^^^^^^^^^^^^^^^^^^^^^^^^^^^^^^^^
  File "/gpfs/accounts/si670f25_class_root/si670f25_class/santoshd/fvc/lib/training/_xgboost_pretrained.py", line 160, in extract_features_from_pretrained_model
    x = model.backbone.stem(clips)  # (N, C, T, H, W)
        ^^^^^^^^^^^^^^^^^^^
  File "/gpfs/accounts/si670f25_class_root/si670f25_class/santoshd/fvc/venv/lib/python3.11/site-packages/torch/nn/modules/module.py", line 1964, in __getattr__
    raise AttributeError(
AttributeError: 'Net' object has no attribute 'stem'
2025-12-16 21:02:35 [INFO] [lib.training.pipeline:2123] 
Final Training - xgboost_i3d - Fold 4/5 (full dataset)
2025-12-16 21:02:35 [INFO] [lib.training.pipeline:2131] Deleted existing final training fold 4 directory (clean mode)
2025-12-16 21:02:35 [INFO] [lib.training.pipeline:448] Training XGBoost model xgboost_i3d on fold 4...
2025-12-16 21:02:35 [INFO] [lib.training._xgboost_pretrained:636] Training XGBoost on features from i3d...
2025-12-16 21:02:35 [INFO] [lib.training._xgboost_pretrained:637] Processing 2622 videos...
2025-12-16 21:02:35 [INFO] [lib.training._xgboost_pretrained:522] Loading pretrained model: i3d (num_frames=400)
2025-12-16 21:02:35 [INFO] [lib.training.i3d:34] Loading I3D R50 from PyTorch Hub (facebookresearch/pytorchvideo)...
2025-12-16 21:02:36 [INFO] [lib.training.i3d:59] ✓ Loaded I3D from PyTorch Hub (pytorchvideo)
2025-12-16 21:02:36 [INFO] [lib.training.i3d:129] ✓ Verified I3D model structure: Net
2025-12-16 21:02:36 [INFO] [lib.training._xgboost_pretrained:537] Loaded i3d model to GPU, cleared cache
2025-12-16 21:02:36 [INFO] [lib.training._xgboost_pretrained:604] Extracting features using i3d (num_frames=400)...
2025-12-16 21:02:36 [INFO] [lib.training._xgboost_pretrained:101] Applied PyTorch memory optimizations for feature extraction
2025-12-16 21:02:39 [ERROR] [lib.training.pipeline:539] Error training XGBoost fold 4: 'Net' object has no attribute 'stem'
Traceback (most recent call last):
  File "/gpfs/accounts/si670f25_class_root/si670f25_class/santoshd/fvc/lib/training/pipeline.py", line 463, in _train_xgboost_model_fold
    model.fit(train_df, project_root=project_root_str)
  File "/gpfs/accounts/si670f25_class_root/si670f25_class/santoshd/fvc/lib/training/_xgboost_pretrained.py", line 646, in fit
    features, y = self._extract_features_batch(
                  ^^^^^^^^^^^^^^^^^^^^^^^^^^^^^
  File "/gpfs/accounts/si670f25_class_root/si670f25_class/santoshd/fvc/lib/training/_xgboost_pretrained.py", line 605, in _extract_features_batch
    features = extract_features_from_pretrained_model(
               ^^^^^^^^^^^^^^^^^^^^^^^^^^^^^^^^^^^^^^^
  File "/gpfs/accounts/si670f25_class_root/si670f25_class/santoshd/fvc/lib/training/_xgboost_pretrained.py", line 160, in extract_features_from_pretrained_model
    x = model.backbone.stem(clips)  # (N, C, T, H, W)
        ^^^^^^^^^^^^^^^^^^^
  File "/gpfs/accounts/si670f25_class_root/si670f25_class/santoshd/fvc/venv/lib/python3.11/site-packages/torch/nn/modules/module.py", line 1964, in __getattr__
    raise AttributeError(
AttributeError: 'Net' object has no attribute 'stem'
2025-12-16 21:02:39 [INFO] [lib.training.pipeline:2123] 
Final Training - xgboost_i3d - Fold 5/5 (full dataset)
2025-12-16 21:02:39 [INFO] [lib.training.pipeline:2131] Deleted existing final training fold 5 directory (clean mode)
2025-12-16 21:02:39 [INFO] [lib.training.pipeline:448] Training XGBoost model xgboost_i3d on fold 5...
2025-12-16 21:02:39 [INFO] [lib.training._xgboost_pretrained:636] Training XGBoost on features from i3d...
2025-12-16 21:02:39 [INFO] [lib.training._xgboost_pretrained:637] Processing 2622 videos...
2025-12-16 21:02:39 [INFO] [lib.training._xgboost_pretrained:522] Loading pretrained model: i3d (num_frames=400)
2025-12-16 21:02:39 [INFO] [lib.training.i3d:34] Loading I3D R50 from PyTorch Hub (facebookresearch/pytorchvideo)...
2025-12-16 21:02:39 [INFO] [lib.training.i3d:59] ✓ Loaded I3D from PyTorch Hub (pytorchvideo)
2025-12-16 21:02:39 [INFO] [lib.training.i3d:129] ✓ Verified I3D model structure: Net
2025-12-16 21:02:39 [INFO] [lib.training._xgboost_pretrained:537] Loaded i3d model to GPU, cleared cache
2025-12-16 21:02:40 [INFO] [lib.training._xgboost_pretrained:604] Extracting features using i3d (num_frames=400)...
2025-12-16 21:02:40 [INFO] [lib.training._xgboost_pretrained:101] Applied PyTorch memory optimizations for feature extraction
2025-12-16 21:02:42 [ERROR] [lib.training.pipeline:539] Error training XGBoost fold 5: 'Net' object has no attribute 'stem'
Traceback (most recent call last):
  File "/gpfs/accounts/si670f25_class_root/si670f25_class/santoshd/fvc/lib/training/pipeline.py", line 463, in _train_xgboost_model_fold
    model.fit(train_df, project_root=project_root_str)
  File "/gpfs/accounts/si670f25_class_root/si670f25_class/santoshd/fvc/lib/training/_xgboost_pretrained.py", line 646, in fit
    features, y = self._extract_features_batch(
                  ^^^^^^^^^^^^^^^^^^^^^^^^^^^^^
  File "/gpfs/accounts/si670f25_class_root/si670f25_class/santoshd/fvc/lib/training/_xgboost_pretrained.py", line 605, in _extract_features_batch
    features = extract_features_from_pretrained_model(
               ^^^^^^^^^^^^^^^^^^^^^^^^^^^^^^^^^^^^^^^
  File "/gpfs/accounts/si670f25_class_root/si670f25_class/santoshd/fvc/lib/training/_xgboost_pretrained.py", line 160, in extract_features_from_pretrained_model
    x = model.backbone.stem(clips)  # (N, C, T, H, W)
        ^^^^^^^^^^^^^^^^^^^
  File "/gpfs/accounts/si670f25_class_root/si670f25_class/santoshd/fvc/venv/lib/python3.11/site-packages/torch/nn/modules/module.py", line 1964, in __getattr__
    raise AttributeError(
AttributeError: 'Net' object has no attribute 'stem'
2025-12-16 21:02:42 [WARNING] [lib.training.pipeline:109] No model files found in /gpfs/accounts/si670f25_class_root/si670f25_class/santoshd/fvc/data/stage5/xgboost_i3d/fold_1 to copy
2025-12-16 21:02:42 [INFO] [lib.training.pipeline:2348] 
xgboost_i3d - Avg Val Loss: nan ± nan, Avg Val Acc: nan ± nan, Avg Val F1: nan ± nan
2025-12-16 21:02:42 [INFO] [lib.training.pipeline:2352]   Avg Val Precision: nan ± nan, Avg Val Recall: nan ± nan
2025-12-16 21:02:42 [INFO] [lib.training.pipeline:2356]   Class 0 - F1: nan ± nan, Precision: nan ± nan, Recall: nan ± nan
2025-12-16 21:02:42 [INFO] [lib.training.pipeline:2361]   Class 1 - F1: nan ± nan, Precision: nan ± nan, Recall: nan ± nan
2025-12-16 21:02:42 [INFO] [lib.training.pipeline:2399] Saved aggregated metrics to /gpfs/accounts/si670f25_class_root/si670f25_class/santoshd/fvc/data/stage5/xgboost_i3d/metrics.json (model: xgboost_i3d)
2025-12-16 21:02:45 [INFO] [lib.training.visualization:256] Saved CV fold comparison to /gpfs/accounts/si670f25_class_root/si670f25_class/santoshd/fvc/data/stage5/xgboost_i3d/plots/cv_fold_comparison.png
2025-12-16 21:02:45 [INFO] [lib.training.pipeline:2426] Generated plots for xgboost_i3d in /gpfs/accounts/si670f25_class_root/si670f25_class/santoshd/fvc/data/stage5/xgboost_i3d/plots
2025-12-16 21:02:45 [INFO] [lib.training.pipeline:2463] ================================================================================
2025-12-16 21:02:45 [INFO] [lib.training.pipeline:2464] Stage 5: Model Training Pipeline Completed
2025-12-16 21:02:45 [INFO] [lib.training.pipeline:2465] ================================================================================
2025-12-16 21:02:45 [INFO] [__main__:401] ================================================================================
2025-12-16 21:02:45 [INFO] [__main__:402] STAGE 5 COMPLETED SUCCESSFULLY
2025-12-16 21:02:45 [INFO] [__main__:403] ================================================================================
2025-12-16 21:02:45 [INFO] [__main__:404] Execution time: 47.68 seconds (0.79 minutes)
2025-12-16 21:02:45 [INFO] [__main__:406] Output directory: /gpfs/accounts/si670f25_class_root/si670f25_class/santoshd/fvc/data/stage5
2025-12-16 21:02:45 [INFO] [__main__:407] Models trained: ['xgboost_i3d']
2025-12-16 21:02:45 [INFO] [__main__:408] K-fold splits: 5
2025-12-16 21:02:45 [INFO] [__main__:414] ================================================================================
2025-12-16 21:02:45 [INFO] [__main__:415] Final memory statistics:
2025-12-16 21:02:45 [INFO] [__main__:416] ================================================================================
2025-12-16 21:02:45 [INFO] [lib.utils.memory:91] Memory stats (Stage 5: after training): {'cpu_memory_mb': 1486.41015625, 'cpu_memory_gb': 1.4515724182128906, 'cpu_vms_mb': 48001.0625, 'gpu_allocated_gb': 0.0, 'gpu_reserved_gb': 0.438304768, 'gpu_total_gb': 16.928342016, 'gpu_free_gb': 16.490037248}
2025-12-16 21:02:45 [INFO] [__main__:419] ================================================================================
2025-12-16 21:02:45 [INFO] [__main__:420] Training complete!
2025-12-16 21:02:45 [INFO] [__main__:421] Results saved to: /gpfs/accounts/si670f25_class_root/si670f25_class/santoshd/fvc/data/stage5
2025-12-16 21:02:45 [INFO] [__main__:422] ================================================================================
