2025-12-16 21:05:54 [INFO] [__main__:310] ================================================================================
2025-12-16 21:05:54 [INFO] [__main__:311] STAGE 5: MODEL TRAINING
2025-12-16 21:05:54 [INFO] [__main__:312] ================================================================================
2025-12-16 21:05:54 [INFO] [__main__:313] Project root: /gpfs/accounts/si670f25_class_root/si670f25_class/santoshd/fvc
2025-12-16 21:05:54 [INFO] [__main__:314] Scaled metadata: /gpfs/accounts/si670f25_class_root/si670f25_class/santoshd/fvc/data/scaled_videos/scaled_metadata.arrow
2025-12-16 21:05:54 [INFO] [__main__:315] Features Stage 2: /gpfs/accounts/si670f25_class_root/si670f25_class/santoshd/fvc/data/features_stage2/features_metadata.arrow
2025-12-16 21:05:54 [INFO] [__main__:316] Features Stage 4: /gpfs/accounts/si670f25_class_root/si670f25_class/santoshd/fvc/data/features_stage4/features_scaled_metadata.arrow
2025-12-16 21:05:54 [INFO] [__main__:317] Model types: ['xgboost_r2plus1d']
2025-12-16 21:05:54 [INFO] [__main__:318] K-fold splits: 5
2025-12-16 21:05:54 [INFO] [__main__:319] Number of frames: 1000
2025-12-16 21:05:54 [INFO] [__main__:320] Output directory: /gpfs/accounts/si670f25_class_root/si670f25_class/santoshd/fvc/data/stage5
2025-12-16 21:05:54 [INFO] [__main__:321] Experiment tracking: Enabled
2025-12-16 21:05:54 [INFO] [__main__:324] Delete existing: True
2025-12-16 21:05:54 [INFO] [__main__:325] Resume mode: True
2025-12-16 21:05:54 [INFO] [__main__:326] Log file: /gpfs/accounts/si670f25_class_root/si670f25_class/santoshd/fvc/logs/stage5_training_1765937154.log
2025-12-16 21:05:54 [INFO] [__main__:333] ================================================================================
2025-12-16 21:05:54 [INFO] [__main__:334] Checking prerequisites...
2025-12-16 21:05:54 [INFO] [__main__:335] ================================================================================
2025-12-16 21:05:54 [INFO] [__main__:342] ✓ Scaled metadata file found: /gpfs/accounts/si670f25_class_root/si670f25_class/santoshd/fvc/data/scaled_videos/scaled_metadata.arrow
2025-12-16 21:05:54 [INFO] [__main__:352] ✓ All model types are valid
2025-12-16 21:05:54 [INFO] [__main__:358] ================================================================================
2025-12-16 21:05:54 [INFO] [__main__:359] Initial memory statistics:
2025-12-16 21:05:54 [INFO] [__main__:360] ================================================================================
2025-12-16 21:05:55 [INFO] [lib.utils.memory:91] Memory stats (Stage 5: before training): {'cpu_memory_mb': 735.89453125, 'cpu_memory_gb': 0.7186470031738281, 'cpu_vms_mb': 10217.69140625, 'gpu_allocated_gb': 0.0, 'gpu_reserved_gb': 0.0, 'gpu_total_gb': 16.928342016, 'gpu_free_gb': 16.928342016}
2025-12-16 21:05:55 [INFO] [__main__:364] ================================================================================
2025-12-16 21:05:55 [INFO] [__main__:365] Starting Stage 5: Model Training
2025-12-16 21:05:55 [INFO] [__main__:366] ================================================================================
2025-12-16 21:05:55 [INFO] [__main__:367] Training 1 model(s) with 5-fold cross-validation
2025-12-16 21:05:55 [INFO] [__main__:368] This may take a while depending on dataset size and model complexity...
2025-12-16 21:05:55 [INFO] [__main__:369] Progress will be logged in real-time
2025-12-16 21:05:55 [INFO] [__main__:370] ================================================================================
2025-12-16 21:05:55 [INFO] [__main__:375] Calling Stage 5 training pipeline...
2025-12-16 21:05:55 [INFO] [__main__:376] This may take a while - progress will be logged in real-time
2025-12-16 21:05:55 [INFO] [lib.training.pipeline:1443] Applied global PyTorch memory optimizations at pipeline start
2025-12-16 21:05:55 [INFO] [lib.training.pipeline:1446] ================================================================================
2025-12-16 21:05:55 [INFO] [lib.training.pipeline:1447] Stage 5: Model Training Pipeline Started
2025-12-16 21:05:56 [INFO] [lib.training.pipeline:1448] ================================================================================
2025-12-16 21:05:56 [INFO] [lib.training.pipeline:1449] Model types: ['xgboost_r2plus1d']
2025-12-16 21:05:56 [INFO] [lib.training.pipeline:1450] K-fold splits: 5
2025-12-16 21:05:56 [INFO] [lib.training.pipeline:1451] Frames per video: 1000
2025-12-16 21:05:56 [INFO] [lib.training.pipeline:1452] Output directory: data/stage5
2025-12-16 21:05:56 [INFO] [lib.training.pipeline:1453] Initializing pipeline...
2025-12-16 21:05:56 [INFO] [lib.training.pipeline:246] ================================================================================
2025-12-16 21:05:56 [INFO] [lib.training.pipeline:247] STAGE 5 PREREQUISITE VALIDATION
2025-12-16 21:05:56 [INFO] [lib.training.pipeline:248] ================================================================================
2025-12-16 21:05:56 [INFO] [lib.training.pipeline:250] 
[1/3] Checking Stage 3 (scaled videos) - REQUIRED for all models...
2025-12-16 21:05:57 [INFO] [lib.training.pipeline:259] ✓ Stage 3 metadata found: 3278 scaled videos
2025-12-16 21:05:57 [INFO] [lib.training.pipeline:260]   Path: /gpfs/accounts/si670f25_class_root/si670f25_class/santoshd/fvc/data/scaled_videos/scaled_metadata.arrow
2025-12-16 21:05:57 [INFO] [lib.training.pipeline:262] 
[2/3] Checking Stage 2 (features) - REQUIRED for *_stage2 models...
2025-12-16 21:05:57 [INFO] [lib.training.pipeline:270] ✓ Stage 2 metadata found: 3278 feature rows
2025-12-16 21:05:57 [INFO] [lib.training.pipeline:271]   Path: /gpfs/accounts/si670f25_class_root/si670f25_class/santoshd/fvc/data/features_stage2/features_metadata.arrow
2025-12-16 21:05:57 [INFO] [lib.training.pipeline:273] 
[3/3] Checking Stage 4 (scaled features) - REQUIRED for *_stage2_stage4 models...
2025-12-16 21:05:57 [INFO] [lib.training.pipeline:281] ✓ Stage 4 metadata found: 3277 feature rows
2025-12-16 21:05:57 [INFO] [lib.training.pipeline:282]   Path: /gpfs/accounts/si670f25_class_root/si670f25_class/santoshd/fvc/data/features_stage4/features_scaled_metadata.arrow
2025-12-16 21:05:57 [INFO] [lib.training.pipeline:284] 
================================================================================
2025-12-16 21:05:57 [INFO] [lib.training.pipeline:285] MODEL REQUIREMENTS CHECK
2025-12-16 21:05:57 [INFO] [lib.training.pipeline:286] ================================================================================
2025-12-16 21:05:57 [INFO] [lib.training.pipeline:305] ✓ xgboost_r2plus1d: CAN RUN
2025-12-16 21:05:57 [INFO] [lib.training.pipeline:307] 
================================================================================
2025-12-16 21:05:57 [INFO] [lib.training.pipeline:308] VALIDATION SUMMARY
2025-12-16 21:05:57 [INFO] [lib.training.pipeline:309] ================================================================================
2025-12-16 21:05:57 [INFO] [lib.training.pipeline:310] Stage 3 (scaled videos): ✓ Available
2025-12-16 21:05:57 [INFO] [lib.training.pipeline:311]   Count: 3278 videos
2025-12-16 21:05:57 [INFO] [lib.training.pipeline:312] Stage 2 (features): ✓ Available
2025-12-16 21:05:57 [INFO] [lib.training.pipeline:313]   Count: 3278 feature rows
2025-12-16 21:05:57 [INFO] [lib.training.pipeline:314] Stage 4 (scaled features): ✓ Available
2025-12-16 21:05:57 [INFO] [lib.training.pipeline:315]   Count: 3277 feature rows
2025-12-16 21:05:57 [INFO] [lib.training.pipeline:316] 
Runnable models: 1/1
2025-12-16 21:05:57 [INFO] [lib.training.pipeline:317]   ['xgboost_r2plus1d']
2025-12-16 21:05:57 [INFO] [lib.training.pipeline:324] ================================================================================
2025-12-16 21:05:58 [INFO] [lib.training.pipeline:1534] 
Stage 5: Loading metadata...
2025-12-16 21:05:58 [INFO] [lib.training.pipeline:1558] Loaded metadata: 3278 rows
2025-12-16 21:05:58 [INFO] [lib.training.pipeline:1568] ✓ Data validation passed: 3278 rows (> 3000 required)
2025-12-16 21:05:58 [WARNING] [lib.utils.guardrails:171] Disk usage high: free=779781.87GB, used=1720058.13GB (68.8%)
2025-12-16 21:05:58 [INFO] [lib.training.pipeline:1589] Loading Stage 2 and Stage 4 features (required for feature-based models)...
2025-12-16 21:05:58 [INFO] [lib.training.pipeline:1599] Stage 5: Found 3278 scaled videos
2025-12-16 21:05:58 [INFO] [lib.training.pipeline:1602] ================================================================================
2025-12-16 21:05:58 [INFO] [lib.training.pipeline:1603] STAGE 5: VALIDATING VIDEOS (checking for corruption and empty videos)
2025-12-16 21:05:58 [INFO] [lib.training.pipeline:1604] ================================================================================
2025-12-16 21:05:58 [INFO] [lib.data.loading:156] Checking file existence for 3278 videos...
2025-12-16 21:06:01 [INFO] [lib.data.loading:166] Found 3278 existing video files (filtered out 0 missing files)
2025-12-16 21:06:01 [INFO] [lib.data.loading:170] Checking for corrupted videos (moov atom errors, etc.)...
2025-12-16 21:06:02 [INFO] [lib.data.loading:92] Loaded validation cache from /gpfs/accounts/si670f25_class_root/si670f25_class/santoshd/fvc/data/.video_validation_cache/validation_0192be168a40eb7e_corruptTrue_framesTrue.parquet (3278 entries)
2025-12-16 21:06:02 [INFO] [lib.data.loading:194] Cache hit: 3278 videos, Cache miss: 0 videos
2025-12-16 21:06:03 [WARNING] [lib.data.loading:306] Filtered out 1 corrupted videos and 0 empty videos. Keeping 3277 valid videos.
2025-12-16 21:06:03 [WARNING] [lib.data.loading:311] Sample of invalid videos:
2025-12-16 21:06:03 [WARNING] [lib.data.loading:313]   data/scaled_videos/FX5aeuJFQ64_aug1_scaled_aug1.mp4: Corrupted video: moov atom not found
2025-12-16 21:06:03 [INFO] [lib.data.loading:323] Found /gpfs/accounts/si670f25_class_root/si670f25_class/santoshd/fvc/data/skip_frame_check.txt - skipping frame check as requested.
2025-12-16 21:06:03 [WARNING] [lib.data.loading:387] Filtered out 1 invalid videos (corrupted). Keeping 3277 valid videos.
2025-12-16 21:06:03 [INFO] [lib.training.pipeline:1613] ✓ Video validation complete: 3277 valid videos ready for training
2025-12-16 21:06:03 [INFO] [lib.training.pipeline:1614] ================================================================================
2025-12-16 21:06:03 [INFO] [lib.training.pipeline:1700] Frame caching enabled (default): cache_dir=data/.frame_cache. This will cache processed frames to disk to speed up training. First epoch will be slower (building cache), subsequent epochs will be faster. To disable, set FVC_USE_FRAME_CACHE=0
2025-12-16 21:06:03 [INFO] [lib.training.pipeline:1773] Overriding num_frames to 400 for xgboost_r2plus1d. Original num_frames was 1000.
2025-12-16 21:06:03 [INFO] [lib.training.pipeline:1801] Stage 5: Deleting existing model results (clean mode)...
2025-12-16 21:06:03 [INFO] [lib.training.pipeline:1809] Deleted existing results for xgboost_r2plus1d
2025-12-16 21:06:03 [INFO] [lib.training.pipeline:1812] Stage 5: Deleted 1 existing model directories
2025-12-16 21:06:03 [INFO] [lib.training.pipeline:1816] 
================================================================================
2025-12-16 21:06:03 [INFO] [lib.training.pipeline:1817] Stage 5: Training model: xgboost_r2plus1d
2025-12-16 21:06:03 [INFO] [lib.training.pipeline:1818] ================================================================================
2025-12-16 21:06:03 [INFO] [lib.training.pipeline:1836] Overriding model_config num_frames to 400 for xgboost_r2plus1d (XGBoost pretrained model with enhanced feature extraction) to improve feature quality.
2025-12-16 21:06:03 [INFO] [lib.training.pipeline:1854] Grid search: 1 hyperparameter combinations to try
2025-12-16 21:06:03 [INFO] [lib.training.pipeline:1862] ================================================================================
2025-12-16 21:06:03 [INFO] [lib.training.pipeline:1863] HYPERPARAMETER SEARCH: Using 10.0% stratified sample for efficiency
2025-12-16 21:06:03 [INFO] [lib.training.pipeline:1864] ================================================================================
2025-12-16 21:06:04 [INFO] [lib.training.pipeline:1873] Hyperparameter search sample: 327 rows (10.0% of 3277 total)
2025-12-16 21:06:04 [INFO] [lib.training.pipeline:1874] To change sample size, set FVC_GRID_SEARCH_SAMPLE_SIZE environment variable (current: 0.1)
2025-12-16 21:06:04 [INFO] [lib.training.pipeline:1886] Using 5-fold stratified cross-validation on 10.0% sample for hyperparameter search
2025-12-16 21:06:04 [INFO] [lib.training.pipeline:1897] 
================================================================================
2025-12-16 21:06:04 [INFO] [lib.training.pipeline:1898] Grid Search: Hyperparameter combination 1/1
2025-12-16 21:06:04 [INFO] [lib.training.pipeline:1899] Parameters: {'n_estimators': 100, 'max_depth': 5, 'learning_rate': 0.1, 'subsample': 0.8, 'colsample_bytree': 0.8}
2025-12-16 21:06:04 [INFO] [lib.training.pipeline:1900] ================================================================================
2025-12-16 21:06:04 [INFO] [lib.training.pipeline:1918] 
Hyperparameter Search - xgboost_r2plus1d - Fold 1/5 (10.0% sample)
2025-12-16 21:06:04 [INFO] [lib.training.pipeline:448] Training XGBoost model xgboost_r2plus1d on fold 1...
2025-12-16 21:06:04 [INFO] [lib.training._xgboost_pretrained:636] Training XGBoost on features from r2plus1d...
2025-12-16 21:06:04 [INFO] [lib.training._xgboost_pretrained:637] Processing 261 videos...
2025-12-16 21:06:04 [INFO] [lib.training._xgboost_pretrained:522] Loading pretrained model: r2plus1d (num_frames=400)
2025-12-16 21:06:05 [INFO] [lib.training.r2plus1d:71] ✓ Verified R(2+1)D model structure: VideoResNet
2025-12-16 21:06:05 [INFO] [lib.training._xgboost_pretrained:537] Loaded r2plus1d model to GPU, cleared cache
2025-12-16 21:06:06 [INFO] [lib.training._xgboost_pretrained:604] Extracting features using r2plus1d (num_frames=400)...
2025-12-16 21:06:06 [INFO] [lib.training._xgboost_pretrained:101] Applied PyTorch memory optimizations for feature extraction
2025-12-16 21:22:52 [INFO] [lib.training._xgboost_pretrained:410] Extracted features shape: (261, 2432)
2025-12-16 21:22:52 [INFO] [lib.training._xgboost_pretrained:622] Cleared r2plus1d model from GPU after feature extraction
2025-12-16 21:22:52 [INFO] [lib.training._xgboost_pretrained:660] Removing collinear features...
2025-12-16 21:22:52 [INFO] [lib.training.feature_preprocessing:77] Removed 0 features with zero variance
2025-12-16 21:22:53 [INFO] [lib.training.feature_preprocessing:141] Removed 502 collinear features (correlation >= 0.95)
2025-12-16 21:22:53 [INFO] [lib.training.feature_preprocessing:162] Final feature count: 1930/2432 (79.4% retained)
2025-12-16 21:22:53 [INFO] [lib.training._xgboost_pretrained:667] Using 1930 features after collinearity removal
2025-12-16 21:22:53 [INFO] [lib.training._xgboost_pretrained:683] Class distribution: Class 0=128, Class 1=133, scale_pos_weight=0.962
2025-12-16 21:22:53 [INFO] [lib.training._xgboost_pretrained:701] Training XGBoost: 208 train samples, 53 validation samples for early stopping
2025-12-16 21:22:53 [INFO] [lib.training._xgboost_pretrained:704] Training XGBoost with improved architecture (multi-layer + temporal pooling + class weights + early stopping)...
2025-12-16 21:22:56 [INFO] [lib.training._xgboost_pretrained:770] Early stopping: Best iteration = 70 (out of 200)
2025-12-16 21:22:56 [INFO] [lib.training._xgboost_pretrained:772] ✓ XGBoost trained on pretrained model features with enhanced feature extraction
2025-12-16 21:22:57 [INFO] [lib.training._xgboost_pretrained:522] Loading pretrained model: r2plus1d (num_frames=400)
2025-12-16 21:22:57 [INFO] [lib.training.r2plus1d:71] ✓ Verified R(2+1)D model structure: VideoResNet
2025-12-16 21:22:57 [INFO] [lib.training._xgboost_pretrained:537] Loaded r2plus1d model to GPU, cleared cache
2025-12-16 21:22:58 [INFO] [lib.training._xgboost_pretrained:604] Extracting features using r2plus1d (num_frames=400)...
2025-12-16 21:22:58 [INFO] [lib.training._xgboost_pretrained:101] Applied PyTorch memory optimizations for feature extraction
2025-12-16 21:27:20 [INFO] [lib.training._xgboost_pretrained:410] Extracted features shape: (66, 2432)
2025-12-16 21:27:20 [INFO] [lib.training._xgboost_pretrained:622] Cleared r2plus1d model from GPU after feature extraction
2025-12-16 21:27:20 [INFO] [lib.training.pipeline:500] Fold 1 - Val Loss: 0.5483, Val Acc: 0.6970, Val F1: 0.6970, Val Precision: 0.7188, Val Recall: 0.6765
2025-12-16 21:27:20 [INFO] [lib.training.pipeline:505]   Class 0 - Precision: 0.6765, Recall: 0.7188, F1: 0.6970
2025-12-16 21:27:20 [INFO] [lib.training.pipeline:509]   Class 1 - Precision: 0.7188, Recall: 0.6765, F1: 0.6970
2025-12-16 21:27:20 [INFO] [lib.training._xgboost_pretrained:840] Saved XGBoost model to /gpfs/accounts/si670f25_class_root/si670f25_class/santoshd/fvc/data/stage5/xgboost_r2plus1d/fold_1
2025-12-16 21:27:20 [INFO] [lib.training.pipeline:516] Saved XGBoost model to /gpfs/accounts/si670f25_class_root/si670f25_class/santoshd/fvc/data/stage5/xgboost_r2plus1d/fold_1
2025-12-16 21:27:23 [INFO] [lib.training.visualization:480] Generated fold 1 plots: ROC/PR curves and confusion matrix
2025-12-16 21:27:23 [INFO] [lib.training.pipeline:1918] 
Hyperparameter Search - xgboost_r2plus1d - Fold 2/5 (10.0% sample)
2025-12-16 21:27:23 [INFO] [lib.training.pipeline:448] Training XGBoost model xgboost_r2plus1d on fold 2...
2025-12-16 21:27:23 [INFO] [lib.training._xgboost_pretrained:636] Training XGBoost on features from r2plus1d...
2025-12-16 21:27:23 [INFO] [lib.training._xgboost_pretrained:637] Processing 261 videos...
2025-12-16 21:27:24 [INFO] [lib.training._xgboost_pretrained:522] Loading pretrained model: r2plus1d (num_frames=400)
2025-12-16 21:27:24 [INFO] [lib.training.r2plus1d:71] ✓ Verified R(2+1)D model structure: VideoResNet
2025-12-16 21:27:24 [INFO] [lib.training._xgboost_pretrained:537] Loaded r2plus1d model to GPU, cleared cache
2025-12-16 21:27:24 [INFO] [lib.training._xgboost_pretrained:604] Extracting features using r2plus1d (num_frames=400)...
2025-12-16 21:27:25 [INFO] [lib.training._xgboost_pretrained:101] Applied PyTorch memory optimizations for feature extraction
2025-12-16 21:45:08 [INFO] [lib.training._xgboost_pretrained:410] Extracted features shape: (261, 2432)
2025-12-16 21:45:08 [INFO] [lib.training._xgboost_pretrained:622] Cleared r2plus1d model from GPU after feature extraction
2025-12-16 21:45:08 [INFO] [lib.training._xgboost_pretrained:660] Removing collinear features...
2025-12-16 21:45:08 [INFO] [lib.training.feature_preprocessing:77] Removed 0 features with zero variance
2025-12-16 21:45:09 [INFO] [lib.training.feature_preprocessing:141] Removed 507 collinear features (correlation >= 0.95)
2025-12-16 21:45:09 [INFO] [lib.training.feature_preprocessing:162] Final feature count: 1925/2432 (79.2% retained)
2025-12-16 21:45:09 [INFO] [lib.training._xgboost_pretrained:667] Using 1925 features after collinearity removal
2025-12-16 21:45:09 [INFO] [lib.training._xgboost_pretrained:683] Class distribution: Class 0=128, Class 1=133, scale_pos_weight=0.962
2025-12-16 21:45:09 [INFO] [lib.training._xgboost_pretrained:701] Training XGBoost: 208 train samples, 53 validation samples for early stopping
2025-12-16 21:45:09 [INFO] [lib.training._xgboost_pretrained:704] Training XGBoost with improved architecture (multi-layer + temporal pooling + class weights + early stopping)...
2025-12-16 21:45:12 [INFO] [lib.training._xgboost_pretrained:770] Early stopping: Best iteration = 52 (out of 200)
2025-12-16 21:45:12 [INFO] [lib.training._xgboost_pretrained:772] ✓ XGBoost trained on pretrained model features with enhanced feature extraction
2025-12-16 21:45:12 [INFO] [lib.training._xgboost_pretrained:522] Loading pretrained model: r2plus1d (num_frames=400)
2025-12-16 21:45:13 [INFO] [lib.training.r2plus1d:71] ✓ Verified R(2+1)D model structure: VideoResNet
2025-12-16 21:45:13 [INFO] [lib.training._xgboost_pretrained:537] Loaded r2plus1d model to GPU, cleared cache
2025-12-16 21:45:13 [INFO] [lib.training._xgboost_pretrained:604] Extracting features using r2plus1d (num_frames=400)...
2025-12-16 21:45:13 [INFO] [lib.training._xgboost_pretrained:101] Applied PyTorch memory optimizations for feature extraction
2025-12-16 21:49:29 [INFO] [lib.training._xgboost_pretrained:410] Extracted features shape: (66, 2432)
2025-12-16 21:49:29 [INFO] [lib.training._xgboost_pretrained:622] Cleared r2plus1d model from GPU after feature extraction
2025-12-16 21:49:29 [INFO] [lib.training.pipeline:500] Fold 2 - Val Loss: 0.4834, Val Acc: 0.7727, Val F1: 0.7692, Val Precision: 0.8065, Val Recall: 0.7353
2025-12-16 21:49:29 [INFO] [lib.training.pipeline:505]   Class 0 - Precision: 0.7429, Recall: 0.8125, F1: 0.7761
2025-12-16 21:49:29 [INFO] [lib.training.pipeline:509]   Class 1 - Precision: 0.8065, Recall: 0.7353, F1: 0.7692
2025-12-16 21:49:29 [INFO] [lib.training._xgboost_pretrained:840] Saved XGBoost model to /gpfs/accounts/si670f25_class_root/si670f25_class/santoshd/fvc/data/stage5/xgboost_r2plus1d/fold_2
2025-12-16 21:49:29 [INFO] [lib.training.pipeline:516] Saved XGBoost model to /gpfs/accounts/si670f25_class_root/si670f25_class/santoshd/fvc/data/stage5/xgboost_r2plus1d/fold_2
2025-12-16 21:49:31 [INFO] [lib.training.visualization:480] Generated fold 2 plots: ROC/PR curves and confusion matrix
2025-12-16 21:49:31 [INFO] [lib.training.pipeline:1918] 
Hyperparameter Search - xgboost_r2plus1d - Fold 3/5 (10.0% sample)
2025-12-16 21:49:31 [INFO] [lib.training.pipeline:448] Training XGBoost model xgboost_r2plus1d on fold 3...
2025-12-16 21:49:31 [INFO] [lib.training._xgboost_pretrained:636] Training XGBoost on features from r2plus1d...
2025-12-16 21:49:31 [INFO] [lib.training._xgboost_pretrained:637] Processing 262 videos...
2025-12-16 21:49:31 [INFO] [lib.training._xgboost_pretrained:522] Loading pretrained model: r2plus1d (num_frames=400)
2025-12-16 21:49:32 [INFO] [lib.training.r2plus1d:71] ✓ Verified R(2+1)D model structure: VideoResNet
2025-12-16 21:49:32 [INFO] [lib.training._xgboost_pretrained:537] Loaded r2plus1d model to GPU, cleared cache
2025-12-16 21:49:32 [INFO] [lib.training._xgboost_pretrained:604] Extracting features using r2plus1d (num_frames=400)...
2025-12-16 21:49:32 [INFO] [lib.training._xgboost_pretrained:101] Applied PyTorch memory optimizations for feature extraction
2025-12-16 22:06:16 [INFO] [lib.training._xgboost_pretrained:410] Extracted features shape: (262, 2432)
2025-12-16 22:06:16 [INFO] [lib.training._xgboost_pretrained:622] Cleared r2plus1d model from GPU after feature extraction
2025-12-16 22:06:16 [INFO] [lib.training._xgboost_pretrained:660] Removing collinear features...
2025-12-16 22:06:16 [INFO] [lib.training.feature_preprocessing:77] Removed 0 features with zero variance
2025-12-16 22:06:17 [INFO] [lib.training.feature_preprocessing:141] Removed 506 collinear features (correlation >= 0.95)
2025-12-16 22:06:17 [INFO] [lib.training.feature_preprocessing:162] Final feature count: 1926/2432 (79.2% retained)
2025-12-16 22:06:17 [INFO] [lib.training._xgboost_pretrained:667] Using 1926 features after collinearity removal
2025-12-16 22:06:17 [INFO] [lib.training._xgboost_pretrained:683] Class distribution: Class 0=128, Class 1=134, scale_pos_weight=0.955
2025-12-16 22:06:17 [INFO] [lib.training._xgboost_pretrained:701] Training XGBoost: 209 train samples, 53 validation samples for early stopping
2025-12-16 22:06:17 [INFO] [lib.training._xgboost_pretrained:704] Training XGBoost with improved architecture (multi-layer + temporal pooling + class weights + early stopping)...
2025-12-16 22:06:20 [INFO] [lib.training._xgboost_pretrained:770] Early stopping: Best iteration = 73 (out of 200)
2025-12-16 22:06:20 [INFO] [lib.training._xgboost_pretrained:772] ✓ XGBoost trained on pretrained model features with enhanced feature extraction
2025-12-16 22:06:20 [INFO] [lib.training._xgboost_pretrained:522] Loading pretrained model: r2plus1d (num_frames=400)
2025-12-16 22:06:21 [INFO] [lib.training.r2plus1d:71] ✓ Verified R(2+1)D model structure: VideoResNet
2025-12-16 22:06:21 [INFO] [lib.training._xgboost_pretrained:537] Loaded r2plus1d model to GPU, cleared cache
2025-12-16 22:06:21 [INFO] [lib.training._xgboost_pretrained:604] Extracting features using r2plus1d (num_frames=400)...
2025-12-16 22:06:22 [INFO] [lib.training._xgboost_pretrained:101] Applied PyTorch memory optimizations for feature extraction
2025-12-16 22:10:35 [INFO] [lib.training._xgboost_pretrained:410] Extracted features shape: (65, 2432)
2025-12-16 22:10:35 [INFO] [lib.training._xgboost_pretrained:622] Cleared r2plus1d model from GPU after feature extraction
2025-12-16 22:10:35 [INFO] [lib.training.pipeline:500] Fold 3 - Val Loss: 0.5128, Val Acc: 0.7077, Val F1: 0.7164, Val Precision: 0.7059, Val Recall: 0.7273
2025-12-16 22:10:35 [INFO] [lib.training.pipeline:505]   Class 0 - Precision: 0.7097, Recall: 0.6875, F1: 0.6984
2025-12-16 22:10:35 [INFO] [lib.training.pipeline:509]   Class 1 - Precision: 0.7059, Recall: 0.7273, F1: 0.7164
2025-12-16 22:10:35 [INFO] [lib.training._xgboost_pretrained:840] Saved XGBoost model to /gpfs/accounts/si670f25_class_root/si670f25_class/santoshd/fvc/data/stage5/xgboost_r2plus1d/fold_3
2025-12-16 22:10:35 [INFO] [lib.training.pipeline:516] Saved XGBoost model to /gpfs/accounts/si670f25_class_root/si670f25_class/santoshd/fvc/data/stage5/xgboost_r2plus1d/fold_3
2025-12-16 22:10:36 [INFO] [lib.training.visualization:480] Generated fold 3 plots: ROC/PR curves and confusion matrix
2025-12-16 22:10:37 [INFO] [lib.training.pipeline:1918] 
Hyperparameter Search - xgboost_r2plus1d - Fold 4/5 (10.0% sample)
2025-12-16 22:10:37 [INFO] [lib.training.pipeline:448] Training XGBoost model xgboost_r2plus1d on fold 4...
2025-12-16 22:10:37 [INFO] [lib.training._xgboost_pretrained:636] Training XGBoost on features from r2plus1d...
2025-12-16 22:10:37 [INFO] [lib.training._xgboost_pretrained:637] Processing 262 videos...
2025-12-16 22:10:37 [INFO] [lib.training._xgboost_pretrained:522] Loading pretrained model: r2plus1d (num_frames=400)
2025-12-16 22:10:38 [INFO] [lib.training.r2plus1d:71] ✓ Verified R(2+1)D model structure: VideoResNet
2025-12-16 22:10:38 [INFO] [lib.training._xgboost_pretrained:537] Loaded r2plus1d model to GPU, cleared cache
2025-12-16 22:10:38 [INFO] [lib.training._xgboost_pretrained:604] Extracting features using r2plus1d (num_frames=400)...
2025-12-16 22:10:38 [INFO] [lib.training._xgboost_pretrained:101] Applied PyTorch memory optimizations for feature extraction
2025-12-16 22:27:56 [INFO] [lib.training._xgboost_pretrained:410] Extracted features shape: (262, 2432)
2025-12-16 22:27:56 [INFO] [lib.training._xgboost_pretrained:622] Cleared r2plus1d model from GPU after feature extraction
2025-12-16 22:27:56 [INFO] [lib.training._xgboost_pretrained:660] Removing collinear features...
2025-12-16 22:27:56 [INFO] [lib.training.feature_preprocessing:77] Removed 0 features with zero variance
2025-12-16 22:27:57 [INFO] [lib.training.feature_preprocessing:141] Removed 506 collinear features (correlation >= 0.95)
2025-12-16 22:27:57 [INFO] [lib.training.feature_preprocessing:162] Final feature count: 1926/2432 (79.2% retained)
2025-12-16 22:27:57 [INFO] [lib.training._xgboost_pretrained:667] Using 1926 features after collinearity removal
2025-12-16 22:27:57 [INFO] [lib.training._xgboost_pretrained:683] Class distribution: Class 0=128, Class 1=134, scale_pos_weight=0.955
2025-12-16 22:27:57 [INFO] [lib.training._xgboost_pretrained:701] Training XGBoost: 209 train samples, 53 validation samples for early stopping
2025-12-16 22:27:57 [INFO] [lib.training._xgboost_pretrained:704] Training XGBoost with improved architecture (multi-layer + temporal pooling + class weights + early stopping)...
2025-12-16 22:27:59 [INFO] [lib.training._xgboost_pretrained:770] Early stopping: Best iteration = 25 (out of 200)
2025-12-16 22:27:59 [INFO] [lib.training._xgboost_pretrained:772] ✓ XGBoost trained on pretrained model features with enhanced feature extraction
2025-12-16 22:27:59 [INFO] [lib.training._xgboost_pretrained:522] Loading pretrained model: r2plus1d (num_frames=400)
2025-12-16 22:28:00 [INFO] [lib.training.r2plus1d:71] ✓ Verified R(2+1)D model structure: VideoResNet
2025-12-16 22:28:00 [INFO] [lib.training._xgboost_pretrained:537] Loaded r2plus1d model to GPU, cleared cache
2025-12-16 22:28:00 [INFO] [lib.training._xgboost_pretrained:604] Extracting features using r2plus1d (num_frames=400)...
2025-12-16 22:28:00 [INFO] [lib.training._xgboost_pretrained:101] Applied PyTorch memory optimizations for feature extraction
2025-12-16 22:32:09 [INFO] [lib.training._xgboost_pretrained:410] Extracted features shape: (65, 2432)
2025-12-16 22:32:09 [INFO] [lib.training._xgboost_pretrained:622] Cleared r2plus1d model from GPU after feature extraction
2025-12-16 22:32:09 [INFO] [lib.training.pipeline:500] Fold 4 - Val Loss: 0.5980, Val Acc: 0.6615, Val F1: 0.6667, Val Precision: 0.6667, Val Recall: 0.6667
2025-12-16 22:32:09 [INFO] [lib.training.pipeline:505]   Class 0 - Precision: 0.6562, Recall: 0.6562, F1: 0.6562
2025-12-16 22:32:09 [INFO] [lib.training.pipeline:509]   Class 1 - Precision: 0.6667, Recall: 0.6667, F1: 0.6667
2025-12-16 22:32:09 [INFO] [lib.training._xgboost_pretrained:840] Saved XGBoost model to /gpfs/accounts/si670f25_class_root/si670f25_class/santoshd/fvc/data/stage5/xgboost_r2plus1d/fold_4
2025-12-16 22:32:09 [INFO] [lib.training.pipeline:516] Saved XGBoost model to /gpfs/accounts/si670f25_class_root/si670f25_class/santoshd/fvc/data/stage5/xgboost_r2plus1d/fold_4
2025-12-16 22:32:11 [INFO] [lib.training.visualization:480] Generated fold 4 plots: ROC/PR curves and confusion matrix
2025-12-16 22:32:11 [INFO] [lib.training.pipeline:1918] 
Hyperparameter Search - xgboost_r2plus1d - Fold 5/5 (10.0% sample)
2025-12-16 22:32:11 [INFO] [lib.training.pipeline:448] Training XGBoost model xgboost_r2plus1d on fold 5...
2025-12-16 22:32:11 [INFO] [lib.training._xgboost_pretrained:636] Training XGBoost on features from r2plus1d...
2025-12-16 22:32:11 [INFO] [lib.training._xgboost_pretrained:637] Processing 262 videos...
2025-12-16 22:32:11 [INFO] [lib.training._xgboost_pretrained:522] Loading pretrained model: r2plus1d (num_frames=400)
2025-12-16 22:32:12 [INFO] [lib.training.r2plus1d:71] ✓ Verified R(2+1)D model structure: VideoResNet
2025-12-16 22:32:12 [INFO] [lib.training._xgboost_pretrained:537] Loaded r2plus1d model to GPU, cleared cache
2025-12-16 22:32:12 [INFO] [lib.training._xgboost_pretrained:604] Extracting features using r2plus1d (num_frames=400)...
2025-12-16 22:32:12 [INFO] [lib.training._xgboost_pretrained:101] Applied PyTorch memory optimizations for feature extraction
2025-12-16 22:50:49 [INFO] [lib.training._xgboost_pretrained:410] Extracted features shape: (262, 2432)
2025-12-16 22:50:50 [INFO] [lib.training._xgboost_pretrained:622] Cleared r2plus1d model from GPU after feature extraction
2025-12-16 22:50:50 [INFO] [lib.training._xgboost_pretrained:660] Removing collinear features...
2025-12-16 22:50:50 [INFO] [lib.training.feature_preprocessing:77] Removed 0 features with zero variance
2025-12-16 22:50:50 [INFO] [lib.training.feature_preprocessing:141] Removed 506 collinear features (correlation >= 0.95)
2025-12-16 22:50:50 [INFO] [lib.training.feature_preprocessing:162] Final feature count: 1926/2432 (79.2% retained)
2025-12-16 22:50:50 [INFO] [lib.training._xgboost_pretrained:667] Using 1926 features after collinearity removal
2025-12-16 22:50:50 [INFO] [lib.training._xgboost_pretrained:683] Class distribution: Class 0=128, Class 1=134, scale_pos_weight=0.955
2025-12-16 22:50:50 [INFO] [lib.training._xgboost_pretrained:701] Training XGBoost: 209 train samples, 53 validation samples for early stopping
2025-12-16 22:50:50 [INFO] [lib.training._xgboost_pretrained:704] Training XGBoost with improved architecture (multi-layer + temporal pooling + class weights + early stopping)...
2025-12-16 22:50:54 [INFO] [lib.training._xgboost_pretrained:770] Early stopping: Best iteration = 106 (out of 200)
2025-12-16 22:50:54 [INFO] [lib.training._xgboost_pretrained:772] ✓ XGBoost trained on pretrained model features with enhanced feature extraction
2025-12-16 22:50:55 [INFO] [lib.training._xgboost_pretrained:522] Loading pretrained model: r2plus1d (num_frames=400)
2025-12-16 22:50:55 [INFO] [lib.training.r2plus1d:71] ✓ Verified R(2+1)D model structure: VideoResNet
2025-12-16 22:50:55 [INFO] [lib.training._xgboost_pretrained:537] Loaded r2plus1d model to GPU, cleared cache
2025-12-16 22:50:56 [INFO] [lib.training._xgboost_pretrained:604] Extracting features using r2plus1d (num_frames=400)...
2025-12-16 22:50:56 [INFO] [lib.training._xgboost_pretrained:101] Applied PyTorch memory optimizations for feature extraction
2025-12-16 22:54:47 [INFO] [lib.training._xgboost_pretrained:410] Extracted features shape: (65, 2432)
2025-12-16 22:54:47 [INFO] [lib.training._xgboost_pretrained:622] Cleared r2plus1d model from GPU after feature extraction
2025-12-16 22:54:47 [INFO] [lib.training.pipeline:500] Fold 5 - Val Loss: 0.5039, Val Acc: 0.7385, Val F1: 0.7385, Val Precision: 0.7500, Val Recall: 0.7273
2025-12-16 22:54:47 [INFO] [lib.training.pipeline:505]   Class 0 - Precision: 0.7273, Recall: 0.7500, F1: 0.7385
2025-12-16 22:54:47 [INFO] [lib.training.pipeline:509]   Class 1 - Precision: 0.7500, Recall: 0.7273, F1: 0.7385
2025-12-16 22:54:47 [INFO] [lib.training._xgboost_pretrained:840] Saved XGBoost model to /gpfs/accounts/si670f25_class_root/si670f25_class/santoshd/fvc/data/stage5/xgboost_r2plus1d/fold_5
2025-12-16 22:54:47 [INFO] [lib.training.pipeline:516] Saved XGBoost model to /gpfs/accounts/si670f25_class_root/si670f25_class/santoshd/fvc/data/stage5/xgboost_r2plus1d/fold_5
2025-12-16 22:54:48 [INFO] [lib.training.visualization:480] Generated fold 5 plots: ROC/PR curves and confusion matrix
2025-12-16 22:54:49 [INFO] [lib.training.pipeline:2079] Parameter combination 1 - Mean F1: 0.7175, Mean Acc: 0.7155
2025-12-16 22:54:49 [INFO] [lib.training.pipeline:2091] Using single parameter combination: {'n_estimators': 100, 'max_depth': 5, 'learning_rate': 0.1, 'subsample': 0.8, 'colsample_bytree': 0.8}
2025-12-16 22:54:49 [INFO] [lib.training.pipeline:2094] ================================================================================
2025-12-16 22:54:49 [INFO] [lib.training.pipeline:2095] FINAL TRAINING: Using full dataset with best hyperparameters
2025-12-16 22:54:49 [INFO] [lib.training.pipeline:2096] ================================================================================
2025-12-16 22:54:49 [INFO] [lib.training.pipeline:2109] Final training: Using 5-fold stratified cross-validation on full dataset (3277 rows)
2025-12-16 22:54:49 [INFO] [lib.training.pipeline:2117] Final training using best hyperparameters: {'n_estimators': 100, 'max_depth': 5, 'learning_rate': 0.1, 'subsample': 0.8, 'colsample_bytree': 0.8}
2025-12-16 22:54:49 [INFO] [lib.training.pipeline:2123] 
Final Training - xgboost_r2plus1d - Fold 1/5 (full dataset)
2025-12-16 22:54:49 [INFO] [lib.training.pipeline:2131] Deleted existing final training fold 1 directory (clean mode)
2025-12-16 22:54:49 [INFO] [lib.training.pipeline:448] Training XGBoost model xgboost_r2plus1d on fold 1...
2025-12-16 22:54:49 [INFO] [lib.training._xgboost_pretrained:636] Training XGBoost on features from r2plus1d...
2025-12-16 22:54:49 [INFO] [lib.training._xgboost_pretrained:637] Processing 2621 videos...
2025-12-16 22:54:49 [INFO] [lib.training._xgboost_pretrained:522] Loading pretrained model: r2plus1d (num_frames=400)
2025-12-16 22:54:49 [INFO] [lib.training.r2plus1d:71] ✓ Verified R(2+1)D model structure: VideoResNet
2025-12-16 22:54:49 [INFO] [lib.training._xgboost_pretrained:537] Loaded r2plus1d model to GPU, cleared cache
2025-12-16 22:54:50 [INFO] [lib.training._xgboost_pretrained:604] Extracting features using r2plus1d (num_frames=400)...
2025-12-16 22:54:50 [INFO] [lib.training._xgboost_pretrained:101] Applied PyTorch memory optimizations for feature extraction
2025-12-17 01:52:56 [INFO] [lib.training._xgboost_pretrained:410] Extracted features shape: (2621, 2432)
2025-12-17 01:52:56 [INFO] [lib.training._xgboost_pretrained:622] Cleared r2plus1d model from GPU after feature extraction
2025-12-17 01:52:56 [INFO] [lib.training._xgboost_pretrained:660] Removing collinear features...
2025-12-17 01:52:56 [INFO] [lib.training.feature_preprocessing:77] Removed 0 features with zero variance
2025-12-17 01:52:57 [INFO] [lib.training.feature_preprocessing:141] Removed 508 collinear features (correlation >= 0.95)
2025-12-17 01:52:57 [INFO] [lib.training.feature_preprocessing:162] Final feature count: 1924/2432 (79.1% retained)
2025-12-17 01:52:57 [INFO] [lib.training._xgboost_pretrained:667] Using 1924 features after collinearity removal
2025-12-17 01:52:57 [INFO] [lib.training._xgboost_pretrained:683] Class distribution: Class 0=1284, Class 1=1337, scale_pos_weight=0.960
2025-12-17 01:52:57 [INFO] [lib.training._xgboost_pretrained:701] Training XGBoost: 2096 train samples, 525 validation samples for early stopping
2025-12-17 01:52:57 [INFO] [lib.training._xgboost_pretrained:704] Training XGBoost with improved architecture (multi-layer + temporal pooling + class weights + early stopping)...
2025-12-17 01:53:39 [INFO] [lib.training._xgboost_pretrained:770] Early stopping: Best iteration = 200 (out of 200)
2025-12-17 01:53:39 [INFO] [lib.training._xgboost_pretrained:772] ✓ XGBoost trained on pretrained model features with enhanced feature extraction
2025-12-17 01:53:40 [INFO] [lib.training._xgboost_pretrained:522] Loading pretrained model: r2plus1d (num_frames=400)
2025-12-17 01:53:40 [INFO] [lib.training.r2plus1d:71] ✓ Verified R(2+1)D model structure: VideoResNet
2025-12-17 01:53:40 [INFO] [lib.training._xgboost_pretrained:537] Loaded r2plus1d model to GPU, cleared cache
2025-12-17 01:53:41 [INFO] [lib.training._xgboost_pretrained:604] Extracting features using r2plus1d (num_frames=400)...
2025-12-17 01:53:41 [INFO] [lib.training._xgboost_pretrained:101] Applied PyTorch memory optimizations for feature extraction
2025-12-17 02:35:08 [INFO] [lib.training._xgboost_pretrained:410] Extracted features shape: (656, 2432)
2025-12-17 02:35:08 [INFO] [lib.training._xgboost_pretrained:622] Cleared r2plus1d model from GPU after feature extraction
2025-12-17 02:35:08 [INFO] [lib.training.pipeline:500] Fold 1 - Val Loss: 0.1190, Val Acc: 0.9726, Val F1: 0.9731, Val Precision: 0.9731, Val Recall: 0.9731
2025-12-17 02:35:08 [INFO] [lib.training._xgboost_pretrained:840] Saved XGBoost model to /gpfs/accounts/si670f25_class_root/si670f25_class/santoshd/fvc/data/stage5/xgboost_r2plus1d/fold_1
2025-12-17 02:35:08 [INFO] [lib.training.pipeline:516] Saved XGBoost model to /gpfs/accounts/si670f25_class_root/si670f25_class/santoshd/fvc/data/stage5/xgboost_r2plus1d/fold_1
2025-12-17 02:35:09 [INFO] [lib.training.visualization:480] Generated fold 1 plots: ROC/PR curves and confusion matrix
2025-12-17 02:35:10 [INFO] [lib.training.pipeline:2123] 
Final Training - xgboost_r2plus1d - Fold 2/5 (full dataset)
2025-12-17 02:35:10 [INFO] [lib.training.pipeline:2131] Deleted existing final training fold 2 directory (clean mode)
2025-12-17 02:35:10 [INFO] [lib.training.pipeline:448] Training XGBoost model xgboost_r2plus1d on fold 2...
2025-12-17 02:35:10 [INFO] [lib.training._xgboost_pretrained:636] Training XGBoost on features from r2plus1d...
2025-12-17 02:35:10 [INFO] [lib.training._xgboost_pretrained:637] Processing 2621 videos...
2025-12-17 02:35:10 [INFO] [lib.training._xgboost_pretrained:522] Loading pretrained model: r2plus1d (num_frames=400)
2025-12-17 02:35:11 [INFO] [lib.training.r2plus1d:71] ✓ Verified R(2+1)D model structure: VideoResNet
2025-12-17 02:35:11 [INFO] [lib.training._xgboost_pretrained:537] Loaded r2plus1d model to GPU, cleared cache
2025-12-17 02:35:11 [INFO] [lib.training._xgboost_pretrained:604] Extracting features using r2plus1d (num_frames=400)...
2025-12-17 02:35:11 [INFO] [lib.training._xgboost_pretrained:101] Applied PyTorch memory optimizations for feature extraction
2025-12-17 05:33:53 [INFO] [lib.training._xgboost_pretrained:410] Extracted features shape: (2621, 2432)
2025-12-17 05:33:54 [INFO] [lib.training._xgboost_pretrained:622] Cleared r2plus1d model from GPU after feature extraction
2025-12-17 05:33:54 [INFO] [lib.training._xgboost_pretrained:660] Removing collinear features...
2025-12-17 05:33:54 [INFO] [lib.training.feature_preprocessing:77] Removed 0 features with zero variance
2025-12-17 05:33:55 [INFO] [lib.training.feature_preprocessing:141] Removed 507 collinear features (correlation >= 0.95)
2025-12-17 05:33:55 [INFO] [lib.training.feature_preprocessing:162] Final feature count: 1925/2432 (79.2% retained)
2025-12-17 05:33:55 [INFO] [lib.training._xgboost_pretrained:667] Using 1925 features after collinearity removal
2025-12-17 05:33:55 [INFO] [lib.training._xgboost_pretrained:683] Class distribution: Class 0=1284, Class 1=1337, scale_pos_weight=0.960
2025-12-17 05:33:55 [INFO] [lib.training._xgboost_pretrained:701] Training XGBoost: 2096 train samples, 525 validation samples for early stopping
2025-12-17 05:33:55 [INFO] [lib.training._xgboost_pretrained:704] Training XGBoost with improved architecture (multi-layer + temporal pooling + class weights + early stopping)...
2025-12-17 05:34:38 [INFO] [lib.training._xgboost_pretrained:770] Early stopping: Best iteration = 200 (out of 200)
2025-12-17 05:34:38 [INFO] [lib.training._xgboost_pretrained:772] ✓ XGBoost trained on pretrained model features with enhanced feature extraction
2025-12-17 05:34:38 [INFO] [lib.training._xgboost_pretrained:522] Loading pretrained model: r2plus1d (num_frames=400)
2025-12-17 05:34:39 [INFO] [lib.training.r2plus1d:71] ✓ Verified R(2+1)D model structure: VideoResNet
2025-12-17 05:34:39 [INFO] [lib.training._xgboost_pretrained:537] Loaded r2plus1d model to GPU, cleared cache
2025-12-17 05:34:39 [INFO] [lib.training._xgboost_pretrained:604] Extracting features using r2plus1d (num_frames=400)...
2025-12-17 05:34:39 [INFO] [lib.training._xgboost_pretrained:101] Applied PyTorch memory optimizations for feature extraction
2025-12-17 06:18:43 [INFO] [lib.training._xgboost_pretrained:410] Extracted features shape: (656, 2432)
2025-12-17 06:18:44 [INFO] [lib.training._xgboost_pretrained:622] Cleared r2plus1d model from GPU after feature extraction
2025-12-17 06:18:44 [INFO] [lib.training.pipeline:500] Fold 2 - Val Loss: 0.1297, Val Acc: 0.9588, Val F1: 0.9598, Val Precision: 0.9583, Val Recall: 0.9612
2025-12-17 06:18:44 [INFO] [lib.training._xgboost_pretrained:840] Saved XGBoost model to /gpfs/accounts/si670f25_class_root/si670f25_class/santoshd/fvc/data/stage5/xgboost_r2plus1d/fold_2
2025-12-17 06:18:44 [INFO] [lib.training.pipeline:516] Saved XGBoost model to /gpfs/accounts/si670f25_class_root/si670f25_class/santoshd/fvc/data/stage5/xgboost_r2plus1d/fold_2
2025-12-17 06:18:45 [INFO] [lib.training.visualization:480] Generated fold 2 plots: ROC/PR curves and confusion matrix
2025-12-17 06:18:45 [INFO] [lib.training.pipeline:2123] 
Final Training - xgboost_r2plus1d - Fold 3/5 (full dataset)
2025-12-17 06:18:45 [INFO] [lib.training.pipeline:2131] Deleted existing final training fold 3 directory (clean mode)
2025-12-17 06:18:45 [INFO] [lib.training.pipeline:448] Training XGBoost model xgboost_r2plus1d on fold 3...
2025-12-17 06:18:45 [INFO] [lib.training._xgboost_pretrained:636] Training XGBoost on features from r2plus1d...
2025-12-17 06:18:45 [INFO] [lib.training._xgboost_pretrained:637] Processing 2622 videos...
2025-12-17 06:18:45 [INFO] [lib.training._xgboost_pretrained:522] Loading pretrained model: r2plus1d (num_frames=400)
2025-12-17 06:18:46 [INFO] [lib.training.r2plus1d:71] ✓ Verified R(2+1)D model structure: VideoResNet
2025-12-17 06:18:46 [INFO] [lib.training._xgboost_pretrained:537] Loaded r2plus1d model to GPU, cleared cache
2025-12-17 06:18:46 [INFO] [lib.training._xgboost_pretrained:604] Extracting features using r2plus1d (num_frames=400)...
2025-12-17 06:18:47 [INFO] [lib.training._xgboost_pretrained:101] Applied PyTorch memory optimizations for feature extraction
2025-12-17 09:24:49 [INFO] [lib.training._xgboost_pretrained:410] Extracted features shape: (2622, 2432)
2025-12-17 09:24:49 [INFO] [lib.training._xgboost_pretrained:622] Cleared r2plus1d model from GPU after feature extraction
2025-12-17 09:24:50 [INFO] [lib.training._xgboost_pretrained:660] Removing collinear features...
2025-12-17 09:24:50 [INFO] [lib.training.feature_preprocessing:77] Removed 0 features with zero variance
2025-12-17 09:24:51 [INFO] [lib.training.feature_preprocessing:141] Removed 507 collinear features (correlation >= 0.95)
2025-12-17 09:24:51 [INFO] [lib.training.feature_preprocessing:162] Final feature count: 1925/2432 (79.2% retained)
2025-12-17 09:24:51 [INFO] [lib.training._xgboost_pretrained:667] Using 1925 features after collinearity removal
2025-12-17 09:24:51 [INFO] [lib.training._xgboost_pretrained:683] Class distribution: Class 0=1284, Class 1=1338, scale_pos_weight=0.960
2025-12-17 09:24:51 [INFO] [lib.training._xgboost_pretrained:701] Training XGBoost: 2097 train samples, 525 validation samples for early stopping
2025-12-17 09:24:51 [INFO] [lib.training._xgboost_pretrained:704] Training XGBoost with improved architecture (multi-layer + temporal pooling + class weights + early stopping)...
2025-12-17 09:25:32 [INFO] [lib.training._xgboost_pretrained:770] Early stopping: Best iteration = 199 (out of 200)
2025-12-17 09:25:32 [INFO] [lib.training._xgboost_pretrained:772] ✓ XGBoost trained on pretrained model features with enhanced feature extraction
2025-12-17 09:25:33 [INFO] [lib.training._xgboost_pretrained:522] Loading pretrained model: r2plus1d (num_frames=400)
2025-12-17 09:25:33 [INFO] [lib.training.r2plus1d:71] ✓ Verified R(2+1)D model structure: VideoResNet
2025-12-17 09:25:33 [INFO] [lib.training._xgboost_pretrained:537] Loaded r2plus1d model to GPU, cleared cache
2025-12-17 09:25:34 [INFO] [lib.training._xgboost_pretrained:604] Extracting features using r2plus1d (num_frames=400)...
2025-12-17 09:25:34 [INFO] [lib.training._xgboost_pretrained:101] Applied PyTorch memory optimizations for feature extraction
2025-12-17 10:09:36 [INFO] [lib.training._xgboost_pretrained:410] Extracted features shape: (655, 2432)
2025-12-17 10:09:37 [INFO] [lib.training._xgboost_pretrained:622] Cleared r2plus1d model from GPU after feature extraction
2025-12-17 10:09:37 [INFO] [lib.training.pipeline:500] Fold 3 - Val Loss: 0.1391, Val Acc: 0.9695, Val F1: 0.9697, Val Precision: 0.9816, Val Recall: 0.9581
2025-12-17 10:09:37 [INFO] [lib.training._xgboost_pretrained:840] Saved XGBoost model to /gpfs/accounts/si670f25_class_root/si670f25_class/santoshd/fvc/data/stage5/xgboost_r2plus1d/fold_3
2025-12-17 10:09:37 [INFO] [lib.training.pipeline:516] Saved XGBoost model to /gpfs/accounts/si670f25_class_root/si670f25_class/santoshd/fvc/data/stage5/xgboost_r2plus1d/fold_3
2025-12-17 10:09:39 [INFO] [lib.training.visualization:480] Generated fold 3 plots: ROC/PR curves and confusion matrix
2025-12-17 10:09:39 [INFO] [lib.training.pipeline:2123] 
Final Training - xgboost_r2plus1d - Fold 4/5 (full dataset)
2025-12-17 10:09:39 [INFO] [lib.training.pipeline:2131] Deleted existing final training fold 4 directory (clean mode)
2025-12-17 10:09:39 [INFO] [lib.training.pipeline:448] Training XGBoost model xgboost_r2plus1d on fold 4...
2025-12-17 10:09:39 [INFO] [lib.training._xgboost_pretrained:636] Training XGBoost on features from r2plus1d...
2025-12-17 10:09:39 [INFO] [lib.training._xgboost_pretrained:637] Processing 2622 videos...
2025-12-17 10:09:39 [INFO] [lib.training._xgboost_pretrained:522] Loading pretrained model: r2plus1d (num_frames=400)
2025-12-17 10:09:40 [INFO] [lib.training.r2plus1d:71] ✓ Verified R(2+1)D model structure: VideoResNet
2025-12-17 10:09:40 [INFO] [lib.training._xgboost_pretrained:537] Loaded r2plus1d model to GPU, cleared cache
2025-12-17 10:09:40 [INFO] [lib.training._xgboost_pretrained:604] Extracting features using r2plus1d (num_frames=400)...
2025-12-17 10:09:40 [INFO] [lib.training._xgboost_pretrained:101] Applied PyTorch memory optimizations for feature extraction
2025-12-17 13:14:03 [INFO] [lib.training._xgboost_pretrained:410] Extracted features shape: (2622, 2432)
2025-12-17 13:14:03 [INFO] [lib.training._xgboost_pretrained:622] Cleared r2plus1d model from GPU after feature extraction
2025-12-17 13:14:03 [INFO] [lib.training._xgboost_pretrained:660] Removing collinear features...
2025-12-17 13:14:03 [INFO] [lib.training.feature_preprocessing:77] Removed 0 features with zero variance
2025-12-17 13:14:04 [INFO] [lib.training.feature_preprocessing:141] Removed 508 collinear features (correlation >= 0.95)
2025-12-17 13:14:04 [INFO] [lib.training.feature_preprocessing:162] Final feature count: 1924/2432 (79.1% retained)
2025-12-17 13:14:04 [INFO] [lib.training._xgboost_pretrained:667] Using 1924 features after collinearity removal
2025-12-17 13:14:04 [INFO] [lib.training._xgboost_pretrained:683] Class distribution: Class 0=1284, Class 1=1338, scale_pos_weight=0.960
2025-12-17 13:14:04 [INFO] [lib.training._xgboost_pretrained:701] Training XGBoost: 2097 train samples, 525 validation samples for early stopping
2025-12-17 13:14:04 [INFO] [lib.training._xgboost_pretrained:704] Training XGBoost with improved architecture (multi-layer + temporal pooling + class weights + early stopping)...
2025-12-17 13:14:46 [INFO] [lib.training._xgboost_pretrained:770] Early stopping: Best iteration = 200 (out of 200)
2025-12-17 13:14:46 [INFO] [lib.training._xgboost_pretrained:772] ✓ XGBoost trained on pretrained model features with enhanced feature extraction
2025-12-17 13:14:46 [INFO] [lib.training._xgboost_pretrained:522] Loading pretrained model: r2plus1d (num_frames=400)
2025-12-17 13:14:47 [INFO] [lib.training.r2plus1d:71] ✓ Verified R(2+1)D model structure: VideoResNet
2025-12-17 13:14:47 [INFO] [lib.training._xgboost_pretrained:537] Loaded r2plus1d model to GPU, cleared cache
2025-12-17 13:14:47 [INFO] [lib.training._xgboost_pretrained:604] Extracting features using r2plus1d (num_frames=400)...
2025-12-17 13:14:47 [INFO] [lib.training._xgboost_pretrained:101] Applied PyTorch memory optimizations for feature extraction
2025-12-17 13:59:16 [INFO] [lib.training._xgboost_pretrained:410] Extracted features shape: (655, 2432)
2025-12-17 13:59:16 [INFO] [lib.training._xgboost_pretrained:622] Cleared r2plus1d model from GPU after feature extraction
2025-12-17 13:59:16 [INFO] [lib.training.pipeline:500] Fold 4 - Val Loss: 0.1303, Val Acc: 0.9679, Val F1: 0.9685, Val Precision: 0.9700, Val Recall: 0.9671
2025-12-17 13:59:16 [INFO] [lib.training._xgboost_pretrained:840] Saved XGBoost model to /gpfs/accounts/si670f25_class_root/si670f25_class/santoshd/fvc/data/stage5/xgboost_r2plus1d/fold_4
2025-12-17 13:59:16 [INFO] [lib.training.pipeline:516] Saved XGBoost model to /gpfs/accounts/si670f25_class_root/si670f25_class/santoshd/fvc/data/stage5/xgboost_r2plus1d/fold_4
2025-12-17 13:59:17 [INFO] [lib.training.visualization:480] Generated fold 4 plots: ROC/PR curves and confusion matrix
2025-12-17 13:59:18 [INFO] [lib.training.pipeline:2123] 
Final Training - xgboost_r2plus1d - Fold 5/5 (full dataset)
2025-12-17 13:59:18 [INFO] [lib.training.pipeline:2131] Deleted existing final training fold 5 directory (clean mode)
2025-12-17 13:59:18 [INFO] [lib.training.pipeline:448] Training XGBoost model xgboost_r2plus1d on fold 5...
2025-12-17 13:59:18 [INFO] [lib.training._xgboost_pretrained:636] Training XGBoost on features from r2plus1d...
2025-12-17 13:59:18 [INFO] [lib.training._xgboost_pretrained:637] Processing 2622 videos...
2025-12-17 13:59:18 [INFO] [lib.training._xgboost_pretrained:522] Loading pretrained model: r2plus1d (num_frames=400)
2025-12-17 13:59:18 [INFO] [lib.training.r2plus1d:71] ✓ Verified R(2+1)D model structure: VideoResNet
2025-12-17 13:59:18 [INFO] [lib.training._xgboost_pretrained:537] Loaded r2plus1d model to GPU, cleared cache
2025-12-17 13:59:19 [INFO] [lib.training._xgboost_pretrained:604] Extracting features using r2plus1d (num_frames=400)...
2025-12-17 13:59:19 [INFO] [lib.training._xgboost_pretrained:101] Applied PyTorch memory optimizations for feature extraction
2025-12-17 16:54:10 [INFO] [lib.training._xgboost_pretrained:410] Extracted features shape: (2622, 2432)
2025-12-17 16:54:10 [INFO] [lib.training._xgboost_pretrained:622] Cleared r2plus1d model from GPU after feature extraction
2025-12-17 16:54:10 [INFO] [lib.training._xgboost_pretrained:660] Removing collinear features...
2025-12-17 16:54:11 [INFO] [lib.training.feature_preprocessing:77] Removed 0 features with zero variance
2025-12-17 16:54:11 [INFO] [lib.training.feature_preprocessing:141] Removed 507 collinear features (correlation >= 0.95)
2025-12-17 16:54:11 [INFO] [lib.training.feature_preprocessing:162] Final feature count: 1925/2432 (79.2% retained)
2025-12-17 16:54:11 [INFO] [lib.training._xgboost_pretrained:667] Using 1925 features after collinearity removal
2025-12-17 16:54:11 [INFO] [lib.training._xgboost_pretrained:683] Class distribution: Class 0=1284, Class 1=1338, scale_pos_weight=0.960
2025-12-17 16:54:12 [INFO] [lib.training._xgboost_pretrained:701] Training XGBoost: 2097 train samples, 525 validation samples for early stopping
2025-12-17 16:54:12 [INFO] [lib.training._xgboost_pretrained:704] Training XGBoost with improved architecture (multi-layer + temporal pooling + class weights + early stopping)...
2025-12-17 16:54:54 [INFO] [lib.training._xgboost_pretrained:770] Early stopping: Best iteration = 200 (out of 200)
2025-12-17 16:54:54 [INFO] [lib.training._xgboost_pretrained:772] ✓ XGBoost trained on pretrained model features with enhanced feature extraction
2025-12-17 16:54:54 [INFO] [lib.training._xgboost_pretrained:522] Loading pretrained model: r2plus1d (num_frames=400)
2025-12-17 16:54:55 [INFO] [lib.training.r2plus1d:71] ✓ Verified R(2+1)D model structure: VideoResNet
2025-12-17 16:54:55 [INFO] [lib.training._xgboost_pretrained:537] Loaded r2plus1d model to GPU, cleared cache
2025-12-17 16:54:55 [INFO] [lib.training._xgboost_pretrained:604] Extracting features using r2plus1d (num_frames=400)...
2025-12-17 16:54:55 [INFO] [lib.training._xgboost_pretrained:101] Applied PyTorch memory optimizations for feature extraction
2025-12-17 17:38:00 [INFO] [lib.training._xgboost_pretrained:410] Extracted features shape: (655, 2432)
2025-12-17 17:38:01 [INFO] [lib.training._xgboost_pretrained:622] Cleared r2plus1d model from GPU after feature extraction
2025-12-17 17:38:01 [INFO] [lib.training.pipeline:500] Fold 5 - Val Loss: 0.1210, Val Acc: 0.9802, Val F1: 0.9807, Val Precision: 0.9707, Val Recall: 0.9910
2025-12-17 17:38:01 [INFO] [lib.training._xgboost_pretrained:840] Saved XGBoost model to /gpfs/accounts/si670f25_class_root/si670f25_class/santoshd/fvc/data/stage5/xgboost_r2plus1d/fold_5
2025-12-17 17:38:01 [INFO] [lib.training.pipeline:516] Saved XGBoost model to /gpfs/accounts/si670f25_class_root/si670f25_class/santoshd/fvc/data/stage5/xgboost_r2plus1d/fold_5
2025-12-17 17:38:02 [INFO] [lib.training.visualization:480] Generated fold 5 plots: ROC/PR curves and confusion matrix
2025-12-17 17:38:02 [INFO] [lib.training.pipeline:107] Saved best model from fold 5: Copied 2 model file(s) from fold_5 to best_model
2025-12-17 17:38:02 [INFO] [lib.training.pipeline:2348] 
xgboost_r2plus1d - Avg Val Loss: 0.1278 ± 0.0072, Avg Val Acc: 0.9698 ± 0.0069, Avg Val F1: 0.9704 ± 0.0068
2025-12-17 17:38:02 [INFO] [lib.training.pipeline:2352]   Avg Val Precision: 0.9707 ± 0.0075, Avg Val Recall: 0.9701 ± 0.0117
2025-12-17 17:38:02 [INFO] [lib.training.pipeline:2356]   Class 0 - F1: 0.9692 ± 0.0070, Precision: 0.9690 ± 0.0119, Recall: 0.9695 ± 0.0080
2025-12-17 17:38:02 [INFO] [lib.training.pipeline:2361]   Class 1 - F1: 0.9704 ± 0.0068, Precision: 0.9707 ± 0.0075, Recall: 0.9701 ± 0.0117
2025-12-17 17:38:02 [INFO] [lib.training.pipeline:2399] Saved aggregated metrics to /gpfs/accounts/si670f25_class_root/si670f25_class/santoshd/fvc/data/stage5/xgboost_r2plus1d/metrics.json (model: xgboost_r2plus1d)
2025-12-17 17:38:04 [INFO] [lib.training.visualization:256] Saved CV fold comparison to /gpfs/accounts/si670f25_class_root/si670f25_class/santoshd/fvc/data/stage5/xgboost_r2plus1d/plots/cv_fold_comparison.png
2025-12-17 17:38:04 [INFO] [lib.training.pipeline:2426] Generated plots for xgboost_r2plus1d in /gpfs/accounts/si670f25_class_root/si670f25_class/santoshd/fvc/data/stage5/xgboost_r2plus1d/plots
2025-12-17 17:38:05 [INFO] [lib.training.pipeline:2463] ================================================================================
2025-12-17 17:38:05 [INFO] [lib.training.pipeline:2464] Stage 5: Model Training Pipeline Completed
2025-12-17 17:38:05 [INFO] [lib.training.pipeline:2465] ================================================================================
2025-12-17 17:38:05 [INFO] [__main__:401] ================================================================================
2025-12-17 17:38:05 [INFO] [__main__:402] STAGE 5 COMPLETED SUCCESSFULLY
2025-12-17 17:38:05 [INFO] [__main__:403] ================================================================================
2025-12-17 17:38:05 [INFO] [__main__:404] Execution time: 73929.58 seconds (1232.16 minutes)
2025-12-17 17:38:05 [INFO] [__main__:406] Output directory: /gpfs/accounts/si670f25_class_root/si670f25_class/santoshd/fvc/data/stage5
2025-12-17 17:38:05 [INFO] [__main__:407] Models trained: ['xgboost_r2plus1d']
2025-12-17 17:38:05 [INFO] [__main__:408] K-fold splits: 5
2025-12-17 17:38:05 [INFO] [__main__:414] ================================================================================
2025-12-17 17:38:05 [INFO] [__main__:415] Final memory statistics:
2025-12-17 17:38:05 [INFO] [__main__:416] ================================================================================
2025-12-17 17:38:05 [INFO] [lib.utils.memory:91] Memory stats (Stage 5: after training): {'cpu_memory_mb': 12345.78125, 'cpu_memory_gb': 12.056427001953125, 'cpu_vms_mb': 41443.609375, 'gpu_allocated_gb': 0.0, 'gpu_reserved_gb': 0.0, 'gpu_total_gb': 16.928342016, 'gpu_free_gb': 16.928342016}
2025-12-17 17:38:05 [INFO] [__main__:419] ================================================================================
2025-12-17 17:38:05 [INFO] [__main__:420] Training complete!
2025-12-17 17:38:05 [INFO] [__main__:421] Results saved to: /gpfs/accounts/si670f25_class_root/si670f25_class/santoshd/fvc/data/stage5
2025-12-17 17:38:05 [INFO] [__main__:422] ================================================================================
