2025-12-20 00:34:50 [INFO] [__main__:310] ================================================================================
2025-12-20 00:34:50 [INFO] [__main__:311] STAGE 5: MODEL TRAINING
2025-12-20 00:34:50 [INFO] [__main__:312] ================================================================================
2025-12-20 00:34:50 [INFO] [__main__:313] Project root: /gpfs/accounts/si670f25_class_root/si670f25_class/santoshd/fvc
2025-12-20 00:34:50 [INFO] [__main__:314] Scaled metadata: /gpfs/accounts/si670f25_class_root/si670f25_class/santoshd/fvc/data/scaled_videos/scaled_metadata.arrow
2025-12-20 00:34:50 [INFO] [__main__:315] Features Stage 2: /gpfs/accounts/si670f25_class_root/si670f25_class/santoshd/fvc/data/features_stage2/features_metadata.arrow
2025-12-20 00:34:50 [INFO] [__main__:316] Features Stage 4: /gpfs/accounts/si670f25_class_root/si670f25_class/santoshd/fvc/data/features_stage4/features_scaled_metadata.arrow
2025-12-20 00:34:50 [INFO] [__main__:317] Model types: ['xgboost_r2plus1d']
2025-12-20 00:34:50 [INFO] [__main__:318] K-fold splits: 5
2025-12-20 00:34:50 [INFO] [__main__:319] Number of frames: 1000
2025-12-20 00:34:50 [INFO] [__main__:320] Output directory: /gpfs/accounts/si670f25_class_root/si670f25_class/santoshd/fvc/data/stage5
2025-12-20 00:34:50 [INFO] [__main__:321] Experiment tracking: Enabled
2025-12-20 00:34:50 [INFO] [__main__:324] Delete existing: True
2025-12-20 00:34:50 [INFO] [__main__:325] Resume mode: True
2025-12-20 00:34:50 [INFO] [__main__:326] Log file: /gpfs/accounts/si670f25_class_root/si670f25_class/santoshd/fvc/logs/stage5_training_1766208890.log
2025-12-20 00:34:50 [INFO] [__main__:333] ================================================================================
2025-12-20 00:34:50 [INFO] [__main__:334] Checking prerequisites...
2025-12-20 00:34:50 [INFO] [__main__:335] ================================================================================
2025-12-20 00:34:50 [INFO] [__main__:342] ✓ Scaled metadata file found: /gpfs/accounts/si670f25_class_root/si670f25_class/santoshd/fvc/data/scaled_videos/scaled_metadata.arrow
2025-12-20 00:34:50 [INFO] [__main__:352] ✓ All model types are valid
2025-12-20 00:34:50 [INFO] [__main__:358] ================================================================================
2025-12-20 00:34:50 [INFO] [__main__:359] Initial memory statistics:
2025-12-20 00:34:50 [INFO] [__main__:360] ================================================================================
2025-12-20 00:34:50 [INFO] [lib.utils.memory:91] Memory stats (Stage 5: before training): {'cpu_memory_mb': 756.9296875, 'cpu_memory_gb': 0.7391891479492188, 'cpu_vms_mb': 10289.35546875, 'gpu_allocated_gb': 0.0, 'gpu_reserved_gb': 0.0, 'gpu_total_gb': 16.928342016, 'gpu_free_gb': 16.928342016}
2025-12-20 00:34:50 [INFO] [__main__:364] ================================================================================
2025-12-20 00:34:50 [INFO] [__main__:365] Starting Stage 5: Model Training
2025-12-20 00:34:50 [INFO] [__main__:366] ================================================================================
2025-12-20 00:34:50 [INFO] [__main__:367] Training 1 model(s) with 5-fold cross-validation
2025-12-20 00:34:50 [INFO] [__main__:368] This may take a while depending on dataset size and model complexity...
2025-12-20 00:34:50 [INFO] [__main__:369] Progress will be logged in real-time
2025-12-20 00:34:50 [INFO] [__main__:370] ================================================================================
2025-12-20 00:34:50 [INFO] [__main__:375] Calling Stage 5 training pipeline...
2025-12-20 00:34:50 [INFO] [__main__:376] This may take a while - progress will be logged in real-time
2025-12-20 00:34:50 [INFO] [lib.training.pipeline:1719] Applied global PyTorch memory optimizations at pipeline start
2025-12-20 00:34:50 [INFO] [lib.training.pipeline:1722] ================================================================================
2025-12-20 00:34:50 [INFO] [lib.training.pipeline:1723] Stage 5: Model Training Pipeline Started
2025-12-20 00:34:50 [INFO] [lib.training.pipeline:1724] ================================================================================
2025-12-20 00:34:50 [INFO] [lib.training.pipeline:1725] Model types: ['xgboost_r2plus1d']
2025-12-20 00:34:50 [INFO] [lib.training.pipeline:1726] K-fold splits: 5
2025-12-20 00:34:50 [INFO] [lib.training.pipeline:1727] Frames per video: 1000
2025-12-20 00:34:50 [INFO] [lib.training.pipeline:1728] Output directory: data/stage5
2025-12-20 00:34:50 [INFO] [lib.training.pipeline:1729] Initializing pipeline...
2025-12-20 00:34:50 [INFO] [lib.training.pipeline:254] ================================================================================
2025-12-20 00:34:50 [INFO] [lib.training.pipeline:255] STAGE 5 PREREQUISITE VALIDATION
2025-12-20 00:34:50 [INFO] [lib.training.pipeline:256] ================================================================================
2025-12-20 00:34:50 [INFO] [lib.training.pipeline:258] 
[1/3] Checking Stage 3 (scaled videos) - REQUIRED for all models...
2025-12-20 00:34:51 [INFO] [lib.training.pipeline:267] ✓ Stage 3 metadata found: 3278 scaled videos
2025-12-20 00:34:51 [INFO] [lib.training.pipeline:268]   Path: /gpfs/accounts/si670f25_class_root/si670f25_class/santoshd/fvc/data/scaled_videos/scaled_metadata.arrow
2025-12-20 00:34:51 [INFO] [lib.training.pipeline:270] 
[2/3] Checking Stage 2 (features) - REQUIRED for *_stage2 models...
2025-12-20 00:34:51 [INFO] [lib.training.pipeline:278] ✓ Stage 2 metadata found: 3278 feature rows
2025-12-20 00:34:51 [INFO] [lib.training.pipeline:279]   Path: /gpfs/accounts/si670f25_class_root/si670f25_class/santoshd/fvc/data/features_stage2/features_metadata.arrow
2025-12-20 00:34:51 [INFO] [lib.training.pipeline:281] 
[3/3] Checking Stage 4 (scaled features) - REQUIRED for *_stage2_stage4 models...
2025-12-20 00:34:51 [INFO] [lib.training.pipeline:289] ✓ Stage 4 metadata found: 3277 feature rows
2025-12-20 00:34:51 [INFO] [lib.training.pipeline:290]   Path: /gpfs/accounts/si670f25_class_root/si670f25_class/santoshd/fvc/data/features_stage4/features_scaled_metadata.arrow
2025-12-20 00:34:51 [INFO] [lib.training.pipeline:292] 
================================================================================
2025-12-20 00:34:51 [INFO] [lib.training.pipeline:293] MODEL REQUIREMENTS CHECK
2025-12-20 00:34:51 [INFO] [lib.training.pipeline:294] ================================================================================
2025-12-20 00:34:51 [INFO] [lib.training.pipeline:313] ✓ xgboost_r2plus1d: CAN RUN
2025-12-20 00:34:51 [INFO] [lib.training.pipeline:315] 
================================================================================
2025-12-20 00:34:51 [INFO] [lib.training.pipeline:316] VALIDATION SUMMARY
2025-12-20 00:34:51 [INFO] [lib.training.pipeline:317] ================================================================================
2025-12-20 00:34:51 [INFO] [lib.training.pipeline:318] Stage 3 (scaled videos): ✓ Available
2025-12-20 00:34:51 [INFO] [lib.training.pipeline:319]   Count: 3278 videos
2025-12-20 00:34:51 [INFO] [lib.training.pipeline:320] Stage 2 (features): ✓ Available
2025-12-20 00:34:51 [INFO] [lib.training.pipeline:321]   Count: 3278 feature rows
2025-12-20 00:34:51 [INFO] [lib.training.pipeline:322] Stage 4 (scaled features): ✓ Available
2025-12-20 00:34:51 [INFO] [lib.training.pipeline:323]   Count: 3277 feature rows
2025-12-20 00:34:51 [INFO] [lib.training.pipeline:324] 
Runnable models: 1/1
2025-12-20 00:34:51 [INFO] [lib.training.pipeline:325]   ['xgboost_r2plus1d']
2025-12-20 00:34:51 [INFO] [lib.training.pipeline:332] ================================================================================
2025-12-20 00:34:52 [INFO] [lib.training.pipeline:1810] 
Stage 5: Loading metadata...
2025-12-20 00:34:52 [INFO] [lib.training.pipeline:1834] Loaded metadata: 3278 rows
2025-12-20 00:34:52 [INFO] [lib.training.pipeline:1844] ✓ Data validation passed: 3278 rows (> 3000 required)
2025-12-20 00:34:52 [WARNING] [lib.utils.guardrails:171] Disk usage high: free=717847.42GB, used=1781992.58GB (71.3%)
2025-12-20 00:34:52 [INFO] [lib.training.pipeline:1865] Loading Stage 2 and Stage 4 features (required for feature-based models)...
2025-12-20 00:34:52 [INFO] [lib.training.pipeline:1875] Stage 5: Found 3278 scaled videos
2025-12-20 00:34:52 [INFO] [lib.training.pipeline:1878] ================================================================================
2025-12-20 00:34:52 [INFO] [lib.training.pipeline:1879] STAGE 5: VALIDATING VIDEOS (checking for corruption and empty videos)
2025-12-20 00:34:52 [INFO] [lib.training.pipeline:1880] ================================================================================
2025-12-20 00:34:52 [INFO] [lib.data.loading:156] Checking file existence for 3278 videos...
2025-12-20 00:34:55 [INFO] [lib.data.loading:166] Found 3278 existing video files (filtered out 0 missing files)
2025-12-20 00:34:55 [INFO] [lib.data.loading:170] Checking for corrupted videos (moov atom errors, etc.)...
2025-12-20 00:34:56 [INFO] [lib.data.loading:92] Loaded validation cache from /gpfs/accounts/si670f25_class_root/si670f25_class/santoshd/fvc/data/.video_validation_cache/validation_0192be168a40eb7e_corruptTrue_framesTrue.parquet (3278 entries)
2025-12-20 00:34:56 [INFO] [lib.data.loading:194] Cache hit: 3278 videos, Cache miss: 0 videos
2025-12-20 00:34:56 [WARNING] [lib.data.loading:306] Filtered out 1 corrupted videos and 0 empty videos. Keeping 3277 valid videos.
2025-12-20 00:34:56 [WARNING] [lib.data.loading:311] Sample of invalid videos:
2025-12-20 00:34:56 [WARNING] [lib.data.loading:313]   data/scaled_videos/FX5aeuJFQ64_aug1_scaled_aug1.mp4: Corrupted video: moov atom not found
2025-12-20 00:34:56 [INFO] [lib.data.loading:323] Found /gpfs/accounts/si670f25_class_root/si670f25_class/santoshd/fvc/data/skip_frame_check.txt - skipping frame check as requested.
2025-12-20 00:34:56 [WARNING] [lib.data.loading:387] Filtered out 1 invalid videos (corrupted). Keeping 3277 valid videos.
2025-12-20 00:34:56 [INFO] [lib.training.pipeline:1889] ✓ Video validation complete: 3277 valid videos ready for training
2025-12-20 00:34:56 [INFO] [lib.training.pipeline:1890] ================================================================================
2025-12-20 00:34:56 [INFO] [lib.training.pipeline:1976] Frame caching enabled (default): cache_dir=data/.frame_cache. This will cache processed frames to disk to speed up training. First epoch will be slower (building cache), subsequent epochs will be faster. To disable, set FVC_USE_FRAME_CACHE=0
2025-12-20 00:34:56 [INFO] [lib.training.pipeline:2049] Overriding num_frames to 400 for xgboost_r2plus1d. Original num_frames was 1000.
2025-12-20 00:34:56 [INFO] [lib.training.pipeline:2077] Stage 5: Deleting existing model results (clean mode)...
2025-12-20 00:34:56 [INFO] [lib.training.pipeline:2085] Deleted existing results for xgboost_r2plus1d
2025-12-20 00:34:56 [INFO] [lib.training.pipeline:2088] Stage 5: Deleted 1 existing model directories
2025-12-20 00:34:56 [INFO] [lib.training.pipeline:2092] 
================================================================================
2025-12-20 00:34:56 [INFO] [lib.training.pipeline:2093] Stage 5: Training model: xgboost_r2plus1d
2025-12-20 00:34:56 [INFO] [lib.training.pipeline:2094] ================================================================================
2025-12-20 00:34:56 [INFO] [lib.training.pipeline:2112] Overriding model_config num_frames to 400 for xgboost_r2plus1d (XGBoost pretrained model with enhanced feature extraction) to improve feature quality.
2025-12-20 00:34:56 [INFO] [lib.training.pipeline:2130] Grid search: 1 hyperparameter combinations to try
2025-12-20 00:34:56 [INFO] [lib.training.pipeline:2138] ================================================================================
2025-12-20 00:34:56 [INFO] [lib.training.pipeline:2139] HYPERPARAMETER SEARCH: Using 10.0% stratified sample for efficiency
2025-12-20 00:34:56 [INFO] [lib.training.pipeline:2140] ================================================================================
2025-12-20 00:34:56 [INFO] [lib.training.pipeline:2149] Hyperparameter search sample: 327 rows (10.0% of 3277 total)
2025-12-20 00:34:56 [INFO] [lib.training.pipeline:2150] To change sample size, set FVC_GRID_SEARCH_SAMPLE_SIZE environment variable (current: 0.1)
2025-12-20 00:34:57 [INFO] [lib.training.pipeline:2162] Using 5-fold stratified cross-validation on 10.0% sample for hyperparameter search
2025-12-20 00:34:57 [INFO] [lib.training.pipeline:2173] 
================================================================================
2025-12-20 00:34:57 [INFO] [lib.training.pipeline:2174] Grid Search: Hyperparameter combination 1/1
2025-12-20 00:34:57 [INFO] [lib.training.pipeline:2175] Parameters: {'n_estimators': 100, 'max_depth': 5, 'learning_rate': 0.1, 'subsample': 0.8, 'colsample_bytree': 0.8}
2025-12-20 00:34:57 [INFO] [lib.training.pipeline:2176] ================================================================================
2025-12-20 00:34:57 [INFO] [lib.training.pipeline:2194] 
Hyperparameter Search - xgboost_r2plus1d - Fold 1/5 (10.0% sample)
2025-12-20 00:34:57 [INFO] [lib.training.pipeline:586] Training XGBoost model xgboost_r2plus1d on fold 1...
2025-12-20 00:34:57 [INFO] [lib.training._xgboost_pretrained:704] Training XGBoost on features from r2plus1d...
2025-12-20 00:34:57 [INFO] [lib.training._xgboost_pretrained:705] Processing 261 videos...
2025-12-20 00:34:57 [INFO] [lib.training._xgboost_pretrained:590] Loading pretrained model: r2plus1d (num_frames=400)
2025-12-20 00:34:58 [INFO] [lib.training.r2plus1d:71] ✓ Verified R(2+1)D model structure: VideoResNet
2025-12-20 00:34:58 [INFO] [lib.training._xgboost_pretrained:605] Loaded r2plus1d model to GPU, cleared cache
2025-12-20 00:34:58 [INFO] [lib.training._xgboost_pretrained:672] Extracting features using r2plus1d (num_frames=400)...
2025-12-20 00:34:59 [INFO] [lib.training._xgboost_pretrained:101] Applied PyTorch memory optimizations for feature extraction
2025-12-20 00:51:24 [INFO] [lib.training._xgboost_pretrained:478] Extracted features shape: (261, 2432)
2025-12-20 00:51:25 [INFO] [lib.training._xgboost_pretrained:690] Cleared r2plus1d model from GPU after feature extraction
2025-12-20 00:51:25 [INFO] [lib.training._xgboost_pretrained:728] Removing collinear features...
2025-12-20 00:51:25 [INFO] [lib.training.feature_preprocessing:77] Removed 0 features with zero variance
2025-12-20 00:51:26 [INFO] [lib.training.feature_preprocessing:141] Removed 502 collinear features (correlation >= 0.95)
2025-12-20 00:51:26 [INFO] [lib.training.feature_preprocessing:162] Final feature count: 1930/2432 (79.4% retained)
2025-12-20 00:51:26 [INFO] [lib.training._xgboost_pretrained:735] Using 1930 features after collinearity removal
2025-12-20 00:51:26 [INFO] [lib.training._xgboost_pretrained:751] Class distribution: Class 0=128, Class 1=133, scale_pos_weight=0.962
2025-12-20 00:51:26 [INFO] [lib.training._xgboost_pretrained:769] Training XGBoost: 208 train samples, 53 validation samples for early stopping
2025-12-20 00:51:26 [INFO] [lib.training._xgboost_pretrained:772] Training XGBoost with improved architecture (multi-layer + temporal pooling + class weights + early stopping)...
2025-12-20 00:51:30 [INFO] [lib.training._xgboost_pretrained:838] Early stopping: Best iteration = 70 (out of 200)
2025-12-20 00:51:30 [INFO] [lib.training._xgboost_pretrained:844] ✓ XGBoost trained on pretrained model features with enhanced feature extraction
2025-12-20 00:51:30 [INFO] [lib.training._xgboost_pretrained:590] Loading pretrained model: r2plus1d (num_frames=400)
2025-12-20 00:51:30 [INFO] [lib.training.r2plus1d:71] ✓ Verified R(2+1)D model structure: VideoResNet
2025-12-20 00:51:30 [INFO] [lib.training._xgboost_pretrained:605] Loaded r2plus1d model to GPU, cleared cache
2025-12-20 00:51:31 [INFO] [lib.training._xgboost_pretrained:672] Extracting features using r2plus1d (num_frames=400)...
2025-12-20 00:51:31 [INFO] [lib.training._xgboost_pretrained:101] Applied PyTorch memory optimizations for feature extraction
2025-12-20 00:55:50 [INFO] [lib.training._xgboost_pretrained:478] Extracted features shape: (66, 2432)
2025-12-20 00:55:50 [INFO] [lib.training._xgboost_pretrained:690] Cleared r2plus1d model from GPU after feature extraction
2025-12-20 00:55:50 [INFO] [lib.training.pipeline:667] Fold 1 - Val Loss: 0.5483, Val Acc: 0.6970, Val F1: 0.6970, Val Precision: 0.7188, Val Recall: 0.6765
2025-12-20 00:55:50 [INFO] [lib.training.pipeline:672]   Class 0 - Precision: 0.6765, Recall: 0.7188, F1: 0.6970
2025-12-20 00:55:50 [INFO] [lib.training.pipeline:676]   Class 1 - Precision: 0.7188, Recall: 0.6765, F1: 0.6970
2025-12-20 00:55:50 [INFO] [lib.training._xgboost_pretrained:912] Saved XGBoost model to /gpfs/accounts/si670f25_class_root/si670f25_class/santoshd/fvc/data/stage5/xgboost_r2plus1d/fold_1
2025-12-20 00:55:50 [INFO] [lib.training.pipeline:683] Saved XGBoost model to /gpfs/accounts/si670f25_class_root/si670f25_class/santoshd/fvc/data/stage5/xgboost_r2plus1d/fold_1
2025-12-20 00:55:50 [INFO] [lib.utils.duckdb_analytics:47] DuckDB analytics initialized
2025-12-20 00:55:51 [INFO] [lib.utils.duckdb_analytics:253] DuckDB connection closed
2025-12-20 00:55:53 [INFO] [lib.training.visualization:486] Generated fold 1 plots: ROC/PR curves and confusion matrix
2025-12-20 00:55:54 [INFO] [lib.training.pipeline:2194] 
Hyperparameter Search - xgboost_r2plus1d - Fold 2/5 (10.0% sample)
2025-12-20 00:55:54 [INFO] [lib.training.pipeline:586] Training XGBoost model xgboost_r2plus1d on fold 2...
2025-12-20 00:55:54 [INFO] [lib.training._xgboost_pretrained:704] Training XGBoost on features from r2plus1d...
2025-12-20 00:55:54 [INFO] [lib.training._xgboost_pretrained:705] Processing 261 videos...
2025-12-20 00:55:54 [INFO] [lib.training._xgboost_pretrained:590] Loading pretrained model: r2plus1d (num_frames=400)
2025-12-20 00:55:54 [INFO] [lib.training.r2plus1d:71] ✓ Verified R(2+1)D model structure: VideoResNet
2025-12-20 00:55:54 [INFO] [lib.training._xgboost_pretrained:605] Loaded r2plus1d model to GPU, cleared cache
2025-12-20 00:55:55 [INFO] [lib.training._xgboost_pretrained:672] Extracting features using r2plus1d (num_frames=400)...
2025-12-20 00:55:55 [INFO] [lib.training._xgboost_pretrained:101] Applied PyTorch memory optimizations for feature extraction
2025-12-20 01:13:11 [INFO] [lib.training._xgboost_pretrained:478] Extracted features shape: (261, 2432)
2025-12-20 01:13:12 [INFO] [lib.training._xgboost_pretrained:690] Cleared r2plus1d model from GPU after feature extraction
2025-12-20 01:13:12 [INFO] [lib.training._xgboost_pretrained:728] Removing collinear features...
2025-12-20 01:13:12 [INFO] [lib.training.feature_preprocessing:77] Removed 0 features with zero variance
2025-12-20 01:13:13 [INFO] [lib.training.feature_preprocessing:141] Removed 507 collinear features (correlation >= 0.95)
2025-12-20 01:13:13 [INFO] [lib.training.feature_preprocessing:162] Final feature count: 1925/2432 (79.2% retained)
2025-12-20 01:13:13 [INFO] [lib.training._xgboost_pretrained:735] Using 1925 features after collinearity removal
2025-12-20 01:13:13 [INFO] [lib.training._xgboost_pretrained:751] Class distribution: Class 0=128, Class 1=133, scale_pos_weight=0.962
2025-12-20 01:13:13 [INFO] [lib.training._xgboost_pretrained:769] Training XGBoost: 208 train samples, 53 validation samples for early stopping
2025-12-20 01:13:13 [INFO] [lib.training._xgboost_pretrained:772] Training XGBoost with improved architecture (multi-layer + temporal pooling + class weights + early stopping)...
2025-12-20 01:13:15 [INFO] [lib.training._xgboost_pretrained:838] Early stopping: Best iteration = 52 (out of 200)
2025-12-20 01:13:15 [INFO] [lib.training._xgboost_pretrained:844] ✓ XGBoost trained on pretrained model features with enhanced feature extraction
2025-12-20 01:13:16 [INFO] [lib.training._xgboost_pretrained:590] Loading pretrained model: r2plus1d (num_frames=400)
2025-12-20 01:13:16 [INFO] [lib.training.r2plus1d:71] ✓ Verified R(2+1)D model structure: VideoResNet
2025-12-20 01:13:16 [INFO] [lib.training._xgboost_pretrained:605] Loaded r2plus1d model to GPU, cleared cache
2025-12-20 01:13:16 [INFO] [lib.training._xgboost_pretrained:672] Extracting features using r2plus1d (num_frames=400)...
2025-12-20 01:13:16 [INFO] [lib.training._xgboost_pretrained:101] Applied PyTorch memory optimizations for feature extraction
2025-12-20 01:17:34 [INFO] [lib.training._xgboost_pretrained:478] Extracted features shape: (66, 2432)
2025-12-20 01:17:34 [INFO] [lib.training._xgboost_pretrained:690] Cleared r2plus1d model from GPU after feature extraction
2025-12-20 01:17:34 [INFO] [lib.training.pipeline:667] Fold 2 - Val Loss: 0.4834, Val Acc: 0.7727, Val F1: 0.7692, Val Precision: 0.8065, Val Recall: 0.7353
2025-12-20 01:17:34 [INFO] [lib.training.pipeline:672]   Class 0 - Precision: 0.7429, Recall: 0.8125, F1: 0.7761
2025-12-20 01:17:34 [INFO] [lib.training.pipeline:676]   Class 1 - Precision: 0.8065, Recall: 0.7353, F1: 0.7692
2025-12-20 01:17:34 [INFO] [lib.training._xgboost_pretrained:912] Saved XGBoost model to /gpfs/accounts/si670f25_class_root/si670f25_class/santoshd/fvc/data/stage5/xgboost_r2plus1d/fold_2
2025-12-20 01:17:34 [INFO] [lib.training.pipeline:683] Saved XGBoost model to /gpfs/accounts/si670f25_class_root/si670f25_class/santoshd/fvc/data/stage5/xgboost_r2plus1d/fold_2
2025-12-20 01:17:34 [INFO] [lib.utils.duckdb_analytics:47] DuckDB analytics initialized
2025-12-20 01:17:34 [INFO] [lib.utils.duckdb_analytics:253] DuckDB connection closed
2025-12-20 01:17:36 [INFO] [lib.training.visualization:486] Generated fold 2 plots: ROC/PR curves and confusion matrix
2025-12-20 01:17:36 [INFO] [lib.training.pipeline:2194] 
Hyperparameter Search - xgboost_r2plus1d - Fold 3/5 (10.0% sample)
2025-12-20 01:17:36 [INFO] [lib.training.pipeline:586] Training XGBoost model xgboost_r2plus1d on fold 3...
2025-12-20 01:17:36 [INFO] [lib.training._xgboost_pretrained:704] Training XGBoost on features from r2plus1d...
2025-12-20 01:17:36 [INFO] [lib.training._xgboost_pretrained:705] Processing 262 videos...
2025-12-20 01:17:36 [INFO] [lib.training._xgboost_pretrained:590] Loading pretrained model: r2plus1d (num_frames=400)
2025-12-20 01:17:37 [INFO] [lib.training.r2plus1d:71] ✓ Verified R(2+1)D model structure: VideoResNet
2025-12-20 01:17:37 [INFO] [lib.training._xgboost_pretrained:605] Loaded r2plus1d model to GPU, cleared cache
2025-12-20 01:17:37 [INFO] [lib.training._xgboost_pretrained:672] Extracting features using r2plus1d (num_frames=400)...
2025-12-20 01:17:37 [INFO] [lib.training._xgboost_pretrained:101] Applied PyTorch memory optimizations for feature extraction
2025-12-20 01:34:14 [INFO] [lib.training._xgboost_pretrained:478] Extracted features shape: (262, 2432)
2025-12-20 01:34:15 [INFO] [lib.training._xgboost_pretrained:690] Cleared r2plus1d model from GPU after feature extraction
2025-12-20 01:34:15 [INFO] [lib.training._xgboost_pretrained:728] Removing collinear features...
2025-12-20 01:34:15 [INFO] [lib.training.feature_preprocessing:77] Removed 0 features with zero variance
2025-12-20 01:34:16 [INFO] [lib.training.feature_preprocessing:141] Removed 506 collinear features (correlation >= 0.95)
2025-12-20 01:34:16 [INFO] [lib.training.feature_preprocessing:162] Final feature count: 1926/2432 (79.2% retained)
2025-12-20 01:34:16 [INFO] [lib.training._xgboost_pretrained:735] Using 1926 features after collinearity removal
2025-12-20 01:34:16 [INFO] [lib.training._xgboost_pretrained:751] Class distribution: Class 0=128, Class 1=134, scale_pos_weight=0.955
2025-12-20 01:34:16 [INFO] [lib.training._xgboost_pretrained:769] Training XGBoost: 209 train samples, 53 validation samples for early stopping
2025-12-20 01:34:16 [INFO] [lib.training._xgboost_pretrained:772] Training XGBoost with improved architecture (multi-layer + temporal pooling + class weights + early stopping)...
2025-12-20 01:34:19 [INFO] [lib.training._xgboost_pretrained:838] Early stopping: Best iteration = 73 (out of 200)
2025-12-20 01:34:19 [INFO] [lib.training._xgboost_pretrained:844] ✓ XGBoost trained on pretrained model features with enhanced feature extraction
2025-12-20 01:34:19 [INFO] [lib.training._xgboost_pretrained:590] Loading pretrained model: r2plus1d (num_frames=400)
2025-12-20 01:34:20 [INFO] [lib.training.r2plus1d:71] ✓ Verified R(2+1)D model structure: VideoResNet
2025-12-20 01:34:20 [INFO] [lib.training._xgboost_pretrained:605] Loaded r2plus1d model to GPU, cleared cache
2025-12-20 01:34:20 [INFO] [lib.training._xgboost_pretrained:672] Extracting features using r2plus1d (num_frames=400)...
2025-12-20 01:34:20 [INFO] [lib.training._xgboost_pretrained:101] Applied PyTorch memory optimizations for feature extraction
2025-12-20 01:38:34 [INFO] [lib.training._xgboost_pretrained:478] Extracted features shape: (65, 2432)
2025-12-20 01:38:34 [INFO] [lib.training._xgboost_pretrained:690] Cleared r2plus1d model from GPU after feature extraction
2025-12-20 01:38:34 [INFO] [lib.training.pipeline:667] Fold 3 - Val Loss: 0.5128, Val Acc: 0.7077, Val F1: 0.7164, Val Precision: 0.7059, Val Recall: 0.7273
2025-12-20 01:38:34 [INFO] [lib.training.pipeline:672]   Class 0 - Precision: 0.7097, Recall: 0.6875, F1: 0.6984
2025-12-20 01:38:34 [INFO] [lib.training.pipeline:676]   Class 1 - Precision: 0.7059, Recall: 0.7273, F1: 0.7164
2025-12-20 01:38:34 [INFO] [lib.training._xgboost_pretrained:912] Saved XGBoost model to /gpfs/accounts/si670f25_class_root/si670f25_class/santoshd/fvc/data/stage5/xgboost_r2plus1d/fold_3
2025-12-20 01:38:34 [INFO] [lib.training.pipeline:683] Saved XGBoost model to /gpfs/accounts/si670f25_class_root/si670f25_class/santoshd/fvc/data/stage5/xgboost_r2plus1d/fold_3
2025-12-20 01:38:34 [INFO] [lib.utils.duckdb_analytics:47] DuckDB analytics initialized
2025-12-20 01:38:34 [INFO] [lib.utils.duckdb_analytics:253] DuckDB connection closed
2025-12-20 01:38:35 [INFO] [lib.training.visualization:486] Generated fold 3 plots: ROC/PR curves and confusion matrix
2025-12-20 01:38:36 [INFO] [lib.training.pipeline:2194] 
Hyperparameter Search - xgboost_r2plus1d - Fold 4/5 (10.0% sample)
2025-12-20 01:38:36 [INFO] [lib.training.pipeline:586] Training XGBoost model xgboost_r2plus1d on fold 4...
2025-12-20 01:38:36 [INFO] [lib.training._xgboost_pretrained:704] Training XGBoost on features from r2plus1d...
2025-12-20 01:38:36 [INFO] [lib.training._xgboost_pretrained:705] Processing 262 videos...
2025-12-20 01:38:36 [INFO] [lib.training._xgboost_pretrained:590] Loading pretrained model: r2plus1d (num_frames=400)
2025-12-20 01:38:36 [INFO] [lib.training.r2plus1d:71] ✓ Verified R(2+1)D model structure: VideoResNet
2025-12-20 01:38:36 [INFO] [lib.training._xgboost_pretrained:605] Loaded r2plus1d model to GPU, cleared cache
2025-12-20 01:38:37 [INFO] [lib.training._xgboost_pretrained:672] Extracting features using r2plus1d (num_frames=400)...
2025-12-20 01:38:37 [INFO] [lib.training._xgboost_pretrained:101] Applied PyTorch memory optimizations for feature extraction
2025-12-20 01:55:29 [INFO] [lib.training._xgboost_pretrained:478] Extracted features shape: (262, 2432)
2025-12-20 01:55:29 [INFO] [lib.training._xgboost_pretrained:690] Cleared r2plus1d model from GPU after feature extraction
2025-12-20 01:55:30 [INFO] [lib.training._xgboost_pretrained:728] Removing collinear features...
2025-12-20 01:55:30 [INFO] [lib.training.feature_preprocessing:77] Removed 0 features with zero variance
2025-12-20 01:55:30 [INFO] [lib.training.feature_preprocessing:141] Removed 506 collinear features (correlation >= 0.95)
2025-12-20 01:55:30 [INFO] [lib.training.feature_preprocessing:162] Final feature count: 1926/2432 (79.2% retained)
2025-12-20 01:55:30 [INFO] [lib.training._xgboost_pretrained:735] Using 1926 features after collinearity removal
2025-12-20 01:55:30 [INFO] [lib.training._xgboost_pretrained:751] Class distribution: Class 0=128, Class 1=134, scale_pos_weight=0.955
2025-12-20 01:55:30 [INFO] [lib.training._xgboost_pretrained:769] Training XGBoost: 209 train samples, 53 validation samples for early stopping
2025-12-20 01:55:30 [INFO] [lib.training._xgboost_pretrained:772] Training XGBoost with improved architecture (multi-layer + temporal pooling + class weights + early stopping)...
2025-12-20 01:55:32 [INFO] [lib.training._xgboost_pretrained:838] Early stopping: Best iteration = 25 (out of 200)
2025-12-20 01:55:32 [INFO] [lib.training._xgboost_pretrained:844] ✓ XGBoost trained on pretrained model features with enhanced feature extraction
2025-12-20 01:55:32 [INFO] [lib.training._xgboost_pretrained:590] Loading pretrained model: r2plus1d (num_frames=400)
2025-12-20 01:55:33 [INFO] [lib.training.r2plus1d:71] ✓ Verified R(2+1)D model structure: VideoResNet
2025-12-20 01:55:33 [INFO] [lib.training._xgboost_pretrained:605] Loaded r2plus1d model to GPU, cleared cache
2025-12-20 01:55:33 [INFO] [lib.training._xgboost_pretrained:672] Extracting features using r2plus1d (num_frames=400)...
2025-12-20 01:55:33 [INFO] [lib.training._xgboost_pretrained:101] Applied PyTorch memory optimizations for feature extraction
2025-12-20 01:59:53 [INFO] [lib.training._xgboost_pretrained:478] Extracted features shape: (65, 2432)
2025-12-20 01:59:53 [INFO] [lib.training._xgboost_pretrained:690] Cleared r2plus1d model from GPU after feature extraction
2025-12-20 01:59:53 [INFO] [lib.training.pipeline:667] Fold 4 - Val Loss: 0.5980, Val Acc: 0.6615, Val F1: 0.6667, Val Precision: 0.6667, Val Recall: 0.6667
2025-12-20 01:59:53 [INFO] [lib.training.pipeline:672]   Class 0 - Precision: 0.6562, Recall: 0.6562, F1: 0.6562
2025-12-20 01:59:53 [INFO] [lib.training.pipeline:676]   Class 1 - Precision: 0.6667, Recall: 0.6667, F1: 0.6667
2025-12-20 01:59:53 [INFO] [lib.training._xgboost_pretrained:912] Saved XGBoost model to /gpfs/accounts/si670f25_class_root/si670f25_class/santoshd/fvc/data/stage5/xgboost_r2plus1d/fold_4
2025-12-20 01:59:53 [INFO] [lib.training.pipeline:683] Saved XGBoost model to /gpfs/accounts/si670f25_class_root/si670f25_class/santoshd/fvc/data/stage5/xgboost_r2plus1d/fold_4
2025-12-20 01:59:53 [INFO] [lib.utils.duckdb_analytics:47] DuckDB analytics initialized
2025-12-20 01:59:53 [INFO] [lib.utils.duckdb_analytics:253] DuckDB connection closed
2025-12-20 01:59:55 [INFO] [lib.training.visualization:486] Generated fold 4 plots: ROC/PR curves and confusion matrix
2025-12-20 01:59:55 [INFO] [lib.training.pipeline:2194] 
Hyperparameter Search - xgboost_r2plus1d - Fold 5/5 (10.0% sample)
2025-12-20 01:59:55 [INFO] [lib.training.pipeline:586] Training XGBoost model xgboost_r2plus1d on fold 5...
2025-12-20 01:59:55 [INFO] [lib.training._xgboost_pretrained:704] Training XGBoost on features from r2plus1d...
2025-12-20 01:59:55 [INFO] [lib.training._xgboost_pretrained:705] Processing 262 videos...
2025-12-20 01:59:55 [INFO] [lib.training._xgboost_pretrained:590] Loading pretrained model: r2plus1d (num_frames=400)
2025-12-20 01:59:56 [INFO] [lib.training.r2plus1d:71] ✓ Verified R(2+1)D model structure: VideoResNet
2025-12-20 01:59:56 [INFO] [lib.training._xgboost_pretrained:605] Loaded r2plus1d model to GPU, cleared cache
2025-12-20 01:59:56 [INFO] [lib.training._xgboost_pretrained:672] Extracting features using r2plus1d (num_frames=400)...
2025-12-20 01:59:56 [INFO] [lib.training._xgboost_pretrained:101] Applied PyTorch memory optimizations for feature extraction
2025-12-20 02:17:22 [INFO] [lib.training._xgboost_pretrained:478] Extracted features shape: (262, 2432)
2025-12-20 02:17:22 [INFO] [lib.training._xgboost_pretrained:690] Cleared r2plus1d model from GPU after feature extraction
2025-12-20 02:17:22 [INFO] [lib.training._xgboost_pretrained:728] Removing collinear features...
2025-12-20 02:17:22 [INFO] [lib.training.feature_preprocessing:77] Removed 0 features with zero variance
2025-12-20 02:17:23 [INFO] [lib.training.feature_preprocessing:141] Removed 506 collinear features (correlation >= 0.95)
2025-12-20 02:17:23 [INFO] [lib.training.feature_preprocessing:162] Final feature count: 1926/2432 (79.2% retained)
2025-12-20 02:17:23 [INFO] [lib.training._xgboost_pretrained:735] Using 1926 features after collinearity removal
2025-12-20 02:17:23 [INFO] [lib.training._xgboost_pretrained:751] Class distribution: Class 0=128, Class 1=134, scale_pos_weight=0.955
2025-12-20 02:17:23 [INFO] [lib.training._xgboost_pretrained:769] Training XGBoost: 209 train samples, 53 validation samples for early stopping
2025-12-20 02:17:23 [INFO] [lib.training._xgboost_pretrained:772] Training XGBoost with improved architecture (multi-layer + temporal pooling + class weights + early stopping)...
2025-12-20 02:17:27 [INFO] [lib.training._xgboost_pretrained:838] Early stopping: Best iteration = 106 (out of 200)
2025-12-20 02:17:27 [INFO] [lib.training._xgboost_pretrained:844] ✓ XGBoost trained on pretrained model features with enhanced feature extraction
2025-12-20 02:17:27 [INFO] [lib.training._xgboost_pretrained:590] Loading pretrained model: r2plus1d (num_frames=400)
2025-12-20 02:17:27 [INFO] [lib.training.r2plus1d:71] ✓ Verified R(2+1)D model structure: VideoResNet
2025-12-20 02:17:27 [INFO] [lib.training._xgboost_pretrained:605] Loaded r2plus1d model to GPU, cleared cache
2025-12-20 02:17:28 [INFO] [lib.training._xgboost_pretrained:672] Extracting features using r2plus1d (num_frames=400)...
2025-12-20 02:17:28 [INFO] [lib.training._xgboost_pretrained:101] Applied PyTorch memory optimizations for feature extraction
2025-12-20 02:21:24 [INFO] [lib.training._xgboost_pretrained:478] Extracted features shape: (65, 2432)
2025-12-20 02:21:24 [INFO] [lib.training._xgboost_pretrained:690] Cleared r2plus1d model from GPU after feature extraction
2025-12-20 02:21:24 [INFO] [lib.training.pipeline:667] Fold 5 - Val Loss: 0.5039, Val Acc: 0.7385, Val F1: 0.7385, Val Precision: 0.7500, Val Recall: 0.7273
2025-12-20 02:21:24 [INFO] [lib.training.pipeline:672]   Class 0 - Precision: 0.7273, Recall: 0.7500, F1: 0.7385
2025-12-20 02:21:24 [INFO] [lib.training.pipeline:676]   Class 1 - Precision: 0.7500, Recall: 0.7273, F1: 0.7385
2025-12-20 02:21:24 [INFO] [lib.training._xgboost_pretrained:912] Saved XGBoost model to /gpfs/accounts/si670f25_class_root/si670f25_class/santoshd/fvc/data/stage5/xgboost_r2plus1d/fold_5
2025-12-20 02:21:24 [INFO] [lib.training.pipeline:683] Saved XGBoost model to /gpfs/accounts/si670f25_class_root/si670f25_class/santoshd/fvc/data/stage5/xgboost_r2plus1d/fold_5
2025-12-20 02:21:24 [INFO] [lib.utils.duckdb_analytics:47] DuckDB analytics initialized
2025-12-20 02:21:24 [INFO] [lib.utils.duckdb_analytics:253] DuckDB connection closed
2025-12-20 02:21:26 [INFO] [lib.training.visualization:486] Generated fold 5 plots: ROC/PR curves and confusion matrix
2025-12-20 02:21:26 [INFO] [lib.training.pipeline:2355] Parameter combination 1 - Mean F1: 0.7175, Mean Acc: 0.7155
2025-12-20 02:21:26 [INFO] [lib.training.pipeline:2367] Using single parameter combination: {'n_estimators': 100, 'max_depth': 5, 'learning_rate': 0.1, 'subsample': 0.8, 'colsample_bytree': 0.8}
2025-12-20 02:21:26 [INFO] [lib.training.pipeline:2370] ================================================================================
2025-12-20 02:21:26 [INFO] [lib.training.pipeline:2371] FINAL TRAINING: Using full dataset with best hyperparameters
2025-12-20 02:21:26 [INFO] [lib.training.pipeline:2372] ================================================================================
2025-12-20 02:21:26 [INFO] [lib.training.pipeline:2404] Final training: Using 5-fold stratified cross-validation on train+val dataset (3277 rows)
2025-12-20 02:21:26 [INFO] [lib.training.pipeline:2412] Final training using best hyperparameters: {'n_estimators': 100, 'max_depth': 5, 'learning_rate': 0.1, 'subsample': 0.8, 'colsample_bytree': 0.8}
2025-12-20 02:21:26 [INFO] [lib.training.pipeline:2418] 
Final Training - xgboost_r2plus1d - Fold 1/5 (full dataset)
2025-12-20 02:21:26 [INFO] [lib.training.pipeline:2426] Deleted existing final training fold 1 directory (clean mode)
2025-12-20 02:21:26 [INFO] [lib.training.pipeline:586] Training XGBoost model xgboost_r2plus1d on fold 1...
2025-12-20 02:21:26 [INFO] [lib.training._xgboost_pretrained:704] Training XGBoost on features from r2plus1d...
2025-12-20 02:21:26 [INFO] [lib.training._xgboost_pretrained:705] Processing 2621 videos...
2025-12-20 02:21:26 [INFO] [lib.training._xgboost_pretrained:590] Loading pretrained model: r2plus1d (num_frames=400)
2025-12-20 02:21:27 [INFO] [lib.training.r2plus1d:71] ✓ Verified R(2+1)D model structure: VideoResNet
2025-12-20 02:21:27 [INFO] [lib.training._xgboost_pretrained:605] Loaded r2plus1d model to GPU, cleared cache
2025-12-20 02:21:27 [INFO] [lib.training._xgboost_pretrained:672] Extracting features using r2plus1d (num_frames=400)...
2025-12-20 02:21:27 [INFO] [lib.training._xgboost_pretrained:101] Applied PyTorch memory optimizations for feature extraction
2025-12-20 05:14:28 [INFO] [lib.training._xgboost_pretrained:478] Extracted features shape: (2621, 2432)
2025-12-20 05:14:28 [INFO] [lib.training._xgboost_pretrained:690] Cleared r2plus1d model from GPU after feature extraction
2025-12-20 05:14:28 [INFO] [lib.training._xgboost_pretrained:728] Removing collinear features...
2025-12-20 05:14:28 [INFO] [lib.training.feature_preprocessing:77] Removed 0 features with zero variance
2025-12-20 05:14:29 [INFO] [lib.training.feature_preprocessing:141] Removed 508 collinear features (correlation >= 0.95)
2025-12-20 05:14:29 [INFO] [lib.training.feature_preprocessing:162] Final feature count: 1924/2432 (79.1% retained)
2025-12-20 05:14:29 [INFO] [lib.training._xgboost_pretrained:735] Using 1924 features after collinearity removal
2025-12-20 05:14:29 [INFO] [lib.training._xgboost_pretrained:751] Class distribution: Class 0=1284, Class 1=1337, scale_pos_weight=0.960
2025-12-20 05:14:29 [INFO] [lib.training._xgboost_pretrained:769] Training XGBoost: 2096 train samples, 525 validation samples for early stopping
2025-12-20 05:14:29 [INFO] [lib.training._xgboost_pretrained:772] Training XGBoost with improved architecture (multi-layer + temporal pooling + class weights + early stopping)...
2025-12-20 05:15:10 [INFO] [lib.training._xgboost_pretrained:838] Early stopping: Best iteration = 200 (out of 200)
2025-12-20 05:15:10 [INFO] [lib.training._xgboost_pretrained:844] ✓ XGBoost trained on pretrained model features with enhanced feature extraction
2025-12-20 05:15:10 [INFO] [lib.training._xgboost_pretrained:590] Loading pretrained model: r2plus1d (num_frames=400)
2025-12-20 05:15:11 [INFO] [lib.training.r2plus1d:71] ✓ Verified R(2+1)D model structure: VideoResNet
2025-12-20 05:15:11 [INFO] [lib.training._xgboost_pretrained:605] Loaded r2plus1d model to GPU, cleared cache
2025-12-20 05:15:11 [INFO] [lib.training._xgboost_pretrained:672] Extracting features using r2plus1d (num_frames=400)...
2025-12-20 05:15:11 [INFO] [lib.training._xgboost_pretrained:101] Applied PyTorch memory optimizations for feature extraction
2025-12-20 05:55:49 [INFO] [lib.training._xgboost_pretrained:478] Extracted features shape: (656, 2432)
2025-12-20 05:55:50 [INFO] [lib.training._xgboost_pretrained:690] Cleared r2plus1d model from GPU after feature extraction
2025-12-20 05:55:50 [INFO] [lib.training.pipeline:667] Fold 1 - Val Loss: 0.1190, Val Acc: 0.9726, Val F1: 0.9731, Val Precision: 0.9731, Val Recall: 0.9731
2025-12-20 05:55:50 [INFO] [lib.training._xgboost_pretrained:912] Saved XGBoost model to /gpfs/accounts/si670f25_class_root/si670f25_class/santoshd/fvc/data/stage5/xgboost_r2plus1d/fold_1
2025-12-20 05:55:50 [INFO] [lib.training.pipeline:683] Saved XGBoost model to /gpfs/accounts/si670f25_class_root/si670f25_class/santoshd/fvc/data/stage5/xgboost_r2plus1d/fold_1
2025-12-20 05:55:50 [INFO] [lib.utils.duckdb_analytics:47] DuckDB analytics initialized
2025-12-20 05:55:50 [INFO] [lib.utils.duckdb_analytics:253] DuckDB connection closed
2025-12-20 05:55:51 [INFO] [lib.training.visualization:486] Generated fold 1 plots: ROC/PR curves and confusion matrix
2025-12-20 05:55:52 [INFO] [lib.training.pipeline:2418] 
Final Training - xgboost_r2plus1d - Fold 2/5 (full dataset)
2025-12-20 05:55:52 [INFO] [lib.training.pipeline:2426] Deleted existing final training fold 2 directory (clean mode)
2025-12-20 05:55:52 [INFO] [lib.training.pipeline:586] Training XGBoost model xgboost_r2plus1d on fold 2...
2025-12-20 05:55:52 [INFO] [lib.training._xgboost_pretrained:704] Training XGBoost on features from r2plus1d...
2025-12-20 05:55:52 [INFO] [lib.training._xgboost_pretrained:705] Processing 2621 videos...
2025-12-20 05:55:52 [INFO] [lib.training._xgboost_pretrained:590] Loading pretrained model: r2plus1d (num_frames=400)
2025-12-20 05:55:52 [INFO] [lib.training.r2plus1d:71] ✓ Verified R(2+1)D model structure: VideoResNet
2025-12-20 05:55:52 [INFO] [lib.training._xgboost_pretrained:605] Loaded r2plus1d model to GPU, cleared cache
2025-12-20 05:55:53 [INFO] [lib.training._xgboost_pretrained:672] Extracting features using r2plus1d (num_frames=400)...
2025-12-20 05:55:53 [INFO] [lib.training._xgboost_pretrained:101] Applied PyTorch memory optimizations for feature extraction
